[ 2017-07-18T13:30:28+08:00 ] 127.0.0.1 /MyJDShop/index.php/admin
INFO: [ app_init ] --START--
INFO: Run Behavior\BuildLiteBehavior [ RunTime:0.000015s ]
INFO: [ app_init ] --END-- [ RunTime:0.000451s ]
INFO: [ app_begin ] --START--
INFO: Run Behavior\ReadHtmlCacheBehavior [ RunTime:0.000629s ]
INFO: [ app_begin ] --END-- [ RunTime:0.000670s ]

[ 2017-07-18T13:30:28+08:00 ] 127.0.0.1 /MyJDShop/index.php/Admin/Login/login.html
INFO: [ app_init ] --START--
INFO: Run Behavior\BuildLiteBehavior [ RunTime:0.000013s ]
INFO: [ app_init ] --END-- [ RunTime:0.000457s ]
INFO: [ app_begin ] --START--
INFO: Run Behavior\ReadHtmlCacheBehavior [ RunTime:0.000647s ]
INFO: [ app_begin ] --END-- [ RunTime:0.000692s ]
INFO: [ view_parse ] --START--
INFO: [ template_filter ] --START--
INFO: Run Behavior\ContentReplaceBehavior [ RunTime:0.000045s ]
INFO: [ template_filter ] --END-- [ RunTime:0.000084s ]
NOTIC: [8] Undefined variable: info E:\PHP\www\MyJDShop\Application\Runtime\Cache\Admin\0dfec61edd66f450033aa87c28a760f4.php 第 39 行.
NOTIC: [8] Undefined variable: info E:\PHP\www\MyJDShop\Application\Runtime\Cache\Admin\0dfec61edd66f450033aa87c28a760f4.php 第 39 行.
NOTIC: [8] Undefined variable: info E:\PHP\www\MyJDShop\Application\Runtime\Cache\Admin\0dfec61edd66f450033aa87c28a760f4.php 第 39 行.
NOTIC: [8] Undefined variable: value E:\PHP\www\MyJDShop\Application\Runtime\Cache\Admin\0dfec61edd66f450033aa87c28a760f4.php 第 45 行.
NOTIC: [8] Undefined variable: value E:\PHP\www\MyJDShop\Application\Runtime\Cache\Admin\0dfec61edd66f450033aa87c28a760f4.php 第 49 行.
INFO: Run Behavior\ParseTemplateBehavior [ RunTime:0.007713s ]
INFO: [ view_parse ] --END-- [ RunTime:0.007753s ]
INFO: [ view_filter ] --START--
INFO: Run Behavior\WriteHtmlCacheBehavior [ RunTime:0.000404s ]
INFO: [ view_filter ] --END-- [ RunTime:0.000434s ]
INFO: [ app_end ] --START--
INFO: Run Behavior\ShowPageTraceBehavior [ RunTime:0.000601s ]
INFO: [ app_end ] --END-- [ RunTime:0.000632s ]

[ 2017-07-18T13:30:28+08:00 ] 127.0.0.1 /MyJDShop/index.php/Admin/Login/showCode
INFO: [ app_init ] --START--
INFO: Run Behavior\BuildLiteBehavior [ RunTime:0.000012s ]
INFO: [ app_init ] --END-- [ RunTime:0.000390s ]
INFO: [ app_begin ] --START--
INFO: Run Behavior\ReadHtmlCacheBehavior [ RunTime:0.000632s ]
INFO: [ app_begin ] --END-- [ RunTime:0.000673s ]
INFO: [ app_end ] --START--
INFO: Run Behavior\ShowPageTraceBehavior [ RunTime:0.000646s ]
INFO: [ app_end ] --END-- [ RunTime:0.000693s ]

[ 2017-07-18T13:30:37+08:00 ] 127.0.0.1 /MyJDShop/index.php/Admin/Login/login
INFO: [ app_init ] --START--
INFO: Run Behavior\BuildLiteBehavior [ RunTime:0.000018s ]
INFO: [ app_init ] --END-- [ RunTime:0.000653s ]
INFO: [ app_begin ] --START--
INFO: Run Behavior\ReadHtmlCacheBehavior [ RunTime:0.001148s ]
INFO: [ app_begin ] --END-- [ RunTime:0.001215s ]
SQL: SHOW COLUMNS FROM `admin` [ RunTime:0.0063s ]
NOTIC: [8] Undefined index: validate E:\PHP\www\MyJDShop\ThinkPHP\Library\Think\Model.class.php 第 1185 行.
SQL: SELECT * FROM `admin` WHERE ( username='admin' ) LIMIT 1   [ RunTime:0.0003s ]
SQL: SELECT * FROM `admin` WHERE ( password='e10adc3949ba59abbe56e057f20f883e' ) LIMIT 1   [ RunTime:0.0002s ]
INFO: [ view_parse ] --START--
INFO: [ template_filter ] --START--
INFO: Run Behavior\ContentReplaceBehavior [ RunTime:0.000049s ]
INFO: [ template_filter ] --END-- [ RunTime:0.000091s ]
NOTIC: [8] Undefined index: username E:\PHP\www\MyJDShop\Application\Runtime\Cache\Admin\0dfec61edd66f450033aa87c28a760f4.php 第 39 行.
NOTIC: [8] Undefined index: password E:\PHP\www\MyJDShop\Application\Runtime\Cache\Admin\0dfec61edd66f450033aa87c28a760f4.php 第 39 行.
INFO: Run Behavior\ParseTemplateBehavior [ RunTime:0.008304s ]
INFO: [ view_parse ] --END-- [ RunTime:0.008354s ]
INFO: [ view_filter ] --START--
INFO: Run Behavior\WriteHtmlCacheBehavior [ RunTime:0.000460s ]
INFO: [ view_filter ] --END-- [ RunTime:0.000492s ]
INFO: [ app_end ] --START--
INFO: Run Behavior\ShowPageTraceBehavior [ RunTime:0.000677s ]
INFO: [ app_end ] --END-- [ RunTime:0.000711s ]

[ 2017-07-18T13:30:37+08:00 ] 127.0.0.1 /MyJDShop/index.php/Admin/Login/showCode
INFO: [ app_init ] --START--
INFO: Run Behavior\BuildLiteBehavior [ RunTime:0.000027s ]
INFO: [ app_init ] --END-- [ RunTime:0.000693s ]
INFO: [ app_begin ] --START--
INFO: Run Behavior\ReadHtmlCacheBehavior [ RunTime:0.000879s ]
INFO: [ app_begin ] --END-- [ RunTime:0.000947s ]
INFO: [ app_end ] --START--
INFO: Run Behavior\ShowPageTraceBehavior [ RunTime:0.000771s ]
INFO: [ app_end ] --END-- [ RunTime:0.000821s ]

[ 2017-07-18T13:30:54+08:00 ] 127.0.0.1 /MyJDShop/index.php/Admin/Login/login
INFO: [ app_init ] --START--
INFO: Run Behavior\BuildLiteBehavior [ RunTime:0.000019s ]
INFO: [ app_init ] --END-- [ RunTime:0.000810s ]
INFO: [ app_begin ] --START--
INFO: Run Behavior\ReadHtmlCacheBehavior [ RunTime:0.001229s ]
INFO: [ app_begin ] --END-- [ RunTime:0.001302s ]
SQL: SHOW COLUMNS FROM `admin` [ RunTime:0.0093s ]
NOTIC: [8] Undefined index: validate E:\PHP\www\MyJDShop\ThinkPHP\Library\Think\Model.class.php 第 1185 行.
SQL: SELECT * FROM `admin` WHERE ( username='admin' ) LIMIT 1   [ RunTime:0.0003s ]
SQL: SELECT * FROM `admin` WHERE ( password='e10adc3949ba59abbe56e057f20f883e' ) LIMIT 1   [ RunTime:0.0002s ]
NOTIC: [8] Undefined index: auto E:\PHP\www\MyJDShop\ThinkPHP\Library\Think\Model.class.php 第 1128 行.
SQL: SELECT * FROM `admin` WHERE ( username='admin' and password='e10adc3949ba59abbe56e057f20f883e' ) LIMIT 1   [ RunTime:0.0002s ]
SQL: update admin set loginnum=loginnum+1 where aid=1 [ RunTime:0.0008s ]
INFO: [ view_parse ] --START--
INFO: [ template_filter ] --START--
INFO: Run Behavior\ContentReplaceBehavior [ RunTime:0.000039s ]
INFO: [ template_filter ] --END-- [ RunTime:0.000090s ]
INFO: Run Behavior\ParseTemplateBehavior [ RunTime:0.009596s ]
INFO: [ view_parse ] --END-- [ RunTime:0.009660s ]
INFO: [ view_filter ] --START--
INFO: Run Behavior\WriteHtmlCacheBehavior [ RunTime:0.000731s ]
INFO: [ view_filter ] --END-- [ RunTime:0.000779s ]

[ 2017-07-18T13:30:55+08:00 ] 127.0.0.1 /MyJDShop/index.php/Admin/Index/index.html
INFO: [ app_init ] --START--
INFO: Run Behavior\BuildLiteBehavior [ RunTime:0.000012s ]
INFO: [ app_init ] --END-- [ RunTime:0.000410s ]
INFO: [ app_begin ] --START--
INFO: Run Behavior\ReadHtmlCacheBehavior [ RunTime:0.000802s ]
INFO: [ app_begin ] --END-- [ RunTime:0.000848s ]
INFO: [ view_parse ] --START--
INFO: [ template_filter ] --START--
INFO: Run Behavior\ContentReplaceBehavior [ RunTime:0.000035s ]
INFO: [ template_filter ] --END-- [ RunTime:0.000085s ]
INFO: Run Behavior\ParseTemplateBehavior [ RunTime:0.008126s ]
INFO: [ view_parse ] --END-- [ RunTime:0.008174s ]
INFO: [ view_filter ] --START--
INFO: Run Behavior\WriteHtmlCacheBehavior [ RunTime:0.000547s ]
INFO: [ view_filter ] --END-- [ RunTime:0.000583s ]
INFO: [ app_end ] --START--
INFO: Run Behavior\ShowPageTraceBehavior [ RunTime:0.000789s ]
INFO: [ app_end ] --END-- [ RunTime:0.000827s ]

[ 2017-07-18T13:30:55+08:00 ] 127.0.0.1 /MyJDShop/index.php/Admin/Index/head
INFO: [ app_init ] --START--
INFO: Run Behavior\BuildLiteBehavior [ RunTime:0.000012s ]
INFO: [ app_init ] --END-- [ RunTime:0.000449s ]
INFO: [ app_begin ] --START--
INFO: Run Behavior\ReadHtmlCacheBehavior [ RunTime:0.000710s ]
INFO: [ app_begin ] --END-- [ RunTime:0.000750s ]
INFO: [ view_parse ] --START--
INFO: [ template_filter ] --START--
INFO: Run Behavior\ContentReplaceBehavior [ RunTime:0.000034s ]
INFO: [ template_filter ] --END-- [ RunTime:0.000082s ]
INFO: Run Behavior\ParseTemplateBehavior [ RunTime:0.007318s ]
INFO: [ view_parse ] --END-- [ RunTime:0.007373s ]
INFO: [ view_filter ] --START--
INFO: Run Behavior\WriteHtmlCacheBehavior [ RunTime:0.000549s ]
INFO: [ view_filter ] --END-- [ RunTime:0.000585s ]
INFO: [ app_end ] --START--
INFO: Run Behavior\ShowPageTraceBehavior [ RunTime:0.000752s ]
INFO: [ app_end ] --END-- [ RunTime:0.000788s ]

[ 2017-07-18T13:30:55+08:00 ] 127.0.0.1 /MyJDShop/index.php/Admin/Index/left
INFO: [ app_init ] --START--
INFO: Run Behavior\BuildLiteBehavior [ RunTime:0.000009s ]
INFO: [ app_init ] --END-- [ RunTime:0.000390s ]
INFO: [ app_begin ] --START--
INFO: Run Behavior\ReadHtmlCacheBehavior [ RunTime:0.000659s ]
INFO: [ app_begin ] --END-- [ RunTime:0.000711s ]
INFO: [ view_parse ] --START--
INFO: [ template_filter ] --START--
INFO: Run Behavior\ContentReplaceBehavior [ RunTime:0.000109s ]
INFO: [ template_filter ] --END-- [ RunTime:0.000159s ]
INFO: Run Behavior\ParseTemplateBehavior [ RunTime:0.010938s ]
INFO: [ view_parse ] --END-- [ RunTime:0.010995s ]
INFO: [ view_filter ] --START--
INFO: Run Behavior\WriteHtmlCacheBehavior [ RunTime:0.000396s ]
INFO: [ view_filter ] --END-- [ RunTime:0.000429s ]
INFO: [ app_end ] --START--
INFO: Run Behavior\ShowPageTraceBehavior [ RunTime:0.000564s ]
INFO: [ app_end ] --END-- [ RunTime:0.000606s ]

[ 2017-07-18T13:30:55+08:00 ] 127.0.0.1 /MyJDShop/index.php/Admin/Index/right
INFO: [ app_init ] --START--
INFO: Run Behavior\BuildLiteBehavior [ RunTime:0.000011s ]
INFO: [ app_init ] --END-- [ RunTime:0.000382s ]
INFO: [ app_begin ] --START--
INFO: Run Behavior\ReadHtmlCacheBehavior [ RunTime:0.000898s ]
INFO: [ app_begin ] --END-- [ RunTime:0.000948s ]
SQL: SHOW COLUMNS FROM `admin` [ RunTime:0.0064s ]
SQL: SELECT * FROM `admin` WHERE ( aid=1 ) LIMIT 1   [ RunTime:0.0002s ]
INFO: [ view_parse ] --START--
INFO: [ template_filter ] --START--
INFO: Run Behavior\ContentReplaceBehavior [ RunTime:0.000042s ]
INFO: [ template_filter ] --END-- [ RunTime:0.000084s ]
INFO: Run Behavior\ParseTemplateBehavior [ RunTime:0.007927s ]
INFO: [ view_parse ] --END-- [ RunTime:0.007983s ]
INFO: [ view_filter ] --START--
INFO: Run Behavior\WriteHtmlCacheBehavior [ RunTime:0.000493s ]
INFO: [ view_filter ] --END-- [ RunTime:0.000526s ]
INFO: [ app_end ] --START--
INFO: Run Behavior\ShowPageTraceBehavior [ RunTime:0.000702s ]
INFO: [ app_end ] --END-- [ RunTime:0.000739s ]

[ 2017-07-18T13:31:03+08:00 ] 127.0.0.1 /MyJDShop/index.php/Admin/Product/addProduct
INFO: [ app_init ] --START--
INFO: Run Behavior\BuildLiteBehavior [ RunTime:0.000011s ]
INFO: [ app_init ] --END-- [ RunTime:0.000364s ]
INFO: [ app_begin ] --START--
INFO: Run Behavior\ReadHtmlCacheBehavior [ RunTime:0.000599s ]
INFO: [ app_begin ] --END-- [ RunTime:0.000637s ]
SQL: SHOW COLUMNS FROM `goodstypes` [ RunTime:0.0063s ]
SQL: SHOW COLUMNS FROM `brand` [ RunTime:0.0097s ]
SQL: SHOW COLUMNS FROM `product` [ RunTime:0.0065s ]
SQL: SHOW COLUMNS FROM `productimage` [ RunTime:0.0059s ]
SQL: SELECT * FROM `goodstypes` WHERE ( fid=0 )  [ RunTime:0.0002s ]
SQL: SELECT * FROM `goodstypes` WHERE ( fid=1 )  [ RunTime:0.0002s ]
SQL: SELECT * FROM `goodstypes` WHERE ( fid=2 )  [ RunTime:0.0002s ]
SQL: SELECT * FROM `goodstypes` WHERE ( fid=3 )  [ RunTime:0.0001s ]
SQL: SELECT * FROM `goodstypes` WHERE ( fid=7 )  [ RunTime:0.0001s ]
SQL: SELECT * FROM `goodstypes` WHERE ( fid=29 )  [ RunTime:0.0001s ]
SQL: SELECT * FROM `goodstypes` WHERE ( fid=33 )  [ RunTime:0.0001s ]
SQL: SELECT * FROM `goodstypes` WHERE ( fid=34 )  [ RunTime:0.0001s ]
SQL: SELECT * FROM `goodstypes` WHERE ( fid=35 )  [ RunTime:0.0001s ]
SQL: SELECT * FROM `goodstypes` WHERE ( fid=4 )  [ RunTime:0.0001s ]
SQL: SELECT * FROM `goodstypes` WHERE ( fid=5 )  [ RunTime:0.0001s ]
SQL: SELECT * FROM `goodstypes` WHERE ( fid=6 )  [ RunTime:0.0001s ]
SQL: SELECT * FROM `goodstypes` WHERE ( fid=8 )  [ RunTime:0.0001s ]
SQL: SELECT * FROM `goodstypes` WHERE ( fid=9 )  [ RunTime:0.0002s ]
SQL: SELECT * FROM `goodstypes` WHERE ( fid=10 )  [ RunTime:0.0002s ]
SQL: SELECT * FROM `goodstypes` WHERE ( fid=11 )  [ RunTime:0.0002s ]
SQL: SELECT * FROM `goodstypes` WHERE ( fid=13 )  [ RunTime:0.0002s ]
SQL: SELECT * FROM `goodstypes` WHERE ( fid=12 )  [ RunTime:0.0001s ]
SQL: SELECT * FROM `goodstypes` WHERE ( fid=14 )  [ RunTime:0.0002s ]
SQL: SELECT * FROM `brand`  [ RunTime:0.0002s ]
INFO: [ view_parse ] --START--
INFO: [ template_filter ] --START--
INFO: Run Behavior\ContentReplaceBehavior [ RunTime:0.000048s ]
INFO: [ template_filter ] --END-- [ RunTime:0.000087s ]
NOTIC: [8] Undefined variable: post E:\PHP\www\MyJDShop\Application\Runtime\Cache\Admin\91c9a7d4c9408596e252c629f6ecf905.php 第 62 行.
NOTIC: [8] Undefined variable: info E:\PHP\www\MyJDShop\Application\Runtime\Cache\Admin\91c9a7d4c9408596e252c629f6ecf905.php 第 62 行.
NOTIC: [8] Undefined variable: post E:\PHP\www\MyJDShop\Application\Runtime\Cache\Admin\91c9a7d4c9408596e252c629f6ecf905.php 第 93 行.
NOTIC: [8] Undefined variable: info E:\PHP\www\MyJDShop\Application\Runtime\Cache\Admin\91c9a7d4c9408596e252c629f6ecf905.php 第 93 行.
NOTIC: [8] Undefined variable: post E:\PHP\www\MyJDShop\Application\Runtime\Cache\Admin\91c9a7d4c9408596e252c629f6ecf905.php 第 97 行.
NOTIC: [8] Undefined variable: info E:\PHP\www\MyJDShop\Application\Runtime\Cache\Admin\91c9a7d4c9408596e252c629f6ecf905.php 第 97 行.
NOTIC: [8] Undefined variable: post E:\PHP\www\MyJDShop\Application\Runtime\Cache\Admin\91c9a7d4c9408596e252c629f6ecf905.php 第 101 行.
NOTIC: [8] Undefined variable: info E:\PHP\www\MyJDShop\Application\Runtime\Cache\Admin\91c9a7d4c9408596e252c629f6ecf905.php 第 101 行.
NOTIC: [8] Undefined variable: post E:\PHP\www\MyJDShop\Application\Runtime\Cache\Admin\91c9a7d4c9408596e252c629f6ecf905.php 第 105 行.
NOTIC: [8] Undefined variable: info E:\PHP\www\MyJDShop\Application\Runtime\Cache\Admin\91c9a7d4c9408596e252c629f6ecf905.php 第 105 行.
NOTIC: [8] Undefined variable: post E:\PHP\www\MyJDShop\Application\Runtime\Cache\Admin\91c9a7d4c9408596e252c629f6ecf905.php 第 109 行.
NOTIC: [8] Undefined variable: info E:\PHP\www\MyJDShop\Application\Runtime\Cache\Admin\91c9a7d4c9408596e252c629f6ecf905.php 第 109 行.
NOTIC: [8] Undefined variable: info E:\PHP\www\MyJDShop\Application\Runtime\Cache\Admin\91c9a7d4c9408596e252c629f6ecf905.php 第 117 行.
NOTIC: [8] Undefined variable: info E:\PHP\www\MyJDShop\Application\Runtime\Cache\Admin\91c9a7d4c9408596e252c629f6ecf905.php 第 118 行.
NOTIC: [8] Undefined variable: info E:\PHP\www\MyJDShop\Application\Runtime\Cache\Admin\91c9a7d4c9408596e252c629f6ecf905.php 第 123 行.
NOTIC: [8] Undefined variable: info E:\PHP\www\MyJDShop\Application\Runtime\Cache\Admin\91c9a7d4c9408596e252c629f6ecf905.php 第 124 行.
INFO: Run Behavior\ParseTemplateBehavior [ RunTime:0.009164s ]
INFO: [ view_parse ] --END-- [ RunTime:0.009201s ]
INFO: [ view_filter ] --START--
INFO: Run Behavior\WriteHtmlCacheBehavior [ RunTime:0.000397s ]
INFO: [ view_filter ] --END-- [ RunTime:0.000426s ]
INFO: [ app_end ] --START--
INFO: Run Behavior\ShowPageTraceBehavior [ RunTime:0.000688s ]
INFO: [ app_end ] --END-- [ RunTime:0.000731s ]

[ 2017-07-18T13:31:06+08:00 ] 127.0.0.1 /MyJDShop/index.php/Admin/Product/listProduct
INFO: [ app_init ] --START--
INFO: Run Behavior\BuildLiteBehavior [ RunTime:0.000012s ]
INFO: [ app_init ] --END-- [ RunTime:0.000455s ]
INFO: [ app_begin ] --START--
INFO: Run Behavior\ReadHtmlCacheBehavior [ RunTime:0.000683s ]
INFO: [ app_begin ] --END-- [ RunTime:0.000726s ]
SQL: SHOW COLUMNS FROM `product` [ RunTime:0.0063s ]
SQL: SHOW COLUMNS FROM `goodstypes` [ RunTime:0.0061s ]
SQL: SHOW COLUMNS FROM `brand` [ RunTime:0.0059s ]
SQL: SHOW COLUMNS FROM `productimage` [ RunTime:0.0062s ]
NOTIC: [8] Undefined index: search_typestr E:\PHP\www\MyJDShop\Application\Admin\Controller\ProductController.class.php 第 56 行.
NOTIC: [8] Undefined index: search_brandid E:\PHP\www\MyJDShop\Application\Admin\Controller\ProductController.class.php 第 57 行.
NOTIC: [8] Undefined index: search_name E:\PHP\www\MyJDShop\Application\Admin\Controller\ProductController.class.php 第 58 行.
SQL: SELECT COUNT(*) AS tp_count FROM `product` WHERE ( typestr like '%%' and productname like '%%' ) LIMIT 1   [ RunTime:0.0366s ]
SQL: SELECT p.*,b.brandname FROM product p INNER JOIN brand as b on b.brandid=p.brandid  WHERE ( p.typestr like '%%' and p.productname like '%%' ) ORDER BY productid desc LIMIT 0,10   [ RunTime:0.0210s ]
SQL: SHOW COLUMNS FROM `goodstypes` [ RunTime:0.0131s ]
SQL: SELECT * FROM `goodstypes` WHERE ( typeid=10 ) LIMIT 1   [ RunTime:0.0003s ]
SQL: SELECT * FROM `productimage` WHERE ( productid=9 ) LIMIT 1   [ RunTime:0.0003s ]
SQL: SELECT * FROM `goodstypes` WHERE ( typeid=4 ) LIMIT 1   [ RunTime:0.0002s ]
SQL: SELECT * FROM `productimage` WHERE ( productid=7 ) LIMIT 1   [ RunTime:0.0002s ]
SQL: SELECT * FROM `goodstypes` WHERE ( typeid=1 ) LIMIT 1   [ RunTime:0.0003s ]
SQL: SELECT * FROM `goodstypes` WHERE ( typeid=2 ) LIMIT 1   [ RunTime:0.0003s ]
SQL: SELECT * FROM `goodstypes` WHERE ( typeid=29 ) LIMIT 1   [ RunTime:0.0003s ]
SQL: SELECT * FROM `productimage` WHERE ( productid=6 ) LIMIT 1   [ RunTime:0.0004s ]
SQL: SELECT * FROM `goodstypes` WHERE ( typeid=1 ) LIMIT 1   [ RunTime:0.0004s ]
SQL: SELECT * FROM `goodstypes` WHERE ( typeid=2 ) LIMIT 1   [ RunTime:0.0004s ]
SQL: SELECT * FROM `goodstypes` WHERE ( typeid=29 ) LIMIT 1   [ RunTime:0.0004s ]
SQL: SELECT * FROM `productimage` WHERE ( productid=5 ) LIMIT 1   [ RunTime:0.0003s ]
SQL: SELECT * FROM `goodstypes` WHERE ( typeid=1 ) LIMIT 1   [ RunTime:0.0003s ]
SQL: SELECT * FROM `goodstypes` WHERE ( typeid=2 ) LIMIT 1   [ RunTime:0.0003s ]
SQL: SELECT * FROM `goodstypes` WHERE ( typeid=3 ) LIMIT 1   [ RunTime:0.0003s ]
SQL: SELECT * FROM `productimage` WHERE ( productid=4 ) LIMIT 1   [ RunTime:0.0003s ]
SQL: SELECT * FROM `goodstypes` WHERE ( typeid=1 ) LIMIT 1   [ RunTime:0.0003s ]
SQL: SELECT * FROM `goodstypes` WHERE ( typeid=2 ) LIMIT 1   [ RunTime:0.0003s ]
SQL: SELECT * FROM `goodstypes` WHERE ( typeid=3 ) LIMIT 1   [ RunTime:0.0003s ]
SQL: SELECT * FROM `productimage` WHERE ( productid=3 ) LIMIT 1   [ RunTime:0.0002s ]
SQL: SELECT * FROM `goodstypes` WHERE ( typeid=1 ) LIMIT 1   [ RunTime:0.0002s ]
SQL: SELECT * FROM `goodstypes` WHERE ( typeid=2 ) LIMIT 1   [ RunTime:0.0002s ]
SQL: SELECT * FROM `goodstypes` WHERE ( typeid=3 ) LIMIT 1   [ RunTime:0.0002s ]
SQL: SELECT * FROM `productimage` WHERE ( productid=2 ) LIMIT 1   [ RunTime:0.0002s ]
SQL: SELECT * FROM `goodstypes` WHERE ( typeid=1 ) LIMIT 1   [ RunTime:0.0002s ]
SQL: SELECT * FROM `goodstypes` WHERE ( typeid=2 ) LIMIT 1   [ RunTime:0.0004s ]
SQL: SELECT * FROM `goodstypes` WHERE ( typeid=3 ) LIMIT 1   [ RunTime:0.0004s ]
SQL: SELECT * FROM `productimage` WHERE ( productid=1 ) LIMIT 1   [ RunTime:0.0003s ]
SQL: SELECT * FROM `goodstypes` WHERE ( fid=0 )  [ RunTime:0.0004s ]
SQL: SELECT * FROM `goodstypes` WHERE ( fid=1 )  [ RunTime:0.0003s ]
SQL: SELECT * FROM `goodstypes` WHERE ( fid=2 )  [ RunTime:0.0003s ]
SQL: SELECT * FROM `goodstypes` WHERE ( fid=3 )  [ RunTime:0.0003s ]
SQL: SELECT * FROM `goodstypes` WHERE ( fid=7 )  [ RunTime:0.0003s ]
SQL: SELECT * FROM `goodstypes` WHERE ( fid=29 )  [ RunTime:0.0002s ]
SQL: SELECT * FROM `goodstypes` WHERE ( fid=33 )  [ RunTime:0.0002s ]
SQL: SELECT * FROM `goodstypes` WHERE ( fid=34 )  [ RunTime:0.0002s ]
SQL: SELECT * FROM `goodstypes` WHERE ( fid=35 )  [ RunTime:0.0002s ]
SQL: SELECT * FROM `goodstypes` WHERE ( fid=4 )  [ RunTime:0.0002s ]
SQL: SELECT * FROM `goodstypes` WHERE ( fid=5 )  [ RunTime:0.0002s ]
SQL: SELECT * FROM `goodstypes` WHERE ( fid=6 )  [ RunTime:0.0002s ]
SQL: SELECT * FROM `goodstypes` WHERE ( fid=8 )  [ RunTime:0.0002s ]
SQL: SELECT * FROM `goodstypes` WHERE ( fid=9 )  [ RunTime:0.0002s ]
SQL: SELECT * FROM `goodstypes` WHERE ( fid=10 )  [ RunTime:0.0002s ]
SQL: SELECT * FROM `goodstypes` WHERE ( fid=11 )  [ RunTime:0.0002s ]
SQL: SELECT * FROM `goodstypes` WHERE ( fid=13 )  [ RunTime:0.0002s ]
SQL: SELECT * FROM `goodstypes` WHERE ( fid=12 )  [ RunTime:0.0002s ]
SQL: SELECT * FROM `goodstypes` WHERE ( fid=14 )  [ RunTime:0.0002s ]
SQL: SELECT * FROM `brand`  [ RunTime:0.0003s ]
NOTIC: [8] Undefined index: search_name E:\PHP\www\MyJDShop\Application\Admin\Controller\ProductController.class.php 第 117 行.
INFO: [ view_parse ] --START--
INFO: [ template_filter ] --START--
INFO: Run Behavior\ContentReplaceBehavior [ RunTime:0.000092s ]
INFO: [ template_filter ] --END-- [ RunTime:0.000156s ]
NOTIC: [8] Use of undefined constant state - assumed 'state' E:\PHP\www\MyJDShop\Application\Runtime\Cache\Admin\93e0f7523886d2a47fa20aa756c0852d.php 第 130 行.
NOTIC: [8] Use of undefined constant isdel - assumed 'isdel' E:\PHP\www\MyJDShop\Application\Runtime\Cache\Admin\93e0f7523886d2a47fa20aa756c0852d.php 第 133 行.
NOTIC: [8] Use of undefined constant state - assumed 'state' E:\PHP\www\MyJDShop\Application\Runtime\Cache\Admin\93e0f7523886d2a47fa20aa756c0852d.php 第 130 行.
NOTIC: [8] Use of undefined constant isdel - assumed 'isdel' E:\PHP\www\MyJDShop\Application\Runtime\Cache\Admin\93e0f7523886d2a47fa20aa756c0852d.php 第 133 行.
NOTIC: [8] Use of undefined constant state - assumed 'state' E:\PHP\www\MyJDShop\Application\Runtime\Cache\Admin\93e0f7523886d2a47fa20aa756c0852d.php 第 130 行.
NOTIC: [8] Use of undefined constant isdel - assumed 'isdel' E:\PHP\www\MyJDShop\Application\Runtime\Cache\Admin\93e0f7523886d2a47fa20aa756c0852d.php 第 133 行.
NOTIC: [8] Use of undefined constant state - assumed 'state' E:\PHP\www\MyJDShop\Application\Runtime\Cache\Admin\93e0f7523886d2a47fa20aa756c0852d.php 第 130 行.
NOTIC: [8] Use of undefined constant isdel - assumed 'isdel' E:\PHP\www\MyJDShop\Application\Runtime\Cache\Admin\93e0f7523886d2a47fa20aa756c0852d.php 第 133 行.
NOTIC: [8] Use of undefined constant state - assumed 'state' E:\PHP\www\MyJDShop\Application\Runtime\Cache\Admin\93e0f7523886d2a47fa20aa756c0852d.php 第 130 行.
NOTIC: [8] Use of undefined constant isdel - assumed 'isdel' E:\PHP\www\MyJDShop\Application\Runtime\Cache\Admin\93e0f7523886d2a47fa20aa756c0852d.php 第 133 行.
NOTIC: [8] Use of undefined constant state - assumed 'state' E:\PHP\www\MyJDShop\Application\Runtime\Cache\Admin\93e0f7523886d2a47fa20aa756c0852d.php 第 130 行.
NOTIC: [8] Use of undefined constant isdel - assumed 'isdel' E:\PHP\www\MyJDShop\Application\Runtime\Cache\Admin\93e0f7523886d2a47fa20aa756c0852d.php 第 133 行.
NOTIC: [8] Use of undefined constant state - assumed 'state' E:\PHP\www\MyJDShop\Application\Runtime\Cache\Admin\93e0f7523886d2a47fa20aa756c0852d.php 第 130 行.
NOTIC: [8] Use of undefined constant isdel - assumed 'isdel' E:\PHP\www\MyJDShop\Application\Runtime\Cache\Admin\93e0f7523886d2a47fa20aa756c0852d.php 第 133 行.
NOTIC: [8] Use of undefined constant state - assumed 'state' E:\PHP\www\MyJDShop\Application\Runtime\Cache\Admin\93e0f7523886d2a47fa20aa756c0852d.php 第 130 行.
NOTIC: [8] Use of undefined constant isdel - assumed 'isdel' E:\PHP\www\MyJDShop\Application\Runtime\Cache\Admin\93e0f7523886d2a47fa20aa756c0852d.php 第 133 行.
INFO: Run Behavior\ParseTemplateBehavior [ RunTime:0.017176s ]
INFO: [ view_parse ] --END-- [ RunTime:0.017230s ]
INFO: [ view_filter ] --START--
INFO: Run Behavior\WriteHtmlCacheBehavior [ RunTime:0.000396s ]
INFO: [ view_filter ] --END-- [ RunTime:0.000428s ]
INFO: [ app_end ] --START--
INFO: Run Behavior\ShowPageTraceBehavior [ RunTime:0.000810s ]
INFO: [ app_end ] --END-- [ RunTime:0.000853s ]

[ 2017-07-18T13:31:06+08:00 ] 127.0.0.1 /MyJDShop/index.php/Admin/Product/ajax?typeid=&brandid=
INFO: [ app_init ] --START--
INFO: Run Behavior\BuildLiteBehavior [ RunTime:0.000013s ]
INFO: [ app_init ] --END-- [ RunTime:0.000390s ]
INFO: [ app_begin ] --START--
INFO: Run Behavior\ReadHtmlCacheBehavior [ RunTime:0.000696s ]
INFO: [ app_begin ] --END-- [ RunTime:0.000740s ]
SQL: SHOW COLUMNS FROM `brand` [ RunTime:0.0068s ]
NOTIC: [8] Undefined offset: 1 E:\PHP\www\MyJDShop\Application\Admin\Controller\ProductController.class.php 第 129 行.
ERR: 1064:You have an error in your SQL syntax; check the manual that corresponds to your MySQL server version for the right syntax to use near ')' at line 1
 [ SQL语句 ] : SELECT * FROM `brand` WHERE ( typeid= ) 
ERR: 1064:You have an error in your SQL syntax; check the manual that corresponds to your MySQL server version for the right syntax to use near ')' at line 1
 [ SQL语句 ] : SELECT * FROM `brand` WHERE ( typeid= ) 

[ 2017-07-18T13:31:12+08:00 ] 127.0.0.1 /MyJDShop/index.php/Admin/GoodsTypes/addTypes
INFO: [ app_init ] --START--
INFO: Run Behavior\BuildLiteBehavior [ RunTime:0.000029s ]
INFO: [ app_init ] --END-- [ RunTime:0.000725s ]
INFO: [ app_begin ] --START--
INFO: Run Behavior\ReadHtmlCacheBehavior [ RunTime:0.000690s ]
INFO: [ app_begin ] --END-- [ RunTime:0.000730s ]
SQL: SHOW COLUMNS FROM `goodstypes` [ RunTime:0.0060s ]
SQL: SELECT * FROM `goodstypes` WHERE ( fid=0 )  [ RunTime:0.0003s ]
SQL: SELECT * FROM `goodstypes` WHERE ( fid=1 )  [ RunTime:0.0002s ]
SQL: SELECT * FROM `goodstypes` WHERE ( fid=2 )  [ RunTime:0.0002s ]
SQL: SELECT * FROM `goodstypes` WHERE ( fid=3 )  [ RunTime:0.0002s ]
SQL: SELECT * FROM `goodstypes` WHERE ( fid=7 )  [ RunTime:0.0002s ]
SQL: SELECT * FROM `goodstypes` WHERE ( fid=29 )  [ RunTime:0.0002s ]
SQL: SELECT * FROM `goodstypes` WHERE ( fid=33 )  [ RunTime:0.0002s ]
SQL: SELECT * FROM `goodstypes` WHERE ( fid=34 )  [ RunTime:0.0001s ]
SQL: SELECT * FROM `goodstypes` WHERE ( fid=35 )  [ RunTime:0.0001s ]
SQL: SELECT * FROM `goodstypes` WHERE ( fid=4 )  [ RunTime:0.0001s ]
SQL: SELECT * FROM `goodstypes` WHERE ( fid=5 )  [ RunTime:0.0001s ]
SQL: SELECT * FROM `goodstypes` WHERE ( fid=6 )  [ RunTime:0.0001s ]
SQL: SELECT * FROM `goodstypes` WHERE ( fid=8 )  [ RunTime:0.0001s ]
SQL: SELECT * FROM `goodstypes` WHERE ( fid=9 )  [ RunTime:0.0001s ]
SQL: SELECT * FROM `goodstypes` WHERE ( fid=10 )  [ RunTime:0.0001s ]
SQL: SELECT * FROM `goodstypes` WHERE ( fid=11 )  [ RunTime:0.0002s ]
SQL: SELECT * FROM `goodstypes` WHERE ( fid=13 )  [ RunTime:0.0002s ]
SQL: SELECT * FROM `goodstypes` WHERE ( fid=12 )  [ RunTime:0.0002s ]
SQL: SELECT * FROM `goodstypes` WHERE ( fid=14 )  [ RunTime:0.0002s ]
INFO: [ view_parse ] --START--
INFO: [ template_filter ] --START--
INFO: Run Behavior\ContentReplaceBehavior [ RunTime:0.000062s ]
INFO: [ template_filter ] --END-- [ RunTime:0.000147s ]
NOTIC: [8] Undefined variable: info E:\PHP\www\MyJDShop\Application\Runtime\Cache\Admin\a294c09bbcf5a7d80542db95fb1196ac.php 第 32 行.
INFO: Run Behavior\ParseTemplateBehavior [ RunTime:0.063453s ]
INFO: [ view_parse ] --END-- [ RunTime:0.063518s ]
INFO: [ view_filter ] --START--
INFO: Run Behavior\WriteHtmlCacheBehavior [ RunTime:0.000707s ]
INFO: [ view_filter ] --END-- [ RunTime:0.000759s ]
INFO: [ app_end ] --START--
INFO: Run Behavior\ShowPageTraceBehavior [ RunTime:0.000924s ]
INFO: [ app_end ] --END-- [ RunTime:0.000969s ]

[ 2017-07-18T13:31:13+08:00 ] 127.0.0.1 /MyJDShop/index.php/Admin/GoodsTypes/listType
INFO: [ app_init ] --START--
INFO: Run Behavior\BuildLiteBehavior [ RunTime:0.000015s ]
INFO: [ app_init ] --END-- [ RunTime:0.000632s ]
INFO: [ app_begin ] --START--
INFO: Run Behavior\ReadHtmlCacheBehavior [ RunTime:0.000912s ]
INFO: [ app_begin ] --END-- [ RunTime:0.000966s ]
SQL: SHOW COLUMNS FROM `goodstypes` [ RunTime:0.0068s ]
SQL: SELECT * FROM `goodstypes` WHERE ( fid=0 )  [ RunTime:0.0002s ]
SQL: SELECT * FROM `goodstypes` WHERE ( fid=1 )  [ RunTime:0.0002s ]
SQL: SELECT * FROM `goodstypes` WHERE ( fid=2 )  [ RunTime:0.0002s ]
SQL: SELECT * FROM `goodstypes` WHERE ( fid=3 )  [ RunTime:0.0001s ]
SQL: SELECT * FROM `goodstypes` WHERE ( fid=7 )  [ RunTime:0.0002s ]
SQL: SELECT * FROM `goodstypes` WHERE ( fid=29 )  [ RunTime:0.0001s ]
SQL: SELECT * FROM `goodstypes` WHERE ( fid=33 )  [ RunTime:0.0001s ]
SQL: SELECT * FROM `goodstypes` WHERE ( fid=34 )  [ RunTime:0.0001s ]
SQL: SELECT * FROM `goodstypes` WHERE ( fid=35 )  [ RunTime:0.0001s ]
SQL: SELECT * FROM `goodstypes` WHERE ( fid=4 )  [ RunTime:0.0001s ]
SQL: SELECT * FROM `goodstypes` WHERE ( fid=5 )  [ RunTime:0.0002s ]
SQL: SELECT * FROM `goodstypes` WHERE ( fid=6 )  [ RunTime:0.0001s ]
SQL: SELECT * FROM `goodstypes` WHERE ( fid=8 )  [ RunTime:0.0001s ]
SQL: SELECT * FROM `goodstypes` WHERE ( fid=9 )  [ RunTime:0.0001s ]
SQL: SELECT * FROM `goodstypes` WHERE ( fid=10 )  [ RunTime:0.0001s ]
SQL: SELECT * FROM `goodstypes` WHERE ( fid=11 )  [ RunTime:0.0001s ]
SQL: SELECT * FROM `goodstypes` WHERE ( fid=13 )  [ RunTime:0.0001s ]
SQL: SELECT * FROM `goodstypes` WHERE ( fid=12 )  [ RunTime:0.0001s ]
SQL: SELECT * FROM `goodstypes` WHERE ( fid=14 )  [ RunTime:0.0001s ]
NOTIC: [8] Undefined index: search_name E:\PHP\www\MyJDShop\Application\Admin\Model\GoodsTypesModel.class.php 第 32 行.
SQL: SELECT * FROM `goodstypes` WHERE ( fid=0 )  [ RunTime:0.0002s ]
INFO: [ view_parse ] --START--
INFO: [ template_filter ] --START--
INFO: Run Behavior\ContentReplaceBehavior [ RunTime:0.000040s ]
INFO: [ template_filter ] --END-- [ RunTime:0.000081s ]
INFO: Run Behavior\ParseTemplateBehavior [ RunTime:0.007865s ]
INFO: [ view_parse ] --END-- [ RunTime:0.007917s ]
INFO: [ view_filter ] --START--
INFO: Run Behavior\WriteHtmlCacheBehavior [ RunTime:0.000523s ]
INFO: [ view_filter ] --END-- [ RunTime:0.000562s ]
INFO: [ app_end ] --START--
INFO: Run Behavior\ShowPageTraceBehavior [ RunTime:0.000750s ]
INFO: [ app_end ] --END-- [ RunTime:0.000813s ]

