[ 2017-06-30T15:27:17+08:00 ] ::1 /MyJDShop/index.php/Admin
INFO: [ app_init ] --START--
INFO: Run Behavior\BuildLiteBehavior [ RunTime:0.000000s ]
INFO: [ app_init ] --END-- [ RunTime:0.000000s ]
INFO: [ app_begin ] --START--
INFO: Run Behavior\ReadHtmlCacheBehavior [ RunTime:0.001000s ]
INFO: [ app_begin ] --END-- [ RunTime:0.001000s ]
NOTIC: [8] Undefined index: aid C:\www\MyJDShop\Application\Admin\Controller\BaseController.class.php 第 6 行.

[ 2017-06-30T15:27:17+08:00 ] ::1 /MyJDShop/index.php/Admin/Login/login.html
INFO: [ app_init ] --START--
INFO: Run Behavior\BuildLiteBehavior [ RunTime:0.000000s ]
INFO: [ app_init ] --END-- [ RunTime:0.000000s ]
INFO: [ app_begin ] --START--
INFO: Run Behavior\ReadHtmlCacheBehavior [ RunTime:0.001000s ]
INFO: [ app_begin ] --END-- [ RunTime:0.001000s ]
INFO: [ view_parse ] --START--
INFO: [ template_filter ] --START--
INFO: Run Behavior\ContentReplaceBehavior [ RunTime:0.000000s ]
INFO: [ template_filter ] --END-- [ RunTime:0.000000s ]
NOTIC: [8] Undefined variable: info C:\www\MyJDShop\Application\Runtime\Cache\Admin\0dfec61edd66f450033aa87c28a760f4.php 第 39 行.
NOTIC: [8] Undefined variable: info C:\www\MyJDShop\Application\Runtime\Cache\Admin\0dfec61edd66f450033aa87c28a760f4.php 第 39 行.
NOTIC: [8] Undefined variable: info C:\www\MyJDShop\Application\Runtime\Cache\Admin\0dfec61edd66f450033aa87c28a760f4.php 第 39 行.
NOTIC: [8] Undefined variable: value C:\www\MyJDShop\Application\Runtime\Cache\Admin\0dfec61edd66f450033aa87c28a760f4.php 第 45 行.
NOTIC: [8] Undefined variable: value C:\www\MyJDShop\Application\Runtime\Cache\Admin\0dfec61edd66f450033aa87c28a760f4.php 第 49 行.
INFO: Run Behavior\ParseTemplateBehavior [ RunTime:0.031000s ]
INFO: [ view_parse ] --END-- [ RunTime:0.031000s ]
INFO: [ view_filter ] --START--
INFO: Run Behavior\WriteHtmlCacheBehavior [ RunTime:0.000000s ]
INFO: [ view_filter ] --END-- [ RunTime:0.000000s ]
INFO: [ app_end ] --START--
INFO: Run Behavior\ShowPageTraceBehavior [ RunTime:0.001000s ]
INFO: [ app_end ] --END-- [ RunTime:0.001000s ]

[ 2017-06-30T15:27:17+08:00 ] ::1 /MyJDShop/index.php/Admin/Login/showCode
INFO: [ app_init ] --START--
INFO: Run Behavior\BuildLiteBehavior [ RunTime:0.000000s ]
INFO: [ app_init ] --END-- [ RunTime:0.000000s ]
INFO: [ app_begin ] --START--
INFO: Run Behavior\ReadHtmlCacheBehavior [ RunTime:0.000000s ]
INFO: [ app_begin ] --END-- [ RunTime:0.000000s ]
INFO: [ app_end ] --START--
INFO: Run Behavior\ShowPageTraceBehavior [ RunTime:0.001000s ]
INFO: [ app_end ] --END-- [ RunTime:0.001000s ]

[ 2017-06-30T15:27:32+08:00 ] ::1 /MyJDShop/index.php/Admin/Login/login
INFO: [ app_init ] --START--
INFO: Run Behavior\BuildLiteBehavior [ RunTime:0.000000s ]
INFO: [ app_init ] --END-- [ RunTime:0.001000s ]
INFO: [ app_begin ] --START--
INFO: Run Behavior\ReadHtmlCacheBehavior [ RunTime:0.001000s ]
INFO: [ app_begin ] --END-- [ RunTime:0.001000s ]
SQL: SHOW COLUMNS FROM `admin` [ RunTime:0.0030s ]
NOTIC: [8] Undefined index: validate C:\www\MyJDShop\ThinkPHP\Library\Think\Model.class.php 第 1185 行.
SQL: SELECT * FROM `admin` WHERE ( username='admin' ) LIMIT 1   [ RunTime:0.0010s ]
SQL: SELECT * FROM `admin` WHERE ( password='e10adc3949ba59abbe56e057f20f883e' ) LIMIT 1   [ RunTime:0.0010s ]
NOTIC: [8] Undefined index: auto C:\www\MyJDShop\ThinkPHP\Library\Think\Model.class.php 第 1128 行.
SQL: SELECT * FROM `admin` WHERE ( username='admin' and password='e10adc3949ba59abbe56e057f20f883e' ) LIMIT 1   [ RunTime:0.0010s ]
SQL: update admin set loginnum=loginnum+1 where aid=1 [ RunTime:0.0540s ]
INFO: [ view_parse ] --START--
INFO: [ template_filter ] --START--
INFO: Run Behavior\ContentReplaceBehavior [ RunTime:0.000000s ]
INFO: [ template_filter ] --END-- [ RunTime:0.001000s ]
INFO: Run Behavior\ParseTemplateBehavior [ RunTime:0.115000s ]
INFO: [ view_parse ] --END-- [ RunTime:0.115000s ]
INFO: [ view_filter ] --START--
INFO: Run Behavior\WriteHtmlCacheBehavior [ RunTime:0.002000s ]
INFO: [ view_filter ] --END-- [ RunTime:0.002000s ]

[ 2017-06-30T15:27:33+08:00 ] ::1 /MyJDShop/index.php/Admin/Index/index.html
INFO: [ app_init ] --START--
INFO: Run Behavior\BuildLiteBehavior [ RunTime:0.000000s ]
INFO: [ app_init ] --END-- [ RunTime:0.001000s ]
INFO: [ app_begin ] --START--
INFO: Run Behavior\ReadHtmlCacheBehavior [ RunTime:0.001000s ]
INFO: [ app_begin ] --END-- [ RunTime:0.001000s ]
INFO: [ view_parse ] --START--
INFO: [ template_filter ] --START--
INFO: Run Behavior\ContentReplaceBehavior [ RunTime:0.000000s ]
INFO: [ template_filter ] --END-- [ RunTime:0.000000s ]
INFO: Run Behavior\ParseTemplateBehavior [ RunTime:0.103000s ]
INFO: [ view_parse ] --END-- [ RunTime:0.103000s ]
INFO: [ view_filter ] --START--
INFO: Run Behavior\WriteHtmlCacheBehavior [ RunTime:0.001000s ]
INFO: [ view_filter ] --END-- [ RunTime:0.001000s ]
INFO: [ app_end ] --START--
INFO: Run Behavior\ShowPageTraceBehavior [ RunTime:0.002000s ]
INFO: [ app_end ] --END-- [ RunTime:0.002000s ]

[ 2017-06-30T15:27:33+08:00 ] ::1 /MyJDShop/index.php/Admin/Index/head.html
INFO: [ app_init ] --START--
INFO: Run Behavior\BuildLiteBehavior [ RunTime:0.000000s ]
INFO: [ app_init ] --END-- [ RunTime:0.000000s ]
INFO: [ app_begin ] --START--
INFO: Run Behavior\ReadHtmlCacheBehavior [ RunTime:0.001000s ]
INFO: [ app_begin ] --END-- [ RunTime:0.001000s ]
INFO: [ view_parse ] --START--
INFO: [ template_filter ] --START--
INFO: Run Behavior\ContentReplaceBehavior [ RunTime:0.001000s ]
INFO: [ template_filter ] --END-- [ RunTime:0.001000s ]
INFO: Run Behavior\ParseTemplateBehavior [ RunTime:0.010000s ]
INFO: [ view_parse ] --END-- [ RunTime:0.010000s ]
INFO: [ view_filter ] --START--
INFO: Run Behavior\WriteHtmlCacheBehavior [ RunTime:0.000000s ]
INFO: [ view_filter ] --END-- [ RunTime:0.000000s ]
INFO: [ app_end ] --START--
INFO: Run Behavior\ShowPageTraceBehavior [ RunTime:0.001000s ]
INFO: [ app_end ] --END-- [ RunTime:0.001000s ]

[ 2017-06-30T15:27:33+08:00 ] ::1 /MyJDShop/index.php/Admin/Index/right.html
INFO: [ app_init ] --START--
INFO: Run Behavior\BuildLiteBehavior [ RunTime:0.000000s ]
INFO: [ app_init ] --END-- [ RunTime:0.001000s ]
INFO: [ app_begin ] --START--
INFO: Run Behavior\ReadHtmlCacheBehavior [ RunTime:0.002000s ]
INFO: [ app_begin ] --END-- [ RunTime:0.002000s ]
SQL: SHOW COLUMNS FROM `admin` [ RunTime:0.0010s ]
SQL: SELECT * FROM `admin` WHERE ( aid=1 ) LIMIT 1   [ RunTime:0.0010s ]
INFO: [ view_parse ] --START--
INFO: [ template_filter ] --START--
INFO: Run Behavior\ContentReplaceBehavior [ RunTime:0.000000s ]
INFO: [ template_filter ] --END-- [ RunTime:0.000000s ]
INFO: Run Behavior\ParseTemplateBehavior [ RunTime:0.005000s ]
INFO: [ view_parse ] --END-- [ RunTime:0.005000s ]
INFO: [ view_filter ] --START--
INFO: Run Behavior\WriteHtmlCacheBehavior [ RunTime:0.001000s ]
INFO: [ view_filter ] --END-- [ RunTime:0.001000s ]
INFO: [ app_end ] --START--
INFO: Run Behavior\ShowPageTraceBehavior [ RunTime:0.001000s ]
INFO: [ app_end ] --END-- [ RunTime:0.001000s ]

[ 2017-06-30T15:27:33+08:00 ] ::1 /MyJDShop/index.php/Admin/Index/left.html
INFO: [ app_init ] --START--
INFO: Run Behavior\BuildLiteBehavior [ RunTime:0.000000s ]
INFO: [ app_init ] --END-- [ RunTime:0.001000s ]
INFO: [ app_begin ] --START--
INFO: Run Behavior\ReadHtmlCacheBehavior [ RunTime:0.001000s ]
INFO: [ app_begin ] --END-- [ RunTime:0.001000s ]
INFO: [ view_parse ] --START--
INFO: [ template_filter ] --START--
INFO: Run Behavior\ContentReplaceBehavior [ RunTime:0.000000s ]
INFO: [ template_filter ] --END-- [ RunTime:0.000000s ]
INFO: Run Behavior\ParseTemplateBehavior [ RunTime:0.009000s ]
INFO: [ view_parse ] --END-- [ RunTime:0.009000s ]
INFO: [ view_filter ] --START--
INFO: Run Behavior\WriteHtmlCacheBehavior [ RunTime:0.000000s ]
INFO: [ view_filter ] --END-- [ RunTime:0.000000s ]
INFO: [ app_end ] --START--
INFO: Run Behavior\ShowPageTraceBehavior [ RunTime:0.001000s ]
INFO: [ app_end ] --END-- [ RunTime:0.001000s ]

[ 2017-06-30T15:27:39+08:00 ] ::1 /MyJDShop/index.php/Admin/Product/listProduct
INFO: [ app_init ] --START--
INFO: Run Behavior\BuildLiteBehavior [ RunTime:0.000000s ]
INFO: [ app_init ] --END-- [ RunTime:0.000000s ]
INFO: [ app_begin ] --START--
INFO: Run Behavior\ReadHtmlCacheBehavior [ RunTime:0.000000s ]
INFO: [ app_begin ] --END-- [ RunTime:0.000000s ]
SQL: SHOW COLUMNS FROM `product` [ RunTime:0.0010s ]
SQL: SHOW COLUMNS FROM `goodstypes` [ RunTime:0.0010s ]
SQL: SHOW COLUMNS FROM `brand` [ RunTime:0.0000s ]
SQL: SHOW COLUMNS FROM `productimage` [ RunTime:0.0010s ]
NOTIC: [8] Undefined index: search_typestr C:\www\MyJDShop\Application\Admin\Controller\ProductController.class.php 第 56 行.
NOTIC: [8] Undefined index: search_brandid C:\www\MyJDShop\Application\Admin\Controller\ProductController.class.php 第 57 行.
NOTIC: [8] Undefined index: search_name C:\www\MyJDShop\Application\Admin\Controller\ProductController.class.php 第 58 行.
SQL: SELECT COUNT(*) AS tp_count FROM `product` WHERE ( typestr like '%%' and productname like '%%' ) LIMIT 1   [ RunTime:0.0000s ]
SQL: SELECT p.*,b.brandname FROM product p INNER JOIN brand as b on b.brandid=p.brandid  WHERE ( p.typestr like '%%' and p.productname like '%%' ) LIMIT 0,10   [ RunTime:0.0000s ]
SQL: SHOW COLUMNS FROM `goodstypes` [ RunTime:0.0010s ]
SQL: SELECT * FROM `goodstypes` WHERE ( typeid=1 ) LIMIT 1   [ RunTime:0.0000s ]
SQL: SELECT * FROM `goodstypes` WHERE ( typeid=2 ) LIMIT 1   [ RunTime:0.0000s ]
SQL: SELECT * FROM `goodstypes` WHERE ( typeid=3 ) LIMIT 1   [ RunTime:0.0000s ]
SQL: SELECT * FROM `productimage` WHERE ( productid=1 ) LIMIT 1   [ RunTime:0.0000s ]
SQL: SELECT * FROM `goodstypes` WHERE ( typeid=1 ) LIMIT 1   [ RunTime:0.0000s ]
SQL: SELECT * FROM `goodstypes` WHERE ( typeid=2 ) LIMIT 1   [ RunTime:0.0000s ]
SQL: SELECT * FROM `goodstypes` WHERE ( typeid=3 ) LIMIT 1   [ RunTime:0.0000s ]
SQL: SELECT * FROM `productimage` WHERE ( productid=2 ) LIMIT 1   [ RunTime:0.0000s ]
SQL: SELECT * FROM `goodstypes` WHERE ( typeid=1 ) LIMIT 1   [ RunTime:0.0000s ]
SQL: SELECT * FROM `goodstypes` WHERE ( typeid=2 ) LIMIT 1   [ RunTime:0.0000s ]
SQL: SELECT * FROM `goodstypes` WHERE ( typeid=3 ) LIMIT 1   [ RunTime:0.0010s ]
SQL: SELECT * FROM `productimage` WHERE ( productid=3 ) LIMIT 1   [ RunTime:0.0000s ]
SQL: SELECT * FROM `goodstypes` WHERE ( typeid=1 ) LIMIT 1   [ RunTime:0.0000s ]
SQL: SELECT * FROM `goodstypes` WHERE ( typeid=2 ) LIMIT 1   [ RunTime:0.0000s ]
SQL: SELECT * FROM `goodstypes` WHERE ( typeid=3 ) LIMIT 1   [ RunTime:0.0000s ]
SQL: SELECT * FROM `productimage` WHERE ( productid=4 ) LIMIT 1   [ RunTime:0.0000s ]
SQL: SELECT * FROM `goodstypes` WHERE ( typeid=1 ) LIMIT 1   [ RunTime:0.0010s ]
SQL: SELECT * FROM `goodstypes` WHERE ( typeid=2 ) LIMIT 1   [ RunTime:0.0010s ]
SQL: SELECT * FROM `goodstypes` WHERE ( typeid=29 ) LIMIT 1   [ RunTime:0.0010s ]
SQL: SELECT * FROM `productimage` WHERE ( productid=5 ) LIMIT 1   [ RunTime:0.0000s ]
SQL: SELECT * FROM `goodstypes` WHERE ( typeid=1 ) LIMIT 1   [ RunTime:0.0010s ]
SQL: SELECT * FROM `goodstypes` WHERE ( typeid=2 ) LIMIT 1   [ RunTime:0.0000s ]
SQL: SELECT * FROM `goodstypes` WHERE ( typeid=29 ) LIMIT 1   [ RunTime:0.0000s ]
SQL: SELECT * FROM `productimage` WHERE ( productid=6 ) LIMIT 1   [ RunTime:0.0000s ]
SQL: SELECT * FROM `goodstypes` WHERE ( typeid=4 ) LIMIT 1   [ RunTime:0.0000s ]
SQL: SELECT * FROM `productimage` WHERE ( productid=7 ) LIMIT 1   [ RunTime:0.0000s ]
SQL: SELECT * FROM `goodstypes` WHERE ( fid=0 )  [ RunTime:0.0000s ]
SQL: SELECT * FROM `goodstypes` WHERE ( fid=1 )  [ RunTime:0.0000s ]
SQL: SELECT * FROM `goodstypes` WHERE ( fid=2 )  [ RunTime:0.0010s ]
SQL: SELECT * FROM `goodstypes` WHERE ( fid=3 )  [ RunTime:0.0000s ]
SQL: SELECT * FROM `goodstypes` WHERE ( fid=7 )  [ RunTime:0.0000s ]
SQL: SELECT * FROM `goodstypes` WHERE ( fid=29 )  [ RunTime:0.0000s ]
SQL: SELECT * FROM `goodstypes` WHERE ( fid=33 )  [ RunTime:0.0000s ]
SQL: SELECT * FROM `goodstypes` WHERE ( fid=34 )  [ RunTime:0.0000s ]
SQL: SELECT * FROM `goodstypes` WHERE ( fid=35 )  [ RunTime:0.0010s ]
SQL: SELECT * FROM `goodstypes` WHERE ( fid=4 )  [ RunTime:0.0000s ]
SQL: SELECT * FROM `goodstypes` WHERE ( fid=5 )  [ RunTime:0.0000s ]
SQL: SELECT * FROM `goodstypes` WHERE ( fid=6 )  [ RunTime:0.0000s ]
SQL: SELECT * FROM `goodstypes` WHERE ( fid=8 )  [ RunTime:0.0000s ]
SQL: SELECT * FROM `goodstypes` WHERE ( fid=9 )  [ RunTime:0.0000s ]
SQL: SELECT * FROM `goodstypes` WHERE ( fid=10 )  [ RunTime:0.0000s ]
SQL: SELECT * FROM `goodstypes` WHERE ( fid=11 )  [ RunTime:0.0010s ]
SQL: SELECT * FROM `goodstypes` WHERE ( fid=13 )  [ RunTime:0.0000s ]
SQL: SELECT * FROM `goodstypes` WHERE ( fid=12 )  [ RunTime:0.0000s ]
SQL: SELECT * FROM `goodstypes` WHERE ( fid=14 )  [ RunTime:0.0000s ]
SQL: SELECT * FROM `brand`  [ RunTime:0.0000s ]
NOTIC: [8] Undefined index: search_name C:\www\MyJDShop\Application\Admin\Controller\ProductController.class.php 第 115 行.
INFO: [ view_parse ] --START--
INFO: [ template_filter ] --START--
INFO: Run Behavior\ContentReplaceBehavior [ RunTime:0.000000s ]
INFO: [ template_filter ] --END-- [ RunTime:0.000000s ]
NOTIC: [8] Use of undefined constant state - assumed 'state' C:\www\MyJDShop\Application\Runtime\Cache\Admin\93e0f7523886d2a47fa20aa756c0852d.php 第 130 行.
NOTIC: [8] Use of undefined constant isdel - assumed 'isdel' C:\www\MyJDShop\Application\Runtime\Cache\Admin\93e0f7523886d2a47fa20aa756c0852d.php 第 132 行.
NOTIC: [8] Use of undefined constant state - assumed 'state' C:\www\MyJDShop\Application\Runtime\Cache\Admin\93e0f7523886d2a47fa20aa756c0852d.php 第 130 行.
NOTIC: [8] Use of undefined constant isdel - assumed 'isdel' C:\www\MyJDShop\Application\Runtime\Cache\Admin\93e0f7523886d2a47fa20aa756c0852d.php 第 132 行.
NOTIC: [8] Use of undefined constant state - assumed 'state' C:\www\MyJDShop\Application\Runtime\Cache\Admin\93e0f7523886d2a47fa20aa756c0852d.php 第 130 行.
NOTIC: [8] Use of undefined constant isdel - assumed 'isdel' C:\www\MyJDShop\Application\Runtime\Cache\Admin\93e0f7523886d2a47fa20aa756c0852d.php 第 132 行.
NOTIC: [8] Use of undefined constant state - assumed 'state' C:\www\MyJDShop\Application\Runtime\Cache\Admin\93e0f7523886d2a47fa20aa756c0852d.php 第 130 行.
NOTIC: [8] Use of undefined constant isdel - assumed 'isdel' C:\www\MyJDShop\Application\Runtime\Cache\Admin\93e0f7523886d2a47fa20aa756c0852d.php 第 132 行.
NOTIC: [8] Use of undefined constant state - assumed 'state' C:\www\MyJDShop\Application\Runtime\Cache\Admin\93e0f7523886d2a47fa20aa756c0852d.php 第 130 行.
NOTIC: [8] Use of undefined constant isdel - assumed 'isdel' C:\www\MyJDShop\Application\Runtime\Cache\Admin\93e0f7523886d2a47fa20aa756c0852d.php 第 132 行.
NOTIC: [8] Use of undefined constant state - assumed 'state' C:\www\MyJDShop\Application\Runtime\Cache\Admin\93e0f7523886d2a47fa20aa756c0852d.php 第 130 行.
NOTIC: [8] Use of undefined constant isdel - assumed 'isdel' C:\www\MyJDShop\Application\Runtime\Cache\Admin\93e0f7523886d2a47fa20aa756c0852d.php 第 132 行.
NOTIC: [8] Use of undefined constant state - assumed 'state' C:\www\MyJDShop\Application\Runtime\Cache\Admin\93e0f7523886d2a47fa20aa756c0852d.php 第 130 行.
NOTIC: [8] Use of undefined constant isdel - assumed 'isdel' C:\www\MyJDShop\Application\Runtime\Cache\Admin\93e0f7523886d2a47fa20aa756c0852d.php 第 132 行.
INFO: Run Behavior\ParseTemplateBehavior [ RunTime:0.020000s ]
INFO: [ view_parse ] --END-- [ RunTime:0.020000s ]
INFO: [ view_filter ] --START--
INFO: Run Behavior\WriteHtmlCacheBehavior [ RunTime:0.000000s ]
INFO: [ view_filter ] --END-- [ RunTime:0.000000s ]
INFO: [ app_end ] --START--
INFO: Run Behavior\ShowPageTraceBehavior [ RunTime:0.001000s ]
INFO: [ app_end ] --END-- [ RunTime:0.001000s ]

[ 2017-06-30T15:27:39+08:00 ] ::1 /MyJDShop/index.php/Admin/Product/ajax?typeid=&brandid=
INFO: [ app_init ] --START--
INFO: Run Behavior\BuildLiteBehavior [ RunTime:0.000000s ]
INFO: [ app_init ] --END-- [ RunTime:0.000000s ]
INFO: [ app_begin ] --START--
INFO: Run Behavior\ReadHtmlCacheBehavior [ RunTime:0.000000s ]
INFO: [ app_begin ] --END-- [ RunTime:0.000000s ]
SQL: SHOW COLUMNS FROM `brand` [ RunTime:0.0010s ]
NOTIC: [8] Undefined offset: 1 C:\www\MyJDShop\Application\Admin\Controller\ProductController.class.php 第 127 行.
ERR: 1064:You have an error in your SQL syntax; check the manual that corresponds to your MySQL server version for the right syntax to use near ')' at line 1
 [ SQL语句 ] : SELECT * FROM `brand` WHERE ( typeid= ) 
ERR: 1064:You have an error in your SQL syntax; check the manual that corresponds to your MySQL server version for the right syntax to use near ')' at line 1
 [ SQL语句 ] : SELECT * FROM `brand` WHERE ( typeid= ) 

[ 2017-06-30T15:27:45+08:00 ] ::1 /MyJDShop/index.php/Admin/Product/ajax?typeid=%3E1%3E&brandid=
INFO: [ app_init ] --START--
INFO: Run Behavior\BuildLiteBehavior [ RunTime:0.000000s ]
INFO: [ app_init ] --END-- [ RunTime:0.001000s ]
INFO: [ app_begin ] --START--
INFO: Run Behavior\ReadHtmlCacheBehavior [ RunTime:0.001000s ]
INFO: [ app_begin ] --END-- [ RunTime:0.001000s ]
SQL: SHOW COLUMNS FROM `brand` [ RunTime:0.0010s ]
SQL: SELECT * FROM `brand` WHERE ( typeid=1 )  [ RunTime:0.0010s ]
INFO: [ app_end ] --START--
INFO: Run Behavior\ShowPageTraceBehavior [ RunTime:0.001000s ]
INFO: [ app_end ] --END-- [ RunTime:0.001000s ]

[ 2017-06-30T15:27:49+08:00 ] ::1 /MyJDShop/index.php/Admin/Product/ajax?typeid=%3E4%3E5%3E6%3E&brandid=
INFO: [ app_init ] --START--
INFO: Run Behavior\BuildLiteBehavior [ RunTime:0.000000s ]
INFO: [ app_init ] --END-- [ RunTime:0.001000s ]
INFO: [ app_begin ] --START--
INFO: Run Behavior\ReadHtmlCacheBehavior [ RunTime:0.001000s ]
INFO: [ app_begin ] --END-- [ RunTime:0.001000s ]
SQL: SHOW COLUMNS FROM `brand` [ RunTime:0.0010s ]
SQL: SELECT * FROM `brand` WHERE ( typeid=4 )  [ RunTime:0.0000s ]
INFO: [ app_end ] --START--
INFO: Run Behavior\ShowPageTraceBehavior [ RunTime:0.001000s ]
INFO: [ app_end ] --END-- [ RunTime:0.001000s ]

[ 2017-06-30T15:28:03+08:00 ] ::1 /MyJDShop/index.php/Admin/Product/listProduct?search_typestr=%3E4%3E5%3E6%3E&search_brandid=&search_name=3
INFO: [ app_init ] --START--
INFO: Run Behavior\BuildLiteBehavior [ RunTime:0.000000s ]
INFO: [ app_init ] --END-- [ RunTime:0.001000s ]
INFO: [ app_begin ] --START--
INFO: Run Behavior\ReadHtmlCacheBehavior [ RunTime:0.001000s ]
INFO: [ app_begin ] --END-- [ RunTime:0.001000s ]
SQL: SHOW COLUMNS FROM `product` [ RunTime:0.0010s ]
SQL: SHOW COLUMNS FROM `goodstypes` [ RunTime:0.0010s ]
SQL: SHOW COLUMNS FROM `brand` [ RunTime:0.0020s ]
SQL: SHOW COLUMNS FROM `productimage` [ RunTime:0.0010s ]
SQL: SELECT COUNT(*) AS tp_count FROM `product` WHERE ( typestr like '%&gt;4&gt;5&gt;6&gt;%' and productname like '%3%' ) LIMIT 1   [ RunTime:0.0000s ]
SQL: SELECT p.*,b.brandname FROM product p INNER JOIN brand as b on b.brandid=p.brandid  WHERE ( p.typestr like '%&gt;4&gt;5&gt;6&gt;%' and p.productname like '%3%' ) LIMIT 0,10   [ RunTime:0.0010s ]
SQL: SELECT * FROM `goodstypes` WHERE ( fid=0 )  [ RunTime:0.0000s ]
SQL: SELECT * FROM `goodstypes` WHERE ( fid=1 )  [ RunTime:0.0010s ]
SQL: SELECT * FROM `goodstypes` WHERE ( fid=2 )  [ RunTime:0.0000s ]
SQL: SELECT * FROM `goodstypes` WHERE ( fid=3 )  [ RunTime:0.0000s ]
SQL: SELECT * FROM `goodstypes` WHERE ( fid=7 )  [ RunTime:0.0010s ]
SQL: SELECT * FROM `goodstypes` WHERE ( fid=29 )  [ RunTime:0.0000s ]
SQL: SELECT * FROM `goodstypes` WHERE ( fid=33 )  [ RunTime:0.0000s ]
SQL: SELECT * FROM `goodstypes` WHERE ( fid=34 )  [ RunTime:0.0000s ]
SQL: SELECT * FROM `goodstypes` WHERE ( fid=35 )  [ RunTime:0.0000s ]
SQL: SELECT * FROM `goodstypes` WHERE ( fid=4 )  [ RunTime:0.0010s ]
SQL: SELECT * FROM `goodstypes` WHERE ( fid=5 )  [ RunTime:0.0000s ]
SQL: SELECT * FROM `goodstypes` WHERE ( fid=6 )  [ RunTime:0.0000s ]
SQL: SELECT * FROM `goodstypes` WHERE ( fid=8 )  [ RunTime:0.0010s ]
SQL: SELECT * FROM `goodstypes` WHERE ( fid=9 )  [ RunTime:0.0000s ]
SQL: SELECT * FROM `goodstypes` WHERE ( fid=10 )  [ RunTime:0.0000s ]
SQL: SELECT * FROM `goodstypes` WHERE ( fid=11 )  [ RunTime:0.0000s ]
SQL: SELECT * FROM `goodstypes` WHERE ( fid=13 )  [ RunTime:0.0000s ]
SQL: SELECT * FROM `goodstypes` WHERE ( fid=12 )  [ RunTime:0.0010s ]
SQL: SELECT * FROM `goodstypes` WHERE ( fid=14 )  [ RunTime:0.0000s ]
SQL: SELECT * FROM `brand`  [ RunTime:0.0010s ]
INFO: [ view_parse ] --START--
INFO: [ template_filter ] --START--
INFO: Run Behavior\ContentReplaceBehavior [ RunTime:0.000000s ]
INFO: [ template_filter ] --END-- [ RunTime:0.000000s ]
INFO: Run Behavior\ParseTemplateBehavior [ RunTime:0.008000s ]
INFO: [ view_parse ] --END-- [ RunTime:0.008000s ]
INFO: [ view_filter ] --START--
INFO: Run Behavior\WriteHtmlCacheBehavior [ RunTime:0.000000s ]
INFO: [ view_filter ] --END-- [ RunTime:0.000000s ]
INFO: [ app_end ] --START--
INFO: Run Behavior\ShowPageTraceBehavior [ RunTime:0.001000s ]
INFO: [ app_end ] --END-- [ RunTime:0.001000s ]

[ 2017-06-30T15:28:03+08:00 ] ::1 /MyJDShop/index.php/Admin/Product/ajax?typeid=%3E4%3E5%3E6%3E&brandid=
INFO: [ app_init ] --START--
INFO: Run Behavior\BuildLiteBehavior [ RunTime:0.000000s ]
INFO: [ app_init ] --END-- [ RunTime:0.001000s ]
INFO: [ app_begin ] --START--
INFO: Run Behavior\ReadHtmlCacheBehavior [ RunTime:0.001000s ]
INFO: [ app_begin ] --END-- [ RunTime:0.002000s ]
SQL: SHOW COLUMNS FROM `brand` [ RunTime:0.0000s ]
SQL: SELECT * FROM `brand` WHERE ( typeid=4 )  [ RunTime:0.0000s ]
INFO: [ app_end ] --START--
INFO: Run Behavior\ShowPageTraceBehavior [ RunTime:0.001000s ]
INFO: [ app_end ] --END-- [ RunTime:0.001000s ]

[ 2017-06-30T15:28:06+08:00 ] ::1 /MyJDShop/index.php/Admin/Product/ajax?typeid=&brandid=
INFO: [ app_init ] --START--
INFO: Run Behavior\BuildLiteBehavior [ RunTime:0.000000s ]
INFO: [ app_init ] --END-- [ RunTime:0.000000s ]
INFO: [ app_begin ] --START--
INFO: Run Behavior\ReadHtmlCacheBehavior [ RunTime:0.001000s ]
INFO: [ app_begin ] --END-- [ RunTime:0.001000s ]
SQL: SHOW COLUMNS FROM `brand` [ RunTime:0.0020s ]
NOTIC: [8] Undefined offset: 1 C:\www\MyJDShop\Application\Admin\Controller\ProductController.class.php 第 127 行.
ERR: 1064:You have an error in your SQL syntax; check the manual that corresponds to your MySQL server version for the right syntax to use near ')' at line 1
 [ SQL语句 ] : SELECT * FROM `brand` WHERE ( typeid= ) 
ERR: 1064:You have an error in your SQL syntax; check the manual that corresponds to your MySQL server version for the right syntax to use near ')' at line 1
 [ SQL语句 ] : SELECT * FROM `brand` WHERE ( typeid= ) 

[ 2017-06-30T15:28:07+08:00 ] ::1 /MyJDShop/index.php/Admin/Product/listProduct?search_typestr=&search_brandid=&search_name=3
INFO: [ app_init ] --START--
INFO: Run Behavior\BuildLiteBehavior [ RunTime:0.000000s ]
INFO: [ app_init ] --END-- [ RunTime:0.001000s ]
INFO: [ app_begin ] --START--
INFO: Run Behavior\ReadHtmlCacheBehavior [ RunTime:0.000000s ]
INFO: [ app_begin ] --END-- [ RunTime:0.000000s ]
SQL: SHOW COLUMNS FROM `product` [ RunTime:0.0010s ]
SQL: SHOW COLUMNS FROM `goodstypes` [ RunTime:0.0010s ]
SQL: SHOW COLUMNS FROM `brand` [ RunTime:0.0000s ]
SQL: SHOW COLUMNS FROM `productimage` [ RunTime:0.0000s ]
SQL: SELECT COUNT(*) AS tp_count FROM `product` WHERE ( typestr like '%%' and productname like '%3%' ) LIMIT 1   [ RunTime:0.0010s ]
SQL: SELECT p.*,b.brandname FROM product p INNER JOIN brand as b on b.brandid=p.brandid  WHERE ( p.typestr like '%%' and p.productname like '%3%' ) LIMIT 0,10   [ RunTime:0.0000s ]
SQL: SHOW COLUMNS FROM `goodstypes` [ RunTime:0.0010s ]
SQL: SELECT * FROM `goodstypes` WHERE ( typeid=1 ) LIMIT 1   [ RunTime:0.0000s ]
SQL: SELECT * FROM `goodstypes` WHERE ( typeid=2 ) LIMIT 1   [ RunTime:0.0010s ]
SQL: SELECT * FROM `goodstypes` WHERE ( typeid=3 ) LIMIT 1   [ RunTime:0.0000s ]
SQL: SELECT * FROM `productimage` WHERE ( productid=1 ) LIMIT 1   [ RunTime:0.0000s ]
SQL: SELECT * FROM `goodstypes` WHERE ( typeid=1 ) LIMIT 1   [ RunTime:0.0010s ]
SQL: SELECT * FROM `goodstypes` WHERE ( typeid=2 ) LIMIT 1   [ RunTime:0.0000s ]
SQL: SELECT * FROM `goodstypes` WHERE ( typeid=3 ) LIMIT 1   [ RunTime:0.0000s ]
SQL: SELECT * FROM `productimage` WHERE ( productid=2 ) LIMIT 1   [ RunTime:0.0010s ]
SQL: SELECT * FROM `goodstypes` WHERE ( typeid=1 ) LIMIT 1   [ RunTime:0.0000s ]
SQL: SELECT * FROM `goodstypes` WHERE ( typeid=2 ) LIMIT 1   [ RunTime:0.0010s ]
SQL: SELECT * FROM `goodstypes` WHERE ( typeid=3 ) LIMIT 1   [ RunTime:0.0000s ]
SQL: SELECT * FROM `productimage` WHERE ( productid=4 ) LIMIT 1   [ RunTime:0.0000s ]
SQL: SELECT * FROM `goodstypes` WHERE ( fid=0 )  [ RunTime:0.0000s ]
SQL: SELECT * FROM `goodstypes` WHERE ( fid=1 )  [ RunTime:0.0000s ]
SQL: SELECT * FROM `goodstypes` WHERE ( fid=2 )  [ RunTime:0.0010s ]
SQL: SELECT * FROM `goodstypes` WHERE ( fid=3 )  [ RunTime:0.0000s ]
SQL: SELECT * FROM `goodstypes` WHERE ( fid=7 )  [ RunTime:0.0000s ]
SQL: SELECT * FROM `goodstypes` WHERE ( fid=29 )  [ RunTime:0.0000s ]
SQL: SELECT * FROM `goodstypes` WHERE ( fid=33 )  [ RunTime:0.0000s ]
SQL: SELECT * FROM `goodstypes` WHERE ( fid=34 )  [ RunTime:0.0000s ]
SQL: SELECT * FROM `goodstypes` WHERE ( fid=35 )  [ RunTime:0.0000s ]
SQL: SELECT * FROM `goodstypes` WHERE ( fid=4 )  [ RunTime:0.0000s ]
SQL: SELECT * FROM `goodstypes` WHERE ( fid=5 )  [ RunTime:0.0000s ]
SQL: SELECT * FROM `goodstypes` WHERE ( fid=6 )  [ RunTime:0.0000s ]
SQL: SELECT * FROM `goodstypes` WHERE ( fid=8 )  [ RunTime:0.0000s ]
SQL: SELECT * FROM `goodstypes` WHERE ( fid=9 )  [ RunTime:0.0010s ]
SQL: SELECT * FROM `goodstypes` WHERE ( fid=10 )  [ RunTime:0.0000s ]
SQL: SELECT * FROM `goodstypes` WHERE ( fid=11 )  [ RunTime:0.0000s ]
SQL: SELECT * FROM `goodstypes` WHERE ( fid=13 )  [ RunTime:0.0000s ]
SQL: SELECT * FROM `goodstypes` WHERE ( fid=12 )  [ RunTime:0.0000s ]
SQL: SELECT * FROM `goodstypes` WHERE ( fid=14 )  [ RunTime:0.0010s ]
SQL: SELECT * FROM `brand`  [ RunTime:0.0000s ]
INFO: [ view_parse ] --START--
INFO: [ template_filter ] --START--
INFO: Run Behavior\ContentReplaceBehavior [ RunTime:0.000000s ]
INFO: [ template_filter ] --END-- [ RunTime:0.000000s ]
NOTIC: [8] Use of undefined constant state - assumed 'state' C:\www\MyJDShop\Application\Runtime\Cache\Admin\93e0f7523886d2a47fa20aa756c0852d.php 第 130 行.
NOTIC: [8] Use of undefined constant isdel - assumed 'isdel' C:\www\MyJDShop\Application\Runtime\Cache\Admin\93e0f7523886d2a47fa20aa756c0852d.php 第 132 行.
NOTIC: [8] Use of undefined constant state - assumed 'state' C:\www\MyJDShop\Application\Runtime\Cache\Admin\93e0f7523886d2a47fa20aa756c0852d.php 第 130 行.
NOTIC: [8] Use of undefined constant isdel - assumed 'isdel' C:\www\MyJDShop\Application\Runtime\Cache\Admin\93e0f7523886d2a47fa20aa756c0852d.php 第 132 行.
NOTIC: [8] Use of undefined constant state - assumed 'state' C:\www\MyJDShop\Application\Runtime\Cache\Admin\93e0f7523886d2a47fa20aa756c0852d.php 第 130 行.
NOTIC: [8] Use of undefined constant isdel - assumed 'isdel' C:\www\MyJDShop\Application\Runtime\Cache\Admin\93e0f7523886d2a47fa20aa756c0852d.php 第 132 行.
INFO: Run Behavior\ParseTemplateBehavior [ RunTime:0.005000s ]
INFO: [ view_parse ] --END-- [ RunTime:0.005000s ]
INFO: [ view_filter ] --START--
INFO: Run Behavior\WriteHtmlCacheBehavior [ RunTime:0.001000s ]
INFO: [ view_filter ] --END-- [ RunTime:0.001000s ]
INFO: [ app_end ] --START--
INFO: Run Behavior\ShowPageTraceBehavior [ RunTime:0.000000s ]
INFO: [ app_end ] --END-- [ RunTime:0.000000s ]

[ 2017-06-30T15:28:07+08:00 ] ::1 /MyJDShop/index.php/Admin/Product/ajax?typeid=&brandid=
INFO: [ app_init ] --START--
INFO: Run Behavior\BuildLiteBehavior [ RunTime:0.000000s ]
INFO: [ app_init ] --END-- [ RunTime:0.000000s ]
INFO: [ app_begin ] --START--
INFO: Run Behavior\ReadHtmlCacheBehavior [ RunTime:0.001000s ]
INFO: [ app_begin ] --END-- [ RunTime:0.001000s ]
SQL: SHOW COLUMNS FROM `brand` [ RunTime:0.0010s ]
NOTIC: [8] Undefined offset: 1 C:\www\MyJDShop\Application\Admin\Controller\ProductController.class.php 第 127 行.
ERR: 1064:You have an error in your SQL syntax; check the manual that corresponds to your MySQL server version for the right syntax to use near ')' at line 1
 [ SQL语句 ] : SELECT * FROM `brand` WHERE ( typeid= ) 
ERR: 1064:You have an error in your SQL syntax; check the manual that corresponds to your MySQL server version for the right syntax to use near ')' at line 1
 [ SQL语句 ] : SELECT * FROM `brand` WHERE ( typeid= ) 

[ 2017-06-30T15:28:17+08:00 ] ::1 /MyJDShop/index.php/Admin/Product/ajax?typeid=%3E1%3E&brandid=
INFO: [ app_init ] --START--
INFO: Run Behavior\BuildLiteBehavior [ RunTime:0.000000s ]
INFO: [ app_init ] --END-- [ RunTime:0.001000s ]
INFO: [ app_begin ] --START--
INFO: Run Behavior\ReadHtmlCacheBehavior [ RunTime:0.001000s ]
INFO: [ app_begin ] --END-- [ RunTime:0.001000s ]
SQL: SHOW COLUMNS FROM `brand` [ RunTime:0.0010s ]
SQL: SELECT * FROM `brand` WHERE ( typeid=1 )  [ RunTime:0.0000s ]
INFO: [ app_end ] --START--
INFO: Run Behavior\ShowPageTraceBehavior [ RunTime:0.001000s ]
INFO: [ app_end ] --END-- [ RunTime:0.001000s ]

[ 2017-06-30T15:50:14+08:00 ] ::1 /MyJDShop/index.php/Admin/GoodsTypes/listType
INFO: [ app_init ] --START--
INFO: Run Behavior\BuildLiteBehavior [ RunTime:0.000000s ]
INFO: [ app_init ] --END-- [ RunTime:0.001000s ]
INFO: [ app_begin ] --START--
INFO: Run Behavior\ReadHtmlCacheBehavior [ RunTime:0.000000s ]
INFO: [ app_begin ] --END-- [ RunTime:0.000000s ]
SQL: SHOW COLUMNS FROM `goodstypes` [ RunTime:0.0010s ]
SQL: SELECT * FROM `goodstypes` WHERE ( fid=0 )  [ RunTime:0.0010s ]
SQL: SELECT * FROM `goodstypes` WHERE ( fid=1 )  [ RunTime:0.0010s ]
SQL: SELECT * FROM `goodstypes` WHERE ( fid=2 )  [ RunTime:0.0010s ]
SQL: SELECT * FROM `goodstypes` WHERE ( fid=3 )  [ RunTime:0.0000s ]
SQL: SELECT * FROM `goodstypes` WHERE ( fid=7 )  [ RunTime:0.0010s ]
SQL: SELECT * FROM `goodstypes` WHERE ( fid=29 )  [ RunTime:0.0010s ]
SQL: SELECT * FROM `goodstypes` WHERE ( fid=33 )  [ RunTime:0.0000s ]
SQL: SELECT * FROM `goodstypes` WHERE ( fid=34 )  [ RunTime:0.0010s ]
SQL: SELECT * FROM `goodstypes` WHERE ( fid=35 )  [ RunTime:0.0000s ]
SQL: SELECT * FROM `goodstypes` WHERE ( fid=4 )  [ RunTime:0.0000s ]
SQL: SELECT * FROM `goodstypes` WHERE ( fid=5 )  [ RunTime:0.0000s ]
SQL: SELECT * FROM `goodstypes` WHERE ( fid=6 )  [ RunTime:0.0010s ]
SQL: SELECT * FROM `goodstypes` WHERE ( fid=8 )  [ RunTime:0.0000s ]
SQL: SELECT * FROM `goodstypes` WHERE ( fid=9 )  [ RunTime:0.0010s ]
SQL: SELECT * FROM `goodstypes` WHERE ( fid=10 )  [ RunTime:0.0000s ]
SQL: SELECT * FROM `goodstypes` WHERE ( fid=11 )  [ RunTime:0.0010s ]
SQL: SELECT * FROM `goodstypes` WHERE ( fid=13 )  [ RunTime:0.0000s ]
SQL: SELECT * FROM `goodstypes` WHERE ( fid=12 )  [ RunTime:0.0010s ]
SQL: SELECT * FROM `goodstypes` WHERE ( fid=14 )  [ RunTime:0.0000s ]
NOTIC: [8] Undefined index: search_name C:\www\MyJDShop\Application\Admin\Model\GoodsTypesModel.class.php 第 32 行.
SQL: SELECT * FROM `goodstypes` WHERE ( fid=0 )  [ RunTime:0.0010s ]
INFO: [ view_parse ] --START--
INFO: [ template_filter ] --START--
INFO: Run Behavior\ContentReplaceBehavior [ RunTime:0.000000s ]
INFO: [ template_filter ] --END-- [ RunTime:0.001000s ]
INFO: Run Behavior\ParseTemplateBehavior [ RunTime:0.014000s ]
INFO: [ view_parse ] --END-- [ RunTime:0.014000s ]
INFO: [ view_filter ] --START--
INFO: Run Behavior\WriteHtmlCacheBehavior [ RunTime:0.001000s ]
INFO: [ view_filter ] --END-- [ RunTime:0.001000s ]
INFO: [ app_end ] --START--
INFO: Run Behavior\ShowPageTraceBehavior [ RunTime:0.001000s ]
INFO: [ app_end ] --END-- [ RunTime:0.001000s ]

[ 2017-06-30T15:50:20+08:00 ] ::1 /MyJDShop/index.php/Admin/GoodsTypes/addTypes
INFO: [ app_init ] --START--
INFO: Run Behavior\BuildLiteBehavior [ RunTime:0.000000s ]
INFO: [ app_init ] --END-- [ RunTime:0.000000s ]
INFO: [ app_begin ] --START--
INFO: Run Behavior\ReadHtmlCacheBehavior [ RunTime:0.001000s ]
INFO: [ app_begin ] --END-- [ RunTime:0.001000s ]
SQL: SHOW COLUMNS FROM `goodstypes` [ RunTime:0.0010s ]
SQL: SELECT * FROM `goodstypes` WHERE ( fid=0 )  [ RunTime:0.0000s ]
SQL: SELECT * FROM `goodstypes` WHERE ( fid=1 )  [ RunTime:0.0010s ]
SQL: SELECT * FROM `goodstypes` WHERE ( fid=2 )  [ RunTime:0.0000s ]
SQL: SELECT * FROM `goodstypes` WHERE ( fid=3 )  [ RunTime:0.0000s ]
SQL: SELECT * FROM `goodstypes` WHERE ( fid=7 )  [ RunTime:0.0010s ]
SQL: SELECT * FROM `goodstypes` WHERE ( fid=29 )  [ RunTime:0.0000s ]
SQL: SELECT * FROM `goodstypes` WHERE ( fid=33 )  [ RunTime:0.0000s ]
SQL: SELECT * FROM `goodstypes` WHERE ( fid=34 )  [ RunTime:0.0000s ]
SQL: SELECT * FROM `goodstypes` WHERE ( fid=35 )  [ RunTime:0.0000s ]
SQL: SELECT * FROM `goodstypes` WHERE ( fid=4 )  [ RunTime:0.0000s ]
SQL: SELECT * FROM `goodstypes` WHERE ( fid=5 )  [ RunTime:0.0000s ]
SQL: SELECT * FROM `goodstypes` WHERE ( fid=6 )  [ RunTime:0.0010s ]
SQL: SELECT * FROM `goodstypes` WHERE ( fid=8 )  [ RunTime:0.0000s ]
SQL: SELECT * FROM `goodstypes` WHERE ( fid=9 )  [ RunTime:0.0000s ]
SQL: SELECT * FROM `goodstypes` WHERE ( fid=10 )  [ RunTime:0.0010s ]
SQL: SELECT * FROM `goodstypes` WHERE ( fid=11 )  [ RunTime:0.0000s ]
SQL: SELECT * FROM `goodstypes` WHERE ( fid=13 )  [ RunTime:0.0000s ]
SQL: SELECT * FROM `goodstypes` WHERE ( fid=12 )  [ RunTime:0.0000s ]
SQL: SELECT * FROM `goodstypes` WHERE ( fid=14 )  [ RunTime:0.0000s ]
INFO: [ view_parse ] --START--
INFO: [ template_filter ] --START--
INFO: Run Behavior\ContentReplaceBehavior [ RunTime:0.000000s ]
INFO: [ template_filter ] --END-- [ RunTime:0.000000s ]
NOTIC: [8] Undefined variable: info C:\www\MyJDShop\Application\Runtime\Cache\Admin\a294c09bbcf5a7d80542db95fb1196ac.php 第 32 行.
INFO: Run Behavior\ParseTemplateBehavior [ RunTime:0.058000s ]
INFO: [ view_parse ] --END-- [ RunTime:0.059000s ]
INFO: [ view_filter ] --START--
INFO: Run Behavior\WriteHtmlCacheBehavior [ RunTime:0.001000s ]
INFO: [ view_filter ] --END-- [ RunTime:0.001000s ]
INFO: [ app_end ] --START--
INFO: Run Behavior\ShowPageTraceBehavior [ RunTime:0.002000s ]
INFO: [ app_end ] --END-- [ RunTime:0.002000s ]

[ 2017-06-30T15:50:24+08:00 ] ::1 /MyJDShop/index.php/Admin/Brand/addBrand
INFO: [ app_init ] --START--
INFO: Run Behavior\BuildLiteBehavior [ RunTime:0.000000s ]
INFO: [ app_init ] --END-- [ RunTime:0.001000s ]
INFO: [ app_begin ] --START--
INFO: Run Behavior\ReadHtmlCacheBehavior [ RunTime:0.001000s ]
INFO: [ app_begin ] --END-- [ RunTime:0.001000s ]
SQL: SHOW COLUMNS FROM `goodstypes` [ RunTime:0.0010s ]
SQL: SHOW COLUMNS FROM `brand` [ RunTime:0.0000s ]
NOTIC: [8] Undefined index: search_name C:\www\MyJDShop\Application\Admin\Model\GoodsTypesModel.class.php 第 32 行.
SQL: SELECT * FROM `goodstypes` WHERE ( fid=0 )  [ RunTime:0.0010s ]
INFO: [ view_parse ] --START--
INFO: [ template_filter ] --START--
INFO: Run Behavior\ContentReplaceBehavior [ RunTime:0.000000s ]
INFO: [ template_filter ] --END-- [ RunTime:0.000000s ]
NOTIC: [8] Undefined variable: info C:\www\MyJDShop\Application\Runtime\Cache\Admin\e41d760ac9abb9ff4d34c787c568def1.php 第 33 行.
INFO: Run Behavior\ParseTemplateBehavior [ RunTime:0.014000s ]
INFO: [ view_parse ] --END-- [ RunTime:0.014000s ]
INFO: [ view_filter ] --START--
INFO: Run Behavior\WriteHtmlCacheBehavior [ RunTime:0.001000s ]
INFO: [ view_filter ] --END-- [ RunTime:0.001000s ]
INFO: [ app_end ] --START--
INFO: Run Behavior\ShowPageTraceBehavior [ RunTime:0.001000s ]
INFO: [ app_end ] --END-- [ RunTime:0.001000s ]

[ 2017-06-30T15:50:29+08:00 ] ::1 /MyJDShop/index.php/Admin/Product/addProduct
INFO: [ app_init ] --START--
INFO: Run Behavior\BuildLiteBehavior [ RunTime:0.000000s ]
INFO: [ app_init ] --END-- [ RunTime:0.001000s ]
INFO: [ app_begin ] --START--
INFO: Run Behavior\ReadHtmlCacheBehavior [ RunTime:0.000000s ]
INFO: [ app_begin ] --END-- [ RunTime:0.000000s ]
SQL: SHOW COLUMNS FROM `goodstypes` [ RunTime:0.0000s ]
SQL: SHOW COLUMNS FROM `brand` [ RunTime:0.0000s ]
SQL: SHOW COLUMNS FROM `product` [ RunTime:0.0030s ]
SQL: SHOW COLUMNS FROM `productimage` [ RunTime:0.0000s ]
SQL: SELECT * FROM `goodstypes` WHERE ( fid=0 )  [ RunTime:0.0000s ]
SQL: SELECT * FROM `goodstypes` WHERE ( fid=1 )  [ RunTime:0.0010s ]
SQL: SELECT * FROM `goodstypes` WHERE ( fid=2 )  [ RunTime:0.0000s ]
SQL: SELECT * FROM `goodstypes` WHERE ( fid=3 )  [ RunTime:0.0000s ]
SQL: SELECT * FROM `goodstypes` WHERE ( fid=7 )  [ RunTime:0.0010s ]
SQL: SELECT * FROM `goodstypes` WHERE ( fid=29 )  [ RunTime:0.0000s ]
SQL: SELECT * FROM `goodstypes` WHERE ( fid=33 )  [ RunTime:0.0000s ]
SQL: SELECT * FROM `goodstypes` WHERE ( fid=34 )  [ RunTime:0.0000s ]
SQL: SELECT * FROM `goodstypes` WHERE ( fid=35 )  [ RunTime:0.0000s ]
SQL: SELECT * FROM `goodstypes` WHERE ( fid=4 )  [ RunTime:0.0000s ]
SQL: SELECT * FROM `goodstypes` WHERE ( fid=5 )  [ RunTime:0.0000s ]
SQL: SELECT * FROM `goodstypes` WHERE ( fid=6 )  [ RunTime:0.0010s ]
SQL: SELECT * FROM `goodstypes` WHERE ( fid=8 )  [ RunTime:0.0000s ]
SQL: SELECT * FROM `goodstypes` WHERE ( fid=9 )  [ RunTime:0.0000s ]
SQL: SELECT * FROM `goodstypes` WHERE ( fid=10 )  [ RunTime:0.0010s ]
SQL: SELECT * FROM `goodstypes` WHERE ( fid=11 )  [ RunTime:0.0000s ]
SQL: SELECT * FROM `goodstypes` WHERE ( fid=13 )  [ RunTime:0.0000s ]
SQL: SELECT * FROM `goodstypes` WHERE ( fid=12 )  [ RunTime:0.0010s ]
SQL: SELECT * FROM `goodstypes` WHERE ( fid=14 )  [ RunTime:0.0000s ]
SQL: SELECT * FROM `brand`  [ RunTime:0.0000s ]
INFO: [ view_parse ] --START--
INFO: [ template_filter ] --START--
INFO: Run Behavior\ContentReplaceBehavior [ RunTime:0.000000s ]
INFO: [ template_filter ] --END-- [ RunTime:0.000000s ]
NOTIC: [8] Undefined variable: post C:\www\MyJDShop\Application\Runtime\Cache\Admin\91c9a7d4c9408596e252c629f6ecf905.php 第 62 行.
NOTIC: [8] Undefined variable: info C:\www\MyJDShop\Application\Runtime\Cache\Admin\91c9a7d4c9408596e252c629f6ecf905.php 第 62 行.
NOTIC: [8] Undefined variable: post C:\www\MyJDShop\Application\Runtime\Cache\Admin\91c9a7d4c9408596e252c629f6ecf905.php 第 93 行.
NOTIC: [8] Undefined variable: info C:\www\MyJDShop\Application\Runtime\Cache\Admin\91c9a7d4c9408596e252c629f6ecf905.php 第 93 行.
NOTIC: [8] Undefined variable: post C:\www\MyJDShop\Application\Runtime\Cache\Admin\91c9a7d4c9408596e252c629f6ecf905.php 第 97 行.
NOTIC: [8] Undefined variable: info C:\www\MyJDShop\Application\Runtime\Cache\Admin\91c9a7d4c9408596e252c629f6ecf905.php 第 97 行.
NOTIC: [8] Undefined variable: post C:\www\MyJDShop\Application\Runtime\Cache\Admin\91c9a7d4c9408596e252c629f6ecf905.php 第 101 行.
NOTIC: [8] Undefined variable: info C:\www\MyJDShop\Application\Runtime\Cache\Admin\91c9a7d4c9408596e252c629f6ecf905.php 第 101 行.
NOTIC: [8] Undefined variable: post C:\www\MyJDShop\Application\Runtime\Cache\Admin\91c9a7d4c9408596e252c629f6ecf905.php 第 105 行.
NOTIC: [8] Undefined variable: info C:\www\MyJDShop\Application\Runtime\Cache\Admin\91c9a7d4c9408596e252c629f6ecf905.php 第 105 行.
NOTIC: [8] Undefined variable: post C:\www\MyJDShop\Application\Runtime\Cache\Admin\91c9a7d4c9408596e252c629f6ecf905.php 第 109 行.
NOTIC: [8] Undefined variable: info C:\www\MyJDShop\Application\Runtime\Cache\Admin\91c9a7d4c9408596e252c629f6ecf905.php 第 109 行.
NOTIC: [8] Undefined variable: info C:\www\MyJDShop\Application\Runtime\Cache\Admin\91c9a7d4c9408596e252c629f6ecf905.php 第 117 行.
NOTIC: [8] Undefined variable: info C:\www\MyJDShop\Application\Runtime\Cache\Admin\91c9a7d4c9408596e252c629f6ecf905.php 第 118 行.
NOTIC: [8] Undefined variable: info C:\www\MyJDShop\Application\Runtime\Cache\Admin\91c9a7d4c9408596e252c629f6ecf905.php 第 123 行.
NOTIC: [8] Undefined variable: info C:\www\MyJDShop\Application\Runtime\Cache\Admin\91c9a7d4c9408596e252c629f6ecf905.php 第 124 行.
INFO: Run Behavior\ParseTemplateBehavior [ RunTime:0.070000s ]
INFO: [ view_parse ] --END-- [ RunTime:0.070000s ]
INFO: [ view_filter ] --START--
INFO: Run Behavior\WriteHtmlCacheBehavior [ RunTime:0.001000s ]
INFO: [ view_filter ] --END-- [ RunTime:0.001000s ]
INFO: [ app_end ] --START--
INFO: Run Behavior\ShowPageTraceBehavior [ RunTime:0.001000s ]
INFO: [ app_end ] --END-- [ RunTime:0.001000s ]

[ 2017-06-30T15:50:34+08:00 ] ::1 /MyJDShop/index.php/Admin/Product/ajax?typeid=%3E1%3E2%3E7%3E
INFO: [ app_init ] --START--
INFO: Run Behavior\BuildLiteBehavior [ RunTime:0.000000s ]
INFO: [ app_init ] --END-- [ RunTime:0.002000s ]
INFO: [ app_begin ] --START--
INFO: Run Behavior\ReadHtmlCacheBehavior [ RunTime:0.001000s ]
INFO: [ app_begin ] --END-- [ RunTime:0.001000s ]
SQL: SHOW COLUMNS FROM `brand` [ RunTime:0.0000s ]
NOTIC: [8] Undefined index: brandid C:\www\MyJDShop\Application\Admin\Controller\ProductController.class.php 第 128 行.
SQL: SELECT * FROM `brand` WHERE ( typeid=1 )  [ RunTime:0.0000s ]
INFO: [ app_end ] --START--
INFO: Run Behavior\ShowPageTraceBehavior [ RunTime:0.001000s ]
INFO: [ app_end ] --END-- [ RunTime:0.001000s ]

[ 2017-06-30T16:02:53+08:00 ] ::1 /MyJDShop/index.php/Admin/GoodsTypes/listType
INFO: [ app_init ] --START--
INFO: Run Behavior\BuildLiteBehavior [ RunTime:0.000000s ]
INFO: [ app_init ] --END-- [ RunTime:0.000000s ]
INFO: [ app_begin ] --START--
INFO: Run Behavior\ReadHtmlCacheBehavior [ RunTime:0.001000s ]
INFO: [ app_begin ] --END-- [ RunTime:0.001000s ]
SQL: SHOW COLUMNS FROM `goodstypes` [ RunTime:0.0510s ]
SQL: SELECT * FROM `goodstypes` WHERE ( fid=0 )  [ RunTime:0.0010s ]
SQL: SELECT * FROM `goodstypes` WHERE ( fid=1 )  [ RunTime:0.0000s ]
SQL: SELECT * FROM `goodstypes` WHERE ( fid=2 )  [ RunTime:0.0000s ]
SQL: SELECT * FROM `goodstypes` WHERE ( fid=3 )  [ RunTime:0.0000s ]
SQL: SELECT * FROM `goodstypes` WHERE ( fid=7 )  [ RunTime:0.0010s ]
SQL: SELECT * FROM `goodstypes` WHERE ( fid=29 )  [ RunTime:0.0010s ]
SQL: SELECT * FROM `goodstypes` WHERE ( fid=33 )  [ RunTime:0.0010s ]
SQL: SELECT * FROM `goodstypes` WHERE ( fid=34 )  [ RunTime:0.0000s ]
SQL: SELECT * FROM `goodstypes` WHERE ( fid=35 )  [ RunTime:0.0000s ]
SQL: SELECT * FROM `goodstypes` WHERE ( fid=4 )  [ RunTime:0.0010s ]
SQL: SELECT * FROM `goodstypes` WHERE ( fid=5 )  [ RunTime:0.0010s ]
SQL: SELECT * FROM `goodstypes` WHERE ( fid=6 )  [ RunTime:0.0010s ]
SQL: SELECT * FROM `goodstypes` WHERE ( fid=8 )  [ RunTime:0.0010s ]
SQL: SELECT * FROM `goodstypes` WHERE ( fid=9 )  [ RunTime:0.0010s ]
SQL: SELECT * FROM `goodstypes` WHERE ( fid=10 )  [ RunTime:0.0010s ]
SQL: SELECT * FROM `goodstypes` WHERE ( fid=11 )  [ RunTime:0.0010s ]
SQL: SELECT * FROM `goodstypes` WHERE ( fid=13 )  [ RunTime:0.0010s ]
SQL: SELECT * FROM `goodstypes` WHERE ( fid=12 )  [ RunTime:0.0010s ]
SQL: SELECT * FROM `goodstypes` WHERE ( fid=14 )  [ RunTime:0.0000s ]
NOTIC: [8] Undefined index: search_name C:\www\MyJDShop\Application\Admin\Model\GoodsTypesModel.class.php 第 32 行.
SQL: SELECT * FROM `goodstypes` WHERE ( fid=0 )  [ RunTime:0.0000s ]
INFO: [ view_parse ] --START--
INFO: [ template_filter ] --START--
INFO: Run Behavior\ContentReplaceBehavior [ RunTime:0.000000s ]
INFO: [ template_filter ] --END-- [ RunTime:0.000000s ]
INFO: Run Behavior\ParseTemplateBehavior [ RunTime:0.012000s ]
INFO: [ view_parse ] --END-- [ RunTime:0.012000s ]
INFO: [ view_filter ] --START--
INFO: Run Behavior\WriteHtmlCacheBehavior [ RunTime:0.001000s ]
INFO: [ view_filter ] --END-- [ RunTime:0.001000s ]
INFO: [ app_end ] --START--
INFO: Run Behavior\ShowPageTraceBehavior [ RunTime:0.001000s ]
INFO: [ app_end ] --END-- [ RunTime:0.001000s ]

[ 2017-06-30T16:02:57+08:00 ] ::1 /MyJDShop/index.php/Admin/Product/listProduct
INFO: [ app_init ] --START--
INFO: Run Behavior\BuildLiteBehavior [ RunTime:0.000000s ]
INFO: [ app_init ] --END-- [ RunTime:0.000000s ]
INFO: [ app_begin ] --START--
INFO: Run Behavior\ReadHtmlCacheBehavior [ RunTime:0.000000s ]
INFO: [ app_begin ] --END-- [ RunTime:0.001000s ]
SQL: SHOW COLUMNS FROM `product` [ RunTime:0.0000s ]
SQL: SHOW COLUMNS FROM `goodstypes` [ RunTime:0.0010s ]
SQL: SHOW COLUMNS FROM `brand` [ RunTime:0.0010s ]
SQL: SHOW COLUMNS FROM `productimage` [ RunTime:0.0010s ]
NOTIC: [8] Undefined index: search_typestr C:\www\MyJDShop\Application\Admin\Controller\ProductController.class.php 第 56 行.
NOTIC: [8] Undefined index: search_brandid C:\www\MyJDShop\Application\Admin\Controller\ProductController.class.php 第 57 行.
NOTIC: [8] Undefined index: search_name C:\www\MyJDShop\Application\Admin\Controller\ProductController.class.php 第 58 行.
SQL: SELECT COUNT(*) AS tp_count FROM `product` WHERE ( typestr like '%%' and productname like '%%' ) LIMIT 1   [ RunTime:0.0000s ]
SQL: SELECT p.*,b.brandname FROM product p INNER JOIN brand as b on b.brandid=p.brandid  WHERE ( p.typestr like '%%' and p.productname like '%%' ) LIMIT 0,10   [ RunTime:0.0010s ]
SQL: SHOW COLUMNS FROM `goodstypes` [ RunTime:0.0010s ]
SQL: SELECT * FROM `goodstypes` WHERE ( typeid=1 ) LIMIT 1   [ RunTime:0.0010s ]
SQL: SELECT * FROM `goodstypes` WHERE ( typeid=2 ) LIMIT 1   [ RunTime:0.0010s ]
SQL: SELECT * FROM `goodstypes` WHERE ( typeid=3 ) LIMIT 1   [ RunTime:0.0000s ]
SQL: SELECT * FROM `productimage` WHERE ( productid=1 ) LIMIT 1   [ RunTime:0.0000s ]
SQL: SELECT * FROM `goodstypes` WHERE ( typeid=1 ) LIMIT 1   [ RunTime:0.0000s ]
SQL: SELECT * FROM `goodstypes` WHERE ( typeid=2 ) LIMIT 1   [ RunTime:0.0000s ]
SQL: SELECT * FROM `goodstypes` WHERE ( typeid=3 ) LIMIT 1   [ RunTime:0.0010s ]
SQL: SELECT * FROM `productimage` WHERE ( productid=2 ) LIMIT 1   [ RunTime:0.0000s ]
SQL: SELECT * FROM `goodstypes` WHERE ( typeid=1 ) LIMIT 1   [ RunTime:0.0000s ]
SQL: SELECT * FROM `goodstypes` WHERE ( typeid=2 ) LIMIT 1   [ RunTime:0.0000s ]
SQL: SELECT * FROM `goodstypes` WHERE ( typeid=3 ) LIMIT 1   [ RunTime:0.0010s ]
SQL: SELECT * FROM `productimage` WHERE ( productid=3 ) LIMIT 1   [ RunTime:0.0000s ]
SQL: SELECT * FROM `goodstypes` WHERE ( typeid=1 ) LIMIT 1   [ RunTime:0.0000s ]
SQL: SELECT * FROM `goodstypes` WHERE ( typeid=2 ) LIMIT 1   [ RunTime:0.0010s ]
SQL: SELECT * FROM `goodstypes` WHERE ( typeid=3 ) LIMIT 1   [ RunTime:0.0000s ]
SQL: SELECT * FROM `productimage` WHERE ( productid=4 ) LIMIT 1   [ RunTime:0.0000s ]
SQL: SELECT * FROM `goodstypes` WHERE ( typeid=1 ) LIMIT 1   [ RunTime:0.0000s ]
SQL: SELECT * FROM `goodstypes` WHERE ( typeid=2 ) LIMIT 1   [ RunTime:0.0010s ]
SQL: SELECT * FROM `goodstypes` WHERE ( typeid=29 ) LIMIT 1   [ RunTime:0.0000s ]
SQL: SELECT * FROM `productimage` WHERE ( productid=5 ) LIMIT 1   [ RunTime:0.0000s ]
SQL: SELECT * FROM `goodstypes` WHERE ( typeid=1 ) LIMIT 1   [ RunTime:0.0010s ]
SQL: SELECT * FROM `goodstypes` WHERE ( typeid=2 ) LIMIT 1   [ RunTime:0.0000s ]
SQL: SELECT * FROM `goodstypes` WHERE ( typeid=29 ) LIMIT 1   [ RunTime:0.0000s ]
SQL: SELECT * FROM `productimage` WHERE ( productid=6 ) LIMIT 1   [ RunTime:0.0000s ]
SQL: SELECT * FROM `goodstypes` WHERE ( typeid=4 ) LIMIT 1   [ RunTime:0.0000s ]
SQL: SELECT * FROM `productimage` WHERE ( productid=7 ) LIMIT 1   [ RunTime:0.0000s ]
SQL: SELECT * FROM `goodstypes` WHERE ( fid=0 )  [ RunTime:0.0000s ]
SQL: SELECT * FROM `goodstypes` WHERE ( fid=1 )  [ RunTime:0.0000s ]
SQL: SELECT * FROM `goodstypes` WHERE ( fid=2 )  [ RunTime:0.0000s ]
SQL: SELECT * FROM `goodstypes` WHERE ( fid=3 )  [ RunTime:0.0000s ]
SQL: SELECT * FROM `goodstypes` WHERE ( fid=7 )  [ RunTime:0.0000s ]
SQL: SELECT * FROM `goodstypes` WHERE ( fid=29 )  [ RunTime:0.0000s ]
SQL: SELECT * FROM `goodstypes` WHERE ( fid=33 )  [ RunTime:0.0000s ]
SQL: SELECT * FROM `goodstypes` WHERE ( fid=34 )  [ RunTime:0.0000s ]
SQL: SELECT * FROM `goodstypes` WHERE ( fid=35 )  [ RunTime:0.0000s ]
SQL: SELECT * FROM `goodstypes` WHERE ( fid=4 )  [ RunTime:0.0000s ]
SQL: SELECT * FROM `goodstypes` WHERE ( fid=5 )  [ RunTime:0.0010s ]
SQL: SELECT * FROM `goodstypes` WHERE ( fid=6 )  [ RunTime:0.0000s ]
SQL: SELECT * FROM `goodstypes` WHERE ( fid=8 )  [ RunTime:0.0000s ]
SQL: SELECT * FROM `goodstypes` WHERE ( fid=9 )  [ RunTime:0.0000s ]
SQL: SELECT * FROM `goodstypes` WHERE ( fid=10 )  [ RunTime:0.0010s ]
SQL: SELECT * FROM `goodstypes` WHERE ( fid=11 )  [ RunTime:0.0000s ]
SQL: SELECT * FROM `goodstypes` WHERE ( fid=13 )  [ RunTime:0.0000s ]
SQL: SELECT * FROM `goodstypes` WHERE ( fid=12 )  [ RunTime:0.0000s ]
SQL: SELECT * FROM `goodstypes` WHERE ( fid=14 )  [ RunTime:0.0000s ]
SQL: SELECT * FROM `brand`  [ RunTime:0.0010s ]
NOTIC: [8] Undefined index: search_name C:\www\MyJDShop\Application\Admin\Controller\ProductController.class.php 第 115 行.
INFO: [ view_parse ] --START--
INFO: [ template_filter ] --START--
INFO: Run Behavior\ContentReplaceBehavior [ RunTime:0.000000s ]
INFO: [ template_filter ] --END-- [ RunTime:0.000000s ]
NOTIC: [8] Use of undefined constant state - assumed 'state' C:\www\MyJDShop\Application\Runtime\Cache\Admin\93e0f7523886d2a47fa20aa756c0852d.php 第 130 行.
NOTIC: [8] Use of undefined constant isdel - assumed 'isdel' C:\www\MyJDShop\Application\Runtime\Cache\Admin\93e0f7523886d2a47fa20aa756c0852d.php 第 132 行.
NOTIC: [8] Use of undefined constant state - assumed 'state' C:\www\MyJDShop\Application\Runtime\Cache\Admin\93e0f7523886d2a47fa20aa756c0852d.php 第 130 行.
NOTIC: [8] Use of undefined constant isdel - assumed 'isdel' C:\www\MyJDShop\Application\Runtime\Cache\Admin\93e0f7523886d2a47fa20aa756c0852d.php 第 132 行.
NOTIC: [8] Use of undefined constant state - assumed 'state' C:\www\MyJDShop\Application\Runtime\Cache\Admin\93e0f7523886d2a47fa20aa756c0852d.php 第 130 行.
NOTIC: [8] Use of undefined constant isdel - assumed 'isdel' C:\www\MyJDShop\Application\Runtime\Cache\Admin\93e0f7523886d2a47fa20aa756c0852d.php 第 132 行.
NOTIC: [8] Use of undefined constant state - assumed 'state' C:\www\MyJDShop\Application\Runtime\Cache\Admin\93e0f7523886d2a47fa20aa756c0852d.php 第 130 行.
NOTIC: [8] Use of undefined constant isdel - assumed 'isdel' C:\www\MyJDShop\Application\Runtime\Cache\Admin\93e0f7523886d2a47fa20aa756c0852d.php 第 132 行.
NOTIC: [8] Use of undefined constant state - assumed 'state' C:\www\MyJDShop\Application\Runtime\Cache\Admin\93e0f7523886d2a47fa20aa756c0852d.php 第 130 行.
NOTIC: [8] Use of undefined constant isdel - assumed 'isdel' C:\www\MyJDShop\Application\Runtime\Cache\Admin\93e0f7523886d2a47fa20aa756c0852d.php 第 132 行.
NOTIC: [8] Use of undefined constant state - assumed 'state' C:\www\MyJDShop\Application\Runtime\Cache\Admin\93e0f7523886d2a47fa20aa756c0852d.php 第 130 行.
NOTIC: [8] Use of undefined constant isdel - assumed 'isdel' C:\www\MyJDShop\Application\Runtime\Cache\Admin\93e0f7523886d2a47fa20aa756c0852d.php 第 132 行.
NOTIC: [8] Use of undefined constant state - assumed 'state' C:\www\MyJDShop\Application\Runtime\Cache\Admin\93e0f7523886d2a47fa20aa756c0852d.php 第 130 行.
NOTIC: [8] Use of undefined constant isdel - assumed 'isdel' C:\www\MyJDShop\Application\Runtime\Cache\Admin\93e0f7523886d2a47fa20aa756c0852d.php 第 132 行.
INFO: Run Behavior\ParseTemplateBehavior [ RunTime:0.006000s ]
INFO: [ view_parse ] --END-- [ RunTime:0.006000s ]
INFO: [ view_filter ] --START--
INFO: Run Behavior\WriteHtmlCacheBehavior [ RunTime:0.001000s ]
INFO: [ view_filter ] --END-- [ RunTime:0.001000s ]
INFO: [ app_end ] --START--
INFO: Run Behavior\ShowPageTraceBehavior [ RunTime:0.000000s ]
INFO: [ app_end ] --END-- [ RunTime:0.001000s ]

[ 2017-06-30T16:02:57+08:00 ] ::1 /MyJDShop/index.php/Admin/Product/ajax?typeid=&brandid=
INFO: [ app_init ] --START--
INFO: Run Behavior\BuildLiteBehavior [ RunTime:0.000000s ]
INFO: [ app_init ] --END-- [ RunTime:0.001000s ]
INFO: [ app_begin ] --START--
INFO: Run Behavior\ReadHtmlCacheBehavior [ RunTime:0.001000s ]
INFO: [ app_begin ] --END-- [ RunTime:0.001000s ]
SQL: SHOW COLUMNS FROM `brand` [ RunTime:0.0010s ]
NOTIC: [8] Undefined offset: 1 C:\www\MyJDShop\Application\Admin\Controller\ProductController.class.php 第 127 行.
ERR: 1064:You have an error in your SQL syntax; check the manual that corresponds to your MySQL server version for the right syntax to use near ')' at line 1
 [ SQL语句 ] : SELECT * FROM `brand` WHERE ( typeid= ) 
ERR: 1064:You have an error in your SQL syntax; check the manual that corresponds to your MySQL server version for the right syntax to use near ')' at line 1
 [ SQL语句 ] : SELECT * FROM `brand` WHERE ( typeid= ) 

