[ 2017-07-17T22:05:30+08:00 ] 127.0.0.1 /MyJDShop/index.php/User/User/userinfo
INFO: [ app_init ] --START--
INFO: Run Behavior\BuildLiteBehavior [ RunTime:0.000018s ]
INFO: [ app_init ] --END-- [ RunTime:0.000658s ]
INFO: [ app_begin ] --START--
INFO: Run Behavior\ReadHtmlCacheBehavior [ RunTime:0.001031s ]
INFO: [ app_begin ] --END-- [ RunTime:0.001100s ]
SQL: SHOW COLUMNS FROM `goodstypes` [ RunTime:0.0111s ]
SQL: SELECT * FROM `goodstypes` WHERE ( fid=0 and isdel=1 )  [ RunTime:0.0004s ]
SQL: SHOW COLUMNS FROM `goodstypes` [ RunTime:0.0094s ]
SQL: SELECT * FROM `goodstypes` WHERE ( fid=0 )  [ RunTime:0.0003s ]
SQL: SELECT * FROM `goodstypes` WHERE ( fid=1 )  [ RunTime:0.0002s ]
SQL: SELECT * FROM `goodstypes` WHERE ( fid=2 )  [ RunTime:0.0002s ]
SQL: SELECT * FROM `goodstypes` WHERE ( fid=33 )  [ RunTime:0.0002s ]
SQL: SELECT * FROM `goodstypes` WHERE ( fid=4 )  [ RunTime:0.0002s ]
SQL: SELECT * FROM `goodstypes` WHERE ( fid=5 )  [ RunTime:0.0003s ]
SQL: SELECT * FROM `goodstypes` WHERE ( fid=10 )  [ RunTime:0.0003s ]
SQL: SELECT * FROM `goodstypes` WHERE ( fid=11 )  [ RunTime:0.0003s ]
SQL: SELECT * FROM `goodstypes` WHERE ( fid=12 )  [ RunTime:0.0003s ]
NOTIC: [8] Undefined index: typeid E:\PHP\www\MyJDShop\Application\User\Controller\MainController.class.php 第 19 行.
NOTIC: [8] Undefined index: typeid E:\PHP\www\MyJDShop\Application\User\Controller\MainController.class.php 第 21 行.
NOTIC: [8] Undefined index: typeid E:\PHP\www\MyJDShop\Application\User\Controller\MainController.class.php 第 22 行.
SQL: SHOW COLUMNS FROM `product` [ RunTime:0.0093s ]
SQL: SELECT `productid`,`productname` FROM `product` ORDER BY clicknum desc LIMIT 0,3   [ RunTime:0.0003s ]
SQL: SHOW COLUMNS FROM `users` [ RunTime:0.0121s ]
SQL: SELECT * FROM `users` WHERE ( userid=1 ) LIMIT 1   [ RunTime:0.0003s ]
INFO: [ view_parse ] --START--
INFO: [ template_filter ] --START--
INFO: Run Behavior\ContentReplaceBehavior [ RunTime:0.000091s ]
INFO: [ template_filter ] --END-- [ RunTime:0.000134s ]
NOTIC: [8] Undefined index: search E:\PHP\www\MyJDShop\Application\Runtime\Cache\User\6b9436c94cad7c664832805243d0eb38.php 第 56 行.
NOTIC: [8] Undefined variable: clickArr E:\PHP\www\MyJDShop\Application\Runtime\Cache\User\6b9436c94cad7c664832805243d0eb38.php 第 103 行.
NOTIC: [8] Undefined variable: cartNum E:\PHP\www\MyJDShop\Application\Runtime\Cache\User\6b9436c94cad7c664832805243d0eb38.php 第 120 行.
NOTIC: [8] Use of undefined constant mygz - assumed 'mygz' E:\PHP\www\MyJDShop\Application\Runtime\Cache\User\6b9436c94cad7c664832805243d0eb38.php 第 184 行.
NOTIC: [8] Use of undefined constant history - assumed 'history' E:\PHP\www\MyJDShop\Application\Runtime\Cache\User\6b9436c94cad7c664832805243d0eb38.php 第 185 行.
NOTIC: [8] Use of undefined constant userinfo - assumed 'userinfo' E:\PHP\www\MyJDShop\Application\Runtime\Cache\User\6b9436c94cad7c664832805243d0eb38.php 第 190 行.
NOTIC: [8] Use of undefined constant balance - assumed 'balance' E:\PHP\www\MyJDShop\Application\Runtime\Cache\User\6b9436c94cad7c664832805243d0eb38.php 第 191 行.
NOTIC: [8] Use of undefined constant record - assumed 'record' E:\PHP\www\MyJDShop\Application\Runtime\Cache\User\6b9436c94cad7c664832805243d0eb38.php 第 192 行.
NOTIC: [8] Use of undefined constant integral - assumed 'integral' E:\PHP\www\MyJDShop\Application\Runtime\Cache\User\6b9436c94cad7c664832805243d0eb38.php 第 193 行.
NOTIC: [8] Use of undefined constant addAddr - assumed 'addAddr' E:\PHP\www\MyJDShop\Application\Runtime\Cache\User\6b9436c94cad7c664832805243d0eb38.php 第 194 行.
NOTIC: [8] Use of undefined constant repair - assumed 'repair' E:\PHP\www\MyJDShop\Application\Runtime\Cache\User\6b9436c94cad7c664832805243d0eb38.php 第 199 行.
NOTIC: [8] Use of undefined constant complain - assumed 'complain' E:\PHP\www\MyJDShop\Application\Runtime\Cache\User\6b9436c94cad7c664832805243d0eb38.php 第 200 行.
INFO: Run Behavior\ParseTemplateBehavior [ RunTime:0.063977s ]
INFO: [ view_parse ] --END-- [ RunTime:0.064025s ]
INFO: [ view_filter ] --START--
INFO: Run Behavior\WriteHtmlCacheBehavior [ RunTime:0.000377s ]
INFO: [ view_filter ] --END-- [ RunTime:0.000410s ]
INFO: [ app_end ] --START--
INFO: Run Behavior\ShowPageTraceBehavior [ RunTime:0.000620s ]
INFO: [ app_end ] --END-- [ RunTime:0.000660s ]

[ 2017-07-17T22:05:30+08:00 ] 127.0.0.1 /MyJDShop/index.php/User/User/style/base.css
INFO: [ app_init ] --START--
INFO: Run Behavior\BuildLiteBehavior [ RunTime:0.000013s ]
INFO: [ app_init ] --END-- [ RunTime:0.000465s ]
INFO: [ app_begin ] --START--
INFO: Run Behavior\ReadHtmlCacheBehavior [ RunTime:0.000595s ]
INFO: [ app_begin ] --END-- [ RunTime:0.000638s ]
SQL: SHOW COLUMNS FROM `goodstypes` [ RunTime:0.0059s ]
SQL: SELECT * FROM `goodstypes` WHERE ( fid=0 and isdel=1 )  [ RunTime:0.0003s ]
SQL: SHOW COLUMNS FROM `goodstypes` [ RunTime:0.0062s ]
SQL: SELECT * FROM `goodstypes` WHERE ( fid=0 )  [ RunTime:0.0002s ]
SQL: SELECT * FROM `goodstypes` WHERE ( fid=1 )  [ RunTime:0.0002s ]
SQL: SELECT * FROM `goodstypes` WHERE ( fid=2 )  [ RunTime:0.0002s ]
SQL: SELECT * FROM `goodstypes` WHERE ( fid=33 )  [ RunTime:0.0002s ]
SQL: SELECT * FROM `goodstypes` WHERE ( fid=4 )  [ RunTime:0.0001s ]
SQL: SELECT * FROM `goodstypes` WHERE ( fid=5 )  [ RunTime:0.0001s ]
SQL: SELECT * FROM `goodstypes` WHERE ( fid=10 )  [ RunTime:0.0001s ]
SQL: SELECT * FROM `goodstypes` WHERE ( fid=11 )  [ RunTime:0.0001s ]
SQL: SELECT * FROM `goodstypes` WHERE ( fid=12 )  [ RunTime:0.0001s ]
NOTIC: [8] Undefined index: typeid E:\PHP\www\MyJDShop\Application\User\Controller\MainController.class.php 第 19 行.
NOTIC: [8] Undefined index: typeid E:\PHP\www\MyJDShop\Application\User\Controller\MainController.class.php 第 21 行.
NOTIC: [8] Undefined index: typeid E:\PHP\www\MyJDShop\Application\User\Controller\MainController.class.php 第 22 行.
SQL: SHOW COLUMNS FROM `product` [ RunTime:0.0062s ]
SQL: SELECT `productid`,`productname` FROM `product` ORDER BY clicknum desc LIMIT 0,3   [ RunTime:0.0002s ]
ERR: 非法操作:style

[ 2017-07-17T22:05:30+08:00 ] 127.0.0.1 /MyJDShop/index.php/User/User/style/global.css
INFO: [ app_init ] --START--
INFO: Run Behavior\BuildLiteBehavior [ RunTime:0.000011s ]
INFO: [ app_init ] --END-- [ RunTime:0.000449s ]
INFO: [ app_begin ] --START--
INFO: Run Behavior\ReadHtmlCacheBehavior [ RunTime:0.000568s ]
INFO: [ app_begin ] --END-- [ RunTime:0.000606s ]
SQL: SHOW COLUMNS FROM `goodstypes` [ RunTime:0.0077s ]
SQL: SELECT * FROM `goodstypes` WHERE ( fid=0 and isdel=1 )  [ RunTime:0.0003s ]
SQL: SHOW COLUMNS FROM `goodstypes` [ RunTime:0.0059s ]
SQL: SELECT * FROM `goodstypes` WHERE ( fid=0 )  [ RunTime:0.0002s ]
SQL: SELECT * FROM `goodstypes` WHERE ( fid=1 )  [ RunTime:0.0002s ]
SQL: SELECT * FROM `goodstypes` WHERE ( fid=2 )  [ RunTime:0.0002s ]
SQL: SELECT * FROM `goodstypes` WHERE ( fid=33 )  [ RunTime:0.0002s ]
SQL: SELECT * FROM `goodstypes` WHERE ( fid=4 )  [ RunTime:0.0001s ]
SQL: SELECT * FROM `goodstypes` WHERE ( fid=5 )  [ RunTime:0.0001s ]
SQL: SELECT * FROM `goodstypes` WHERE ( fid=10 )  [ RunTime:0.0001s ]
SQL: SELECT * FROM `goodstypes` WHERE ( fid=11 )  [ RunTime:0.0001s ]
SQL: SELECT * FROM `goodstypes` WHERE ( fid=12 )  [ RunTime:0.0001s ]
NOTIC: [8] Undefined index: typeid E:\PHP\www\MyJDShop\Application\User\Controller\MainController.class.php 第 19 行.
NOTIC: [8] Undefined index: typeid E:\PHP\www\MyJDShop\Application\User\Controller\MainController.class.php 第 21 行.
NOTIC: [8] Undefined index: typeid E:\PHP\www\MyJDShop\Application\User\Controller\MainController.class.php 第 22 行.
SQL: SHOW COLUMNS FROM `product` [ RunTime:0.0065s ]
SQL: SELECT `productid`,`productname` FROM `product` ORDER BY clicknum desc LIMIT 0,3   [ RunTime:0.0002s ]
ERR: 非法操作:style

[ 2017-07-17T22:05:30+08:00 ] 127.0.0.1 /MyJDShop/index.php/User/User/style/bottomnav.css
INFO: [ app_init ] --START--
INFO: Run Behavior\BuildLiteBehavior [ RunTime:0.000018s ]
INFO: [ app_init ] --END-- [ RunTime:0.000618s ]
INFO: [ app_begin ] --START--
INFO: Run Behavior\ReadHtmlCacheBehavior [ RunTime:0.000869s ]
INFO: [ app_begin ] --END-- [ RunTime:0.000936s ]
SQL: SHOW COLUMNS FROM `goodstypes` [ RunTime:0.0061s ]
SQL: SELECT * FROM `goodstypes` WHERE ( fid=0 and isdel=1 )  [ RunTime:0.0004s ]
SQL: SHOW COLUMNS FROM `goodstypes` [ RunTime:0.0068s ]
SQL: SELECT * FROM `goodstypes` WHERE ( fid=0 )  [ RunTime:0.0003s ]
SQL: SELECT * FROM `goodstypes` WHERE ( fid=1 )  [ RunTime:0.0002s ]
SQL: SELECT * FROM `goodstypes` WHERE ( fid=2 )  [ RunTime:0.0002s ]
SQL: SELECT * FROM `goodstypes` WHERE ( fid=33 )  [ RunTime:0.0002s ]
SQL: SELECT * FROM `goodstypes` WHERE ( fid=4 )  [ RunTime:0.0002s ]
SQL: SELECT * FROM `goodstypes` WHERE ( fid=5 )  [ RunTime:0.0002s ]
SQL: SELECT * FROM `goodstypes` WHERE ( fid=10 )  [ RunTime:0.0002s ]
SQL: SELECT * FROM `goodstypes` WHERE ( fid=11 )  [ RunTime:0.0002s ]
SQL: SELECT * FROM `goodstypes` WHERE ( fid=12 )  [ RunTime:0.0002s ]
NOTIC: [8] Undefined index: typeid E:\PHP\www\MyJDShop\Application\User\Controller\MainController.class.php 第 19 行.
NOTIC: [8] Undefined index: typeid E:\PHP\www\MyJDShop\Application\User\Controller\MainController.class.php 第 21 行.
NOTIC: [8] Undefined index: typeid E:\PHP\www\MyJDShop\Application\User\Controller\MainController.class.php 第 22 行.
SQL: SHOW COLUMNS FROM `product` [ RunTime:0.0066s ]
SQL: SELECT `productid`,`productname` FROM `product` ORDER BY clicknum desc LIMIT 0,3   [ RunTime:0.0002s ]
ERR: 非法操作:style

[ 2017-07-17T22:05:30+08:00 ] 127.0.0.1 /MyJDShop/index.php/User/User/style/base.css
INFO: [ app_init ] --START--
INFO: Run Behavior\BuildLiteBehavior [ RunTime:0.000012s ]
INFO: [ app_init ] --END-- [ RunTime:0.000450s ]
INFO: [ app_begin ] --START--
INFO: Run Behavior\ReadHtmlCacheBehavior [ RunTime:0.000528s ]
INFO: [ app_begin ] --END-- [ RunTime:0.000569s ]
SQL: SHOW COLUMNS FROM `goodstypes` [ RunTime:0.0060s ]
SQL: SELECT * FROM `goodstypes` WHERE ( fid=0 and isdel=1 )  [ RunTime:0.0002s ]
SQL: SHOW COLUMNS FROM `goodstypes` [ RunTime:0.0059s ]
SQL: SELECT * FROM `goodstypes` WHERE ( fid=0 )  [ RunTime:0.0002s ]
SQL: SELECT * FROM `goodstypes` WHERE ( fid=1 )  [ RunTime:0.0002s ]
SQL: SELECT * FROM `goodstypes` WHERE ( fid=2 )  [ RunTime:0.0002s ]
SQL: SELECT * FROM `goodstypes` WHERE ( fid=33 )  [ RunTime:0.0001s ]
SQL: SELECT * FROM `goodstypes` WHERE ( fid=4 )  [ RunTime:0.0001s ]
SQL: SELECT * FROM `goodstypes` WHERE ( fid=5 )  [ RunTime:0.0001s ]
SQL: SELECT * FROM `goodstypes` WHERE ( fid=10 )  [ RunTime:0.0001s ]
SQL: SELECT * FROM `goodstypes` WHERE ( fid=11 )  [ RunTime:0.0001s ]
SQL: SELECT * FROM `goodstypes` WHERE ( fid=12 )  [ RunTime:0.0001s ]
NOTIC: [8] Undefined index: typeid E:\PHP\www\MyJDShop\Application\User\Controller\MainController.class.php 第 19 行.
NOTIC: [8] Undefined index: typeid E:\PHP\www\MyJDShop\Application\User\Controller\MainController.class.php 第 21 行.
NOTIC: [8] Undefined index: typeid E:\PHP\www\MyJDShop\Application\User\Controller\MainController.class.php 第 22 行.
SQL: SHOW COLUMNS FROM `product` [ RunTime:0.0061s ]
SQL: SELECT `productid`,`productname` FROM `product` ORDER BY clicknum desc LIMIT 0,3   [ RunTime:0.0002s ]
ERR: 非法操作:style

[ 2017-07-17T22:05:30+08:00 ] 127.0.0.1 /MyJDShop/index.php/User/User/style/global.css
INFO: [ app_init ] --START--
INFO: Run Behavior\BuildLiteBehavior [ RunTime:0.000019s ]
INFO: [ app_init ] --END-- [ RunTime:0.000507s ]
INFO: [ app_begin ] --START--
INFO: Run Behavior\ReadHtmlCacheBehavior [ RunTime:0.000479s ]
INFO: [ app_begin ] --END-- [ RunTime:0.000517s ]
SQL: SHOW COLUMNS FROM `goodstypes` [ RunTime:0.0058s ]
SQL: SELECT * FROM `goodstypes` WHERE ( fid=0 and isdel=1 )  [ RunTime:0.0002s ]
SQL: SHOW COLUMNS FROM `goodstypes` [ RunTime:0.0061s ]
SQL: SELECT * FROM `goodstypes` WHERE ( fid=0 )  [ RunTime:0.0002s ]
SQL: SELECT * FROM `goodstypes` WHERE ( fid=1 )  [ RunTime:0.0002s ]
SQL: SELECT * FROM `goodstypes` WHERE ( fid=2 )  [ RunTime:0.0002s ]
SQL: SELECT * FROM `goodstypes` WHERE ( fid=33 )  [ RunTime:0.0001s ]
SQL: SELECT * FROM `goodstypes` WHERE ( fid=4 )  [ RunTime:0.0001s ]
SQL: SELECT * FROM `goodstypes` WHERE ( fid=5 )  [ RunTime:0.0002s ]
SQL: SELECT * FROM `goodstypes` WHERE ( fid=10 )  [ RunTime:0.0002s ]
SQL: SELECT * FROM `goodstypes` WHERE ( fid=11 )  [ RunTime:0.0002s ]
SQL: SELECT * FROM `goodstypes` WHERE ( fid=12 )  [ RunTime:0.0001s ]
NOTIC: [8] Undefined index: typeid E:\PHP\www\MyJDShop\Application\User\Controller\MainController.class.php 第 19 行.
NOTIC: [8] Undefined index: typeid E:\PHP\www\MyJDShop\Application\User\Controller\MainController.class.php 第 21 行.
NOTIC: [8] Undefined index: typeid E:\PHP\www\MyJDShop\Application\User\Controller\MainController.class.php 第 22 行.
SQL: SHOW COLUMNS FROM `product` [ RunTime:0.0063s ]
SQL: SELECT `productid`,`productname` FROM `product` ORDER BY clicknum desc LIMIT 0,3   [ RunTime:0.0002s ]
ERR: 非法操作:style

