[ 2017-07-19T22:53:49+08:00 ] 127.0.0.1 /MyJDShop/index.php/User/Order/index
INFO: [ app_init ] --START--
INFO: Run Behavior\BuildLiteBehavior [ RunTime:0.000019s ]
INFO: [ app_init ] --END-- [ RunTime:0.000728s ]
INFO: [ app_begin ] --START--
INFO: Run Behavior\ReadHtmlCacheBehavior [ RunTime:0.000860s ]
INFO: [ app_begin ] --END-- [ RunTime:0.000932s ]
SQL: SHOW COLUMNS FROM `goodstypes` [ RunTime:0.0070s ]
SQL: SELECT * FROM `goodstypes` WHERE ( fid=0 and isdel=1 )  [ RunTime:0.0003s ]
SQL: SHOW COLUMNS FROM `goodstypes` [ RunTime:0.0070s ]
SQL: SELECT * FROM `goodstypes` WHERE ( fid=0 )  [ RunTime:0.0002s ]
SQL: SELECT * FROM `goodstypes` WHERE ( fid=1 )  [ RunTime:0.0002s ]
SQL: SELECT * FROM `goodstypes` WHERE ( fid=2 )  [ RunTime:0.0002s ]
SQL: SELECT * FROM `goodstypes` WHERE ( fid=33 )  [ RunTime:0.0002s ]
SQL: SELECT * FROM `goodstypes` WHERE ( fid=4 )  [ RunTime:0.0002s ]
SQL: SELECT * FROM `goodstypes` WHERE ( fid=5 )  [ RunTime:0.0002s ]
SQL: SELECT * FROM `goodstypes` WHERE ( fid=10 )  [ RunTime:0.0002s ]
SQL: SELECT * FROM `goodstypes` WHERE ( fid=11 )  [ RunTime:0.0002s ]
SQL: SELECT * FROM `goodstypes` WHERE ( fid=12 )  [ RunTime:0.0002s ]
NOTIC: [8] Undefined index: typeid E:\PHP\www\MyJDShop\Application\User\Controller\MainController.class.php 第 19 行.
NOTIC: [8] Undefined index: typeid E:\PHP\www\MyJDShop\Application\User\Controller\MainController.class.php 第 21 行.
NOTIC: [8] Undefined index: typeid E:\PHP\www\MyJDShop\Application\User\Controller\MainController.class.php 第 22 行.
SQL: SHOW COLUMNS FROM `product` [ RunTime:0.0072s ]
SQL: SELECT `productid`,`productname` FROM `product` ORDER BY clicknum desc LIMIT 0,3   [ RunTime:0.0003s ]
SQL: SHOW COLUMNS FROM `orderinfo` [ RunTime:0.0092s ]
SQL: SHOW COLUMNS FROM `orderdetails` [ RunTime:0.0074s ]
SQL: SHOW COLUMNS FROM `productimage` [ RunTime:0.0066s ]
SQL: SHOW COLUMNS FROM `product` [ RunTime:0.0072s ]
SQL: SHOW COLUMNS FROM `productimage` [ RunTime:0.0067s ]
SQL: SELECT * FROM `orderinfo` WHERE ( userid=1 ) ORDER BY id desc  [ RunTime:0.0183s ]
SQL: SELECT * FROM `orderdetails` WHERE ( orderid=29 )  [ RunTime:0.0003s ]
SQL: SELECT * FROM `productimage` WHERE ( productid=3 ) LIMIT 1   [ RunTime:0.0002s ]
SQL: SELECT * FROM `product` WHERE ( productid=3 )  [ RunTime:0.0002s ]
SQL: SELECT * FROM `orderdetails` WHERE ( orderid=28 )  [ RunTime:0.0002s ]
SQL: SELECT * FROM `productimage` WHERE ( productid=3 ) LIMIT 1   [ RunTime:0.0002s ]
SQL: SELECT * FROM `product` WHERE ( productid=3 )  [ RunTime:0.0002s ]
SQL: SELECT * FROM `orderdetails` WHERE ( orderid=27 )  [ RunTime:0.0002s ]
SQL: SELECT * FROM `productimage` WHERE ( productid=7 ) LIMIT 1   [ RunTime:0.0002s ]
SQL: SELECT * FROM `product` WHERE ( productid=7 )  [ RunTime:0.0002s ]
SQL: SELECT * FROM `orderdetails` WHERE ( orderid=26 )  [ RunTime:0.0002s ]
SQL: SELECT * FROM `productimage` WHERE ( productid=4 ) LIMIT 1   [ RunTime:0.0002s ]
SQL: SELECT * FROM `product` WHERE ( productid=4 )  [ RunTime:0.0002s ]
SQL: SELECT COUNT(*) AS tp_count FROM `orderinfo` WHERE ( userid=1 and ispay=0 ) LIMIT 1   [ RunTime:0.0002s ]
INFO: [ view_parse ] --START--
INFO: [ template_filter ] --START--
INFO: Run Behavior\ContentReplaceBehavior [ RunTime:0.000170s ]
INFO: [ template_filter ] --END-- [ RunTime:0.000256s ]
NOTIC: [8] Undefined index: search E:\PHP\www\MyJDShop\Application\Runtime\Cache\User\9efe4e2e7d8b5d087d2c6ca784b0e3f7.php 第 64 行.
NOTIC: [8] Undefined variable: clickArr E:\PHP\www\MyJDShop\Application\Runtime\Cache\User\9efe4e2e7d8b5d087d2c6ca784b0e3f7.php 第 111 行.
NOTIC: [8] Undefined variable: cartNum E:\PHP\www\MyJDShop\Application\Runtime\Cache\User\9efe4e2e7d8b5d087d2c6ca784b0e3f7.php 第 128 行.
NOTIC: [8] Use of undefined constant mygz - assumed 'mygz' E:\PHP\www\MyJDShop\Application\Runtime\Cache\User\9efe4e2e7d8b5d087d2c6ca784b0e3f7.php 第 192 行.
NOTIC: [8] Use of undefined constant history - assumed 'history' E:\PHP\www\MyJDShop\Application\Runtime\Cache\User\9efe4e2e7d8b5d087d2c6ca784b0e3f7.php 第 193 行.
NOTIC: [8] Use of undefined constant userinfo - assumed 'userinfo' E:\PHP\www\MyJDShop\Application\Runtime\Cache\User\9efe4e2e7d8b5d087d2c6ca784b0e3f7.php 第 198 行.
NOTIC: [8] Use of undefined constant balance - assumed 'balance' E:\PHP\www\MyJDShop\Application\Runtime\Cache\User\9efe4e2e7d8b5d087d2c6ca784b0e3f7.php 第 199 行.
NOTIC: [8] Use of undefined constant record - assumed 'record' E:\PHP\www\MyJDShop\Application\Runtime\Cache\User\9efe4e2e7d8b5d087d2c6ca784b0e3f7.php 第 200 行.
NOTIC: [8] Use of undefined constant integral - assumed 'integral' E:\PHP\www\MyJDShop\Application\Runtime\Cache\User\9efe4e2e7d8b5d087d2c6ca784b0e3f7.php 第 201 行.
NOTIC: [8] Use of undefined constant addAddr - assumed 'addAddr' E:\PHP\www\MyJDShop\Application\Runtime\Cache\User\9efe4e2e7d8b5d087d2c6ca784b0e3f7.php 第 202 行.
NOTIC: [8] Use of undefined constant repair - assumed 'repair' E:\PHP\www\MyJDShop\Application\Runtime\Cache\User\9efe4e2e7d8b5d087d2c6ca784b0e3f7.php 第 207 行.
NOTIC: [8] Use of undefined constant complain - assumed 'complain' E:\PHP\www\MyJDShop\Application\Runtime\Cache\User\9efe4e2e7d8b5d087d2c6ca784b0e3f7.php 第 208 行.
INFO: Run Behavior\ParseTemplateBehavior [ RunTime:0.148374s ]
INFO: [ view_parse ] --END-- [ RunTime:0.148429s ]
INFO: [ view_filter ] --START--
INFO: Run Behavior\WriteHtmlCacheBehavior [ RunTime:0.000521s ]
INFO: [ view_filter ] --END-- [ RunTime:0.000594s ]
INFO: [ app_end ] --START--
INFO: Run Behavior\ShowPageTraceBehavior [ RunTime:0.000857s ]
INFO: [ app_end ] --END-- [ RunTime:0.000919s ]

[ 2017-07-19T22:53:49+08:00 ] 127.0.0.1 /MyJDShop/index.php/User/Order/style/base.css
INFO: [ app_init ] --START--
INFO: Run Behavior\BuildLiteBehavior [ RunTime:0.000015s ]
INFO: [ app_init ] --END-- [ RunTime:0.000474s ]
INFO: [ app_begin ] --START--
INFO: Run Behavior\ReadHtmlCacheBehavior [ RunTime:0.000675s ]
INFO: [ app_begin ] --END-- [ RunTime:0.000735s ]
SQL: SHOW COLUMNS FROM `goodstypes` [ RunTime:0.0068s ]
SQL: SELECT * FROM `goodstypes` WHERE ( fid=0 and isdel=1 )  [ RunTime:0.0003s ]
SQL: SHOW COLUMNS FROM `goodstypes` [ RunTime:0.0076s ]
SQL: SELECT * FROM `goodstypes` WHERE ( fid=0 )  [ RunTime:0.0002s ]
SQL: SELECT * FROM `goodstypes` WHERE ( fid=1 )  [ RunTime:0.0002s ]
SQL: SELECT * FROM `goodstypes` WHERE ( fid=2 )  [ RunTime:0.0002s ]
SQL: SELECT * FROM `goodstypes` WHERE ( fid=33 )  [ RunTime:0.0002s ]
SQL: SELECT * FROM `goodstypes` WHERE ( fid=4 )  [ RunTime:0.0001s ]
SQL: SELECT * FROM `goodstypes` WHERE ( fid=5 )  [ RunTime:0.0002s ]
SQL: SELECT * FROM `goodstypes` WHERE ( fid=10 )  [ RunTime:0.0001s ]
SQL: SELECT * FROM `goodstypes` WHERE ( fid=11 )  [ RunTime:0.0001s ]
SQL: SELECT * FROM `goodstypes` WHERE ( fid=12 )  [ RunTime:0.0001s ]
NOTIC: [8] Undefined index: typeid E:\PHP\www\MyJDShop\Application\User\Controller\MainController.class.php 第 19 行.
NOTIC: [8] Undefined index: typeid E:\PHP\www\MyJDShop\Application\User\Controller\MainController.class.php 第 21 行.
NOTIC: [8] Undefined index: typeid E:\PHP\www\MyJDShop\Application\User\Controller\MainController.class.php 第 22 行.
SQL: SHOW COLUMNS FROM `product` [ RunTime:0.0065s ]
SQL: SELECT `productid`,`productname` FROM `product` ORDER BY clicknum desc LIMIT 0,3   [ RunTime:0.0003s ]
ERR: 非法操作:style

[ 2017-07-19T22:53:49+08:00 ] 127.0.0.1 /MyJDShop/index.php/User/Order/style/global.css
INFO: [ app_init ] --START--
INFO: Run Behavior\BuildLiteBehavior [ RunTime:0.000017s ]
INFO: [ app_init ] --END-- [ RunTime:0.000575s ]
INFO: [ app_begin ] --START--
INFO: Run Behavior\ReadHtmlCacheBehavior [ RunTime:0.000788s ]
INFO: [ app_begin ] --END-- [ RunTime:0.000846s ]
SQL: SHOW COLUMNS FROM `goodstypes` [ RunTime:0.0063s ]
SQL: SELECT * FROM `goodstypes` WHERE ( fid=0 and isdel=1 )  [ RunTime:0.0002s ]
SQL: SHOW COLUMNS FROM `goodstypes` [ RunTime:0.0063s ]
SQL: SELECT * FROM `goodstypes` WHERE ( fid=0 )  [ RunTime:0.0002s ]
SQL: SELECT * FROM `goodstypes` WHERE ( fid=1 )  [ RunTime:0.0002s ]
SQL: SELECT * FROM `goodstypes` WHERE ( fid=2 )  [ RunTime:0.0002s ]
SQL: SELECT * FROM `goodstypes` WHERE ( fid=33 )  [ RunTime:0.0001s ]
SQL: SELECT * FROM `goodstypes` WHERE ( fid=4 )  [ RunTime:0.0001s ]
SQL: SELECT * FROM `goodstypes` WHERE ( fid=5 )  [ RunTime:0.0001s ]
SQL: SELECT * FROM `goodstypes` WHERE ( fid=10 )  [ RunTime:0.0001s ]
SQL: SELECT * FROM `goodstypes` WHERE ( fid=11 )  [ RunTime:0.0001s ]
SQL: SELECT * FROM `goodstypes` WHERE ( fid=12 )  [ RunTime:0.0001s ]
NOTIC: [8] Undefined index: typeid E:\PHP\www\MyJDShop\Application\User\Controller\MainController.class.php 第 19 行.
NOTIC: [8] Undefined index: typeid E:\PHP\www\MyJDShop\Application\User\Controller\MainController.class.php 第 21 行.
NOTIC: [8] Undefined index: typeid E:\PHP\www\MyJDShop\Application\User\Controller\MainController.class.php 第 22 行.
SQL: SHOW COLUMNS FROM `product` [ RunTime:0.0062s ]
SQL: SELECT `productid`,`productname` FROM `product` ORDER BY clicknum desc LIMIT 0,3   [ RunTime:0.0002s ]
ERR: 非法操作:style

[ 2017-07-19T22:53:49+08:00 ] 127.0.0.1 /MyJDShop/index.php/User/Order/style/bottomnav.css
INFO: [ app_init ] --START--
INFO: Run Behavior\BuildLiteBehavior [ RunTime:0.000011s ]
INFO: [ app_init ] --END-- [ RunTime:0.000355s ]
INFO: [ app_begin ] --START--
INFO: Run Behavior\ReadHtmlCacheBehavior [ RunTime:0.000575s ]
INFO: [ app_begin ] --END-- [ RunTime:0.000622s ]
SQL: SHOW COLUMNS FROM `goodstypes` [ RunTime:0.0061s ]
SQL: SELECT * FROM `goodstypes` WHERE ( fid=0 and isdel=1 )  [ RunTime:0.0002s ]
SQL: SHOW COLUMNS FROM `goodstypes` [ RunTime:0.0059s ]
SQL: SELECT * FROM `goodstypes` WHERE ( fid=0 )  [ RunTime:0.0002s ]
SQL: SELECT * FROM `goodstypes` WHERE ( fid=1 )  [ RunTime:0.0001s ]
SQL: SELECT * FROM `goodstypes` WHERE ( fid=2 )  [ RunTime:0.0002s ]
SQL: SELECT * FROM `goodstypes` WHERE ( fid=33 )  [ RunTime:0.0002s ]
SQL: SELECT * FROM `goodstypes` WHERE ( fid=4 )  [ RunTime:0.0001s ]
SQL: SELECT * FROM `goodstypes` WHERE ( fid=5 )  [ RunTime:0.0001s ]
SQL: SELECT * FROM `goodstypes` WHERE ( fid=10 )  [ RunTime:0.0001s ]
SQL: SELECT * FROM `goodstypes` WHERE ( fid=11 )  [ RunTime:0.0001s ]
SQL: SELECT * FROM `goodstypes` WHERE ( fid=12 )  [ RunTime:0.0001s ]
NOTIC: [8] Undefined index: typeid E:\PHP\www\MyJDShop\Application\User\Controller\MainController.class.php 第 19 行.
NOTIC: [8] Undefined index: typeid E:\PHP\www\MyJDShop\Application\User\Controller\MainController.class.php 第 21 行.
NOTIC: [8] Undefined index: typeid E:\PHP\www\MyJDShop\Application\User\Controller\MainController.class.php 第 22 行.
SQL: SHOW COLUMNS FROM `product` [ RunTime:0.0064s ]
SQL: SELECT `productid`,`productname` FROM `product` ORDER BY clicknum desc LIMIT 0,3   [ RunTime:0.0002s ]
ERR: 非法操作:style

[ 2017-07-19T23:00:05+08:00 ] 127.0.0.1 /MyJDShop/index.php/User/User/index
INFO: [ app_init ] --START--
INFO: Run Behavior\BuildLiteBehavior [ RunTime:0.000012s ]
INFO: [ app_init ] --END-- [ RunTime:0.000397s ]
INFO: [ app_begin ] --START--
INFO: Run Behavior\ReadHtmlCacheBehavior [ RunTime:0.000600s ]
INFO: [ app_begin ] --END-- [ RunTime:0.000642s ]
SQL: SHOW COLUMNS FROM `goodstypes` [ RunTime:0.0068s ]
SQL: SELECT * FROM `goodstypes` WHERE ( fid=0 and isdel=1 )  [ RunTime:0.0002s ]
SQL: SHOW COLUMNS FROM `goodstypes` [ RunTime:0.0061s ]
SQL: SELECT * FROM `goodstypes` WHERE ( fid=0 )  [ RunTime:0.0003s ]
SQL: SELECT * FROM `goodstypes` WHERE ( fid=1 )  [ RunTime:0.0002s ]
SQL: SELECT * FROM `goodstypes` WHERE ( fid=2 )  [ RunTime:0.0002s ]
SQL: SELECT * FROM `goodstypes` WHERE ( fid=33 )  [ RunTime:0.0002s ]
SQL: SELECT * FROM `goodstypes` WHERE ( fid=4 )  [ RunTime:0.0002s ]
SQL: SELECT * FROM `goodstypes` WHERE ( fid=5 )  [ RunTime:0.0001s ]
SQL: SELECT * FROM `goodstypes` WHERE ( fid=10 )  [ RunTime:0.0002s ]
SQL: SELECT * FROM `goodstypes` WHERE ( fid=11 )  [ RunTime:0.0001s ]
SQL: SELECT * FROM `goodstypes` WHERE ( fid=12 )  [ RunTime:0.0001s ]
NOTIC: [8] Undefined index: typeid E:\PHP\www\MyJDShop\Application\User\Controller\MainController.class.php 第 19 行.
NOTIC: [8] Undefined index: typeid E:\PHP\www\MyJDShop\Application\User\Controller\MainController.class.php 第 21 行.
NOTIC: [8] Undefined index: typeid E:\PHP\www\MyJDShop\Application\User\Controller\MainController.class.php 第 22 行.
SQL: SHOW COLUMNS FROM `product` [ RunTime:0.0064s ]
SQL: SELECT `productid`,`productname` FROM `product` ORDER BY clicknum desc LIMIT 0,3   [ RunTime:0.0002s ]
SQL: SHOW COLUMNS FROM `users` [ RunTime:0.0064s ]
SQL: SELECT * FROM `users` WHERE ( userid=1 ) LIMIT 1   [ RunTime:0.0002s ]
INFO: [ view_parse ] --START--
INFO: [ template_filter ] --START--
INFO: Run Behavior\ContentReplaceBehavior [ RunTime:0.000090s ]
INFO: [ template_filter ] --END-- [ RunTime:0.000133s ]
NOTIC: [8] Undefined index: search E:\PHP\www\MyJDShop\Application\Runtime\Cache\User\c96fd5f14bf4745e88e61fb19c700d33.php 第 57 行.
NOTIC: [8] Undefined variable: clickArr E:\PHP\www\MyJDShop\Application\Runtime\Cache\User\c96fd5f14bf4745e88e61fb19c700d33.php 第 104 行.
NOTIC: [8] Undefined variable: cartNum E:\PHP\www\MyJDShop\Application\Runtime\Cache\User\c96fd5f14bf4745e88e61fb19c700d33.php 第 121 行.
NOTIC: [8] Use of undefined constant mygz - assumed 'mygz' E:\PHP\www\MyJDShop\Application\Runtime\Cache\User\c96fd5f14bf4745e88e61fb19c700d33.php 第 185 行.
NOTIC: [8] Use of undefined constant history - assumed 'history' E:\PHP\www\MyJDShop\Application\Runtime\Cache\User\c96fd5f14bf4745e88e61fb19c700d33.php 第 186 行.
NOTIC: [8] Use of undefined constant userinfo - assumed 'userinfo' E:\PHP\www\MyJDShop\Application\Runtime\Cache\User\c96fd5f14bf4745e88e61fb19c700d33.php 第 191 行.
NOTIC: [8] Use of undefined constant balance - assumed 'balance' E:\PHP\www\MyJDShop\Application\Runtime\Cache\User\c96fd5f14bf4745e88e61fb19c700d33.php 第 192 行.
NOTIC: [8] Use of undefined constant record - assumed 'record' E:\PHP\www\MyJDShop\Application\Runtime\Cache\User\c96fd5f14bf4745e88e61fb19c700d33.php 第 193 行.
NOTIC: [8] Use of undefined constant integral - assumed 'integral' E:\PHP\www\MyJDShop\Application\Runtime\Cache\User\c96fd5f14bf4745e88e61fb19c700d33.php 第 194 行.
NOTIC: [8] Use of undefined constant addAddr - assumed 'addAddr' E:\PHP\www\MyJDShop\Application\Runtime\Cache\User\c96fd5f14bf4745e88e61fb19c700d33.php 第 195 行.
NOTIC: [8] Use of undefined constant repair - assumed 'repair' E:\PHP\www\MyJDShop\Application\Runtime\Cache\User\c96fd5f14bf4745e88e61fb19c700d33.php 第 200 行.
NOTIC: [8] Use of undefined constant complain - assumed 'complain' E:\PHP\www\MyJDShop\Application\Runtime\Cache\User\c96fd5f14bf4745e88e61fb19c700d33.php 第 201 行.
INFO: Run Behavior\ParseTemplateBehavior [ RunTime:0.026507s ]
INFO: [ view_parse ] --END-- [ RunTime:0.026544s ]
INFO: [ view_filter ] --START--
INFO: Run Behavior\WriteHtmlCacheBehavior [ RunTime:0.000387s ]
INFO: [ view_filter ] --END-- [ RunTime:0.000417s ]
INFO: [ app_end ] --START--
INFO: Run Behavior\ShowPageTraceBehavior [ RunTime:0.000545s ]
INFO: [ app_end ] --END-- [ RunTime:0.000579s ]

[ 2017-07-19T23:00:05+08:00 ] 127.0.0.1 /MyJDShop/index.php/User/User/style/base.css
INFO: [ app_init ] --START--
INFO: Run Behavior\BuildLiteBehavior [ RunTime:0.000011s ]
INFO: [ app_init ] --END-- [ RunTime:0.000343s ]
INFO: [ app_begin ] --START--
INFO: Run Behavior\ReadHtmlCacheBehavior [ RunTime:0.000479s ]
INFO: [ app_begin ] --END-- [ RunTime:0.000517s ]
SQL: SHOW COLUMNS FROM `goodstypes` [ RunTime:0.0063s ]
SQL: SELECT * FROM `goodstypes` WHERE ( fid=0 and isdel=1 )  [ RunTime:0.0002s ]
SQL: SHOW COLUMNS FROM `goodstypes` [ RunTime:0.0069s ]
SQL: SELECT * FROM `goodstypes` WHERE ( fid=0 )  [ RunTime:0.0003s ]
SQL: SELECT * FROM `goodstypes` WHERE ( fid=1 )  [ RunTime:0.0002s ]
SQL: SELECT * FROM `goodstypes` WHERE ( fid=2 )  [ RunTime:0.0002s ]
SQL: SELECT * FROM `goodstypes` WHERE ( fid=33 )  [ RunTime:0.0001s ]
SQL: SELECT * FROM `goodstypes` WHERE ( fid=4 )  [ RunTime:0.0001s ]
SQL: SELECT * FROM `goodstypes` WHERE ( fid=5 )  [ RunTime:0.0001s ]
SQL: SELECT * FROM `goodstypes` WHERE ( fid=10 )  [ RunTime:0.0001s ]
SQL: SELECT * FROM `goodstypes` WHERE ( fid=11 )  [ RunTime:0.0001s ]
SQL: SELECT * FROM `goodstypes` WHERE ( fid=12 )  [ RunTime:0.0001s ]
NOTIC: [8] Undefined index: typeid E:\PHP\www\MyJDShop\Application\User\Controller\MainController.class.php 第 19 行.
NOTIC: [8] Undefined index: typeid E:\PHP\www\MyJDShop\Application\User\Controller\MainController.class.php 第 21 行.
NOTIC: [8] Undefined index: typeid E:\PHP\www\MyJDShop\Application\User\Controller\MainController.class.php 第 22 行.
SQL: SHOW COLUMNS FROM `product` [ RunTime:0.0064s ]
SQL: SELECT `productid`,`productname` FROM `product` ORDER BY clicknum desc LIMIT 0,3   [ RunTime:0.0002s ]
ERR: 非法操作:style

[ 2017-07-19T23:00:05+08:00 ] 127.0.0.1 /MyJDShop/index.php/User/User/style/global.css
INFO: [ app_init ] --START--
INFO: Run Behavior\BuildLiteBehavior [ RunTime:0.000011s ]
INFO: [ app_init ] --END-- [ RunTime:0.000353s ]
INFO: [ app_begin ] --START--
INFO: Run Behavior\ReadHtmlCacheBehavior [ RunTime:0.000481s ]
INFO: [ app_begin ] --END-- [ RunTime:0.000520s ]
SQL: SHOW COLUMNS FROM `goodstypes` [ RunTime:0.0059s ]
SQL: SELECT * FROM `goodstypes` WHERE ( fid=0 and isdel=1 )  [ RunTime:0.0002s ]
SQL: SHOW COLUMNS FROM `goodstypes` [ RunTime:0.0061s ]
SQL: SELECT * FROM `goodstypes` WHERE ( fid=0 )  [ RunTime:0.0002s ]
SQL: SELECT * FROM `goodstypes` WHERE ( fid=1 )  [ RunTime:0.0001s ]
SQL: SELECT * FROM `goodstypes` WHERE ( fid=2 )  [ RunTime:0.0001s ]
SQL: SELECT * FROM `goodstypes` WHERE ( fid=33 )  [ RunTime:0.0001s ]
SQL: SELECT * FROM `goodstypes` WHERE ( fid=4 )  [ RunTime:0.0001s ]
SQL: SELECT * FROM `goodstypes` WHERE ( fid=5 )  [ RunTime:0.0001s ]
SQL: SELECT * FROM `goodstypes` WHERE ( fid=10 )  [ RunTime:0.0001s ]
SQL: SELECT * FROM `goodstypes` WHERE ( fid=11 )  [ RunTime:0.0001s ]
SQL: SELECT * FROM `goodstypes` WHERE ( fid=12 )  [ RunTime:0.0001s ]
NOTIC: [8] Undefined index: typeid E:\PHP\www\MyJDShop\Application\User\Controller\MainController.class.php 第 19 行.
NOTIC: [8] Undefined index: typeid E:\PHP\www\MyJDShop\Application\User\Controller\MainController.class.php 第 21 行.
NOTIC: [8] Undefined index: typeid E:\PHP\www\MyJDShop\Application\User\Controller\MainController.class.php 第 22 行.
SQL: SHOW COLUMNS FROM `product` [ RunTime:0.0064s ]
SQL: SELECT `productid`,`productname` FROM `product` ORDER BY clicknum desc LIMIT 0,3   [ RunTime:0.0002s ]
ERR: 非法操作:style

[ 2017-07-19T23:00:05+08:00 ] 127.0.0.1 /MyJDShop/index.php/User/User/style/bottomnav.css
INFO: [ app_init ] --START--
INFO: Run Behavior\BuildLiteBehavior [ RunTime:0.000010s ]
INFO: [ app_init ] --END-- [ RunTime:0.000338s ]
INFO: [ app_begin ] --START--
INFO: Run Behavior\ReadHtmlCacheBehavior [ RunTime:0.000474s ]
INFO: [ app_begin ] --END-- [ RunTime:0.000515s ]
SQL: SHOW COLUMNS FROM `goodstypes` [ RunTime:0.0062s ]
SQL: SELECT * FROM `goodstypes` WHERE ( fid=0 and isdel=1 )  [ RunTime:0.0002s ]
SQL: SHOW COLUMNS FROM `goodstypes` [ RunTime:0.0067s ]
SQL: SELECT * FROM `goodstypes` WHERE ( fid=0 )  [ RunTime:0.0002s ]
SQL: SELECT * FROM `goodstypes` WHERE ( fid=1 )  [ RunTime:0.0001s ]
SQL: SELECT * FROM `goodstypes` WHERE ( fid=2 )  [ RunTime:0.0001s ]
SQL: SELECT * FROM `goodstypes` WHERE ( fid=33 )  [ RunTime:0.0001s ]
SQL: SELECT * FROM `goodstypes` WHERE ( fid=4 )  [ RunTime:0.0001s ]
SQL: SELECT * FROM `goodstypes` WHERE ( fid=5 )  [ RunTime:0.0001s ]
SQL: SELECT * FROM `goodstypes` WHERE ( fid=10 )  [ RunTime:0.0001s ]
SQL: SELECT * FROM `goodstypes` WHERE ( fid=11 )  [ RunTime:0.0001s ]
SQL: SELECT * FROM `goodstypes` WHERE ( fid=12 )  [ RunTime:0.0001s ]
NOTIC: [8] Undefined index: typeid E:\PHP\www\MyJDShop\Application\User\Controller\MainController.class.php 第 19 行.
NOTIC: [8] Undefined index: typeid E:\PHP\www\MyJDShop\Application\User\Controller\MainController.class.php 第 21 行.
NOTIC: [8] Undefined index: typeid E:\PHP\www\MyJDShop\Application\User\Controller\MainController.class.php 第 22 行.
SQL: SHOW COLUMNS FROM `product` [ RunTime:0.0065s ]
SQL: SELECT `productid`,`productname` FROM `product` ORDER BY clicknum desc LIMIT 0,3   [ RunTime:0.0002s ]
ERR: 非法操作:style

