[ 2017-07-16T10:56:49+08:00 ] 127.0.0.1 /MyJDShop/index.php/head.html
INFO: [ app_init ] --START--
INFO: Run Behavior\BuildLiteBehavior [ RunTime:0.000011s ]
INFO: [ app_init ] --END-- [ RunTime:0.000351s ]
ERR: 无法加载模块:Head

[ 2017-07-16T10:56:49+08:00 ] 127.0.0.1 /MyJDShop/index.php/left.html
INFO: [ app_init ] --START--
INFO: Run Behavior\BuildLiteBehavior [ RunTime:0.000013s ]
INFO: [ app_init ] --END-- [ RunTime:0.000418s ]
ERR: 无法加载模块:Left

[ 2017-07-16T10:56:49+08:00 ] 127.0.0.1 /MyJDShop/index.php/right.html
INFO: [ app_init ] --START--
INFO: Run Behavior\BuildLiteBehavior [ RunTime:0.000012s ]
INFO: [ app_init ] --END-- [ RunTime:0.000351s ]
ERR: 无法加载模块:Right

[ 2017-07-16T10:58:25+08:00 ] 127.0.0.1 /MyJDShop/index.php/head.html
INFO: [ app_init ] --START--
INFO: Run Behavior\BuildLiteBehavior [ RunTime:0.000012s ]
INFO: [ app_init ] --END-- [ RunTime:0.000392s ]
ERR: 无法加载模块:Head

[ 2017-07-16T10:58:25+08:00 ] 127.0.0.1 /MyJDShop/index.php/left.html
INFO: [ app_init ] --START--
INFO: Run Behavior\BuildLiteBehavior [ RunTime:0.000010s ]
INFO: [ app_init ] --END-- [ RunTime:0.000339s ]
ERR: 无法加载模块:Left

[ 2017-07-16T10:58:25+08:00 ] 127.0.0.1 /MyJDShop/index.php/right.html
INFO: [ app_init ] --START--
INFO: Run Behavior\BuildLiteBehavior [ RunTime:0.000011s ]
INFO: [ app_init ] --END-- [ RunTime:0.000366s ]
ERR: 无法加载模块:Right

