[ 2017-07-17T21:57:05+08:00 ] 127.0.0.1 /MyJDShop/
INFO: [ app_init ] --START--
INFO: Run Behavior\BuildLiteBehavior [ RunTime:0.000028s ]
INFO: [ app_init ] --END-- [ RunTime:0.034199s ]
INFO: [ app_begin ] --START--
INFO: Run Behavior\ReadHtmlCacheBehavior [ RunTime:0.001464s ]
INFO: [ app_begin ] --END-- [ RunTime:0.001567s ]
SQL: SHOW COLUMNS FROM `goodstypes` [ RunTime:0.0155s ]
SQL: SELECT * FROM `goodstypes` WHERE ( fid=0 and isdel=1 )  [ RunTime:0.0008s ]
SQL: SHOW COLUMNS FROM `goodstypes` [ RunTime:0.0124s ]
SQL: SELECT * FROM `goodstypes` WHERE ( fid=0 )  [ RunTime:0.0004s ]
SQL: SELECT * FROM `goodstypes` WHERE ( fid=1 )  [ RunTime:0.0004s ]
SQL: SELECT * FROM `goodstypes` WHERE ( fid=2 )  [ RunTime:0.0004s ]
SQL: SELECT * FROM `goodstypes` WHERE ( fid=33 )  [ RunTime:0.0004s ]
SQL: SELECT * FROM `goodstypes` WHERE ( fid=4 )  [ RunTime:0.0004s ]
SQL: SELECT * FROM `goodstypes` WHERE ( fid=5 )  [ RunTime:0.0004s ]
SQL: SELECT * FROM `goodstypes` WHERE ( fid=10 )  [ RunTime:0.0004s ]
SQL: SELECT * FROM `goodstypes` WHERE ( fid=11 )  [ RunTime:0.0003s ]
SQL: SELECT * FROM `goodstypes` WHERE ( fid=12 )  [ RunTime:0.0003s ]
NOTIC: [8] Undefined index: typeid E:\PHP\www\MyJDShop\Application\Home\Controller\HomeController.class.php 第 16 行.
NOTIC: [8] Undefined index: typeid E:\PHP\www\MyJDShop\Application\Home\Controller\HomeController.class.php 第 18 行.
NOTIC: [8] Undefined index: typeid E:\PHP\www\MyJDShop\Application\Home\Controller\HomeController.class.php 第 19 行.
SQL: SHOW COLUMNS FROM `click` [ RunTime:0.0129s ]
SQL: SHOW COLUMNS FROM `productimage` [ RunTime:0.0118s ]
SQL: SHOW COLUMNS FROM `product` [ RunTime:0.0112s ]
SQL: SELECT * FROM `click` WHERE ( userid=1 ) GROUP BY productid ORDER BY clickid desc LIMIT 5   [ RunTime:0.0005s ]
SQL: SELECT * FROM `productimage` WHERE ( productid=9 ) LIMIT 1   [ RunTime:0.0002s ]
SQL: SELECT `productname` FROM `product` WHERE ( productid=9 ) LIMIT 1   [ RunTime:0.0002s ]
SQL: SELECT * FROM `productimage` WHERE ( productid=3 ) LIMIT 1   [ RunTime:0.0002s ]
SQL: SELECT `productname` FROM `product` WHERE ( productid=3 ) LIMIT 1   [ RunTime:0.0002s ]
SQL: SELECT * FROM `productimage` WHERE ( productid=6 ) LIMIT 1   [ RunTime:0.0002s ]
SQL: SELECT `productname` FROM `product` WHERE ( productid=6 ) LIMIT 1   [ RunTime:0.0002s ]
SQL: SELECT * FROM `productimage` WHERE ( productid=5 ) LIMIT 1   [ RunTime:0.0002s ]
SQL: SELECT `productname` FROM `product` WHERE ( productid=5 ) LIMIT 1   [ RunTime:0.0002s ]
SQL: SELECT * FROM `productimage` WHERE ( productid=7 ) LIMIT 1   [ RunTime:0.0003s ]
SQL: SELECT `productname` FROM `product` WHERE ( productid=7 ) LIMIT 1   [ RunTime:0.0002s ]
SQL: SELECT * FROM `product` WHERE ( state=2 )  [ RunTime:0.0004s ]
SQL: SELECT * FROM `productimage` WHERE ( productid=7 ) LIMIT 1   [ RunTime:0.0002s ]
SQL: SELECT * FROM `productimage` WHERE ( productid=9 ) LIMIT 1   [ RunTime:0.0002s ]
SQL: SHOW COLUMNS FROM `product` [ RunTime:0.0089s ]
SQL: SELECT `productid`,`productname` FROM `product` ORDER BY clicknum desc LIMIT 0,3   [ RunTime:0.0003s ]
SQL: SHOW COLUMNS FROM `cart` [ RunTime:0.0101s ]
SQL: SELECT COUNT(*) AS tp_count FROM `cart` WHERE ( userid=1 ) LIMIT 1   [ RunTime:0.0003s ]
INFO: [ view_parse ] --START--
INFO: [ template_filter ] --START--
INFO: Run Behavior\ContentReplaceBehavior [ RunTime:0.014930s ]
INFO: [ template_filter ] --END-- [ RunTime:0.015014s ]
NOTIC: [8] Undefined index: procutname E:\PHP\www\MyJDShop\Application\Runtime\Cache\Home\2a94b8bda04ff446dcedd42276fc99ee.php 第 112 行.
NOTIC: [8] Undefined index: procutname E:\PHP\www\MyJDShop\Application\Runtime\Cache\Home\2a94b8bda04ff446dcedd42276fc99ee.php 第 112 行.
NOTIC: [8] Undefined index: procutname E:\PHP\www\MyJDShop\Application\Runtime\Cache\Home\2a94b8bda04ff446dcedd42276fc99ee.php 第 112 行.
NOTIC: [8] Undefined index: procutname E:\PHP\www\MyJDShop\Application\Runtime\Cache\Home\2a94b8bda04ff446dcedd42276fc99ee.php 第 112 行.
NOTIC: [8] Undefined index: procutname E:\PHP\www\MyJDShop\Application\Runtime\Cache\Home\2a94b8bda04ff446dcedd42276fc99ee.php 第 112 行.
INFO: Run Behavior\ParseTemplateBehavior [ RunTime:0.168195s ]
INFO: [ view_parse ] --END-- [ RunTime:0.168256s ]
INFO: [ view_filter ] --START--
INFO: Run Behavior\WriteHtmlCacheBehavior [ RunTime:0.025413s ]
INFO: [ view_filter ] --END-- [ RunTime:0.025482s ]
INFO: [ app_end ] --START--
INFO: Run Behavior\ShowPageTraceBehavior [ RunTime:0.010763s ]
INFO: [ app_end ] --END-- [ RunTime:0.010989s ]

[ 2017-07-17T22:04:34+08:00 ] 127.0.0.1 /MyJDShop/index.php
INFO: [ app_init ] --START--
INFO: Run Behavior\BuildLiteBehavior [ RunTime:0.000014s ]
INFO: [ app_init ] --END-- [ RunTime:0.000496s ]
INFO: [ app_begin ] --START--
INFO: Run Behavior\ReadHtmlCacheBehavior [ RunTime:0.000685s ]
INFO: [ app_begin ] --END-- [ RunTime:0.000735s ]
SQL: SHOW COLUMNS FROM `goodstypes` [ RunTime:0.0070s ]
SQL: SELECT * FROM `goodstypes` WHERE ( fid=0 and isdel=1 )  [ RunTime:0.0003s ]
SQL: SHOW COLUMNS FROM `goodstypes` [ RunTime:0.0066s ]
SQL: SELECT * FROM `goodstypes` WHERE ( fid=0 )  [ RunTime:0.0003s ]
SQL: SELECT * FROM `goodstypes` WHERE ( fid=1 )  [ RunTime:0.0002s ]
SQL: SELECT * FROM `goodstypes` WHERE ( fid=2 )  [ RunTime:0.0002s ]
SQL: SELECT * FROM `goodstypes` WHERE ( fid=33 )  [ RunTime:0.0002s ]
SQL: SELECT * FROM `goodstypes` WHERE ( fid=4 )  [ RunTime:0.0002s ]
SQL: SELECT * FROM `goodstypes` WHERE ( fid=5 )  [ RunTime:0.0002s ]
SQL: SELECT * FROM `goodstypes` WHERE ( fid=10 )  [ RunTime:0.0002s ]
SQL: SELECT * FROM `goodstypes` WHERE ( fid=11 )  [ RunTime:0.0002s ]
SQL: SELECT * FROM `goodstypes` WHERE ( fid=12 )  [ RunTime:0.0002s ]
NOTIC: [8] Undefined index: typeid E:\PHP\www\MyJDShop\Application\Home\Controller\HomeController.class.php 第 16 行.
NOTIC: [8] Undefined index: typeid E:\PHP\www\MyJDShop\Application\Home\Controller\HomeController.class.php 第 18 行.
NOTIC: [8] Undefined index: typeid E:\PHP\www\MyJDShop\Application\Home\Controller\HomeController.class.php 第 19 行.
SQL: SHOW COLUMNS FROM `click` [ RunTime:0.0063s ]
SQL: SHOW COLUMNS FROM `productimage` [ RunTime:0.0064s ]
SQL: SHOW COLUMNS FROM `product` [ RunTime:0.0061s ]
SQL: SELECT * FROM `click` WHERE ( userid=1 ) GROUP BY productid ORDER BY clickid desc LIMIT 5   [ RunTime:0.0004s ]
SQL: SELECT * FROM `productimage` WHERE ( productid=9 ) LIMIT 1   [ RunTime:0.0002s ]
SQL: SELECT `productname` FROM `product` WHERE ( productid=9 ) LIMIT 1   [ RunTime:0.0002s ]
SQL: SELECT * FROM `productimage` WHERE ( productid=3 ) LIMIT 1   [ RunTime:0.0002s ]
SQL: SELECT `productname` FROM `product` WHERE ( productid=3 ) LIMIT 1   [ RunTime:0.0002s ]
SQL: SELECT * FROM `productimage` WHERE ( productid=6 ) LIMIT 1   [ RunTime:0.0002s ]
SQL: SELECT `productname` FROM `product` WHERE ( productid=6 ) LIMIT 1   [ RunTime:0.0002s ]
SQL: SELECT * FROM `productimage` WHERE ( productid=5 ) LIMIT 1   [ RunTime:0.0002s ]
SQL: SELECT `productname` FROM `product` WHERE ( productid=5 ) LIMIT 1   [ RunTime:0.0001s ]
SQL: SELECT * FROM `productimage` WHERE ( productid=7 ) LIMIT 1   [ RunTime:0.0002s ]
SQL: SELECT `productname` FROM `product` WHERE ( productid=7 ) LIMIT 1   [ RunTime:0.0001s ]
SQL: SELECT * FROM `product` WHERE ( state=2 )  [ RunTime:0.0003s ]
SQL: SELECT * FROM `productimage` WHERE ( productid=7 ) LIMIT 1   [ RunTime:0.0001s ]
SQL: SELECT * FROM `productimage` WHERE ( productid=9 ) LIMIT 1   [ RunTime:0.0001s ]
SQL: SHOW COLUMNS FROM `product` [ RunTime:0.0062s ]
SQL: SELECT `productid`,`productname` FROM `product` ORDER BY clicknum desc LIMIT 0,3   [ RunTime:0.0002s ]
SQL: SHOW COLUMNS FROM `cart` [ RunTime:0.0058s ]
SQL: SELECT COUNT(*) AS tp_count FROM `cart` WHERE ( userid=1 ) LIMIT 1   [ RunTime:0.0002s ]
INFO: [ view_parse ] --START--
INFO: [ template_filter ] --START--
INFO: Run Behavior\ContentReplaceBehavior [ RunTime:0.000162s ]
INFO: [ template_filter ] --END-- [ RunTime:0.000202s ]
NOTIC: [8] Undefined index: procutname E:\PHP\www\MyJDShop\Application\Runtime\Cache\Home\2a94b8bda04ff446dcedd42276fc99ee.php 第 112 行.
NOTIC: [8] Undefined index: procutname E:\PHP\www\MyJDShop\Application\Runtime\Cache\Home\2a94b8bda04ff446dcedd42276fc99ee.php 第 112 行.
NOTIC: [8] Undefined index: procutname E:\PHP\www\MyJDShop\Application\Runtime\Cache\Home\2a94b8bda04ff446dcedd42276fc99ee.php 第 112 行.
NOTIC: [8] Undefined index: procutname E:\PHP\www\MyJDShop\Application\Runtime\Cache\Home\2a94b8bda04ff446dcedd42276fc99ee.php 第 112 行.
NOTIC: [8] Undefined index: procutname E:\PHP\www\MyJDShop\Application\Runtime\Cache\Home\2a94b8bda04ff446dcedd42276fc99ee.php 第 112 行.
INFO: Run Behavior\ParseTemplateBehavior [ RunTime:0.059732s ]
INFO: [ view_parse ] --END-- [ RunTime:0.059774s ]
INFO: [ view_filter ] --START--
INFO: Run Behavior\WriteHtmlCacheBehavior [ RunTime:0.000325s ]
INFO: [ view_filter ] --END-- [ RunTime:0.000355s ]
INFO: [ app_end ] --START--
INFO: Run Behavior\ShowPageTraceBehavior [ RunTime:0.000512s ]
INFO: [ app_end ] --END-- [ RunTime:0.000546s ]

