[ 2017-07-16T09:22:31+08:00 ] 127.0.0.1 /MyJDShop/index.php/Home/Index/index
INFO: [ app_init ] --START--
INFO: Run Behavior\BuildLiteBehavior [ RunTime:0.000015s ]
INFO: [ app_init ] --END-- [ RunTime:0.000590s ]
INFO: [ app_begin ] --START--
INFO: Run Behavior\ReadHtmlCacheBehavior [ RunTime:0.000948s ]
INFO: [ app_begin ] --END-- [ RunTime:0.001015s ]
SQL: SHOW COLUMNS FROM `goodstypes` [ RunTime:0.0064s ]
SQL: SELECT * FROM `goodstypes` WHERE ( fid=0 and isdel=1 )  [ RunTime:0.0002s ]
SQL: SHOW COLUMNS FROM `goodstypes` [ RunTime:0.0057s ]
SQL: SELECT * FROM `goodstypes` WHERE ( fid=0 )  [ RunTime:0.0002s ]
SQL: SELECT * FROM `goodstypes` WHERE ( fid=1 )  [ RunTime:0.0001s ]
SQL: SELECT * FROM `goodstypes` WHERE ( fid=2 )  [ RunTime:0.0001s ]
SQL: SELECT * FROM `goodstypes` WHERE ( fid=33 )  [ RunTime:0.0002s ]
SQL: SELECT * FROM `goodstypes` WHERE ( fid=4 )  [ RunTime:0.0002s ]
SQL: SELECT * FROM `goodstypes` WHERE ( fid=5 )  [ RunTime:0.0001s ]
SQL: SELECT * FROM `goodstypes` WHERE ( fid=10 )  [ RunTime:0.0002s ]
SQL: SELECT * FROM `goodstypes` WHERE ( fid=11 )  [ RunTime:0.0001s ]
SQL: SELECT * FROM `goodstypes` WHERE ( fid=12 )  [ RunTime:0.0001s ]
NOTIC: [8] Undefined index: typeid E:\PHP\www\MyJDShop\Application\Home\Controller\HomeController.class.php 第 16 行.
NOTIC: [8] Undefined index: typeid E:\PHP\www\MyJDShop\Application\Home\Controller\HomeController.class.php 第 18 行.
NOTIC: [8] Undefined index: typeid E:\PHP\www\MyJDShop\Application\Home\Controller\HomeController.class.php 第 19 行.
SQL: SHOW COLUMNS FROM `click` [ RunTime:0.0061s ]
SQL: SHOW COLUMNS FROM `productimage` [ RunTime:0.0058s ]
SQL: SHOW COLUMNS FROM `product` [ RunTime:0.0064s ]
SQL: SELECT * FROM `click` WHERE ( userid=1 ) GROUP BY productid ORDER BY clickid desc LIMIT 5   [ RunTime:0.0003s ]
SQL: SELECT * FROM `productimage` WHERE ( productid=9 ) LIMIT 1   [ RunTime:0.0001s ]
SQL: SELECT `productname` FROM `product` WHERE ( productid=9 ) LIMIT 1   [ RunTime:0.0001s ]
SQL: SELECT * FROM `productimage` WHERE ( productid=3 ) LIMIT 1   [ RunTime:0.0001s ]
SQL: SELECT `productname` FROM `product` WHERE ( productid=3 ) LIMIT 1   [ RunTime:0.0001s ]
SQL: SELECT * FROM `productimage` WHERE ( productid=6 ) LIMIT 1   [ RunTime:0.0001s ]
SQL: SELECT `productname` FROM `product` WHERE ( productid=6 ) LIMIT 1   [ RunTime:0.0001s ]
SQL: SELECT * FROM `productimage` WHERE ( productid=5 ) LIMIT 1   [ RunTime:0.0001s ]
SQL: SELECT `productname` FROM `product` WHERE ( productid=5 ) LIMIT 1   [ RunTime:0.0001s ]
SQL: SELECT * FROM `productimage` WHERE ( productid=7 ) LIMIT 1   [ RunTime:0.0001s ]
SQL: SELECT `productname` FROM `product` WHERE ( productid=7 ) LIMIT 1   [ RunTime:0.0001s ]
SQL: SELECT * FROM `product` WHERE ( state=2 )  [ RunTime:0.0002s ]
SQL: SELECT * FROM `productimage` WHERE ( productid=7 ) LIMIT 1   [ RunTime:0.0001s ]
SQL: SELECT * FROM `productimage` WHERE ( productid=9 ) LIMIT 1   [ RunTime:0.0001s ]
SQL: SHOW COLUMNS FROM `product` [ RunTime:0.0059s ]
SQL: SELECT `productid`,`productname` FROM `product` ORDER BY clicknum desc LIMIT 0,3   [ RunTime:0.0002s ]
SQL: SHOW COLUMNS FROM `cart` [ RunTime:0.0061s ]
SQL: SELECT COUNT(*) AS tp_count FROM `cart` WHERE ( userid=1 ) LIMIT 1   [ RunTime:0.0002s ]
INFO: [ view_parse ] --START--
INFO: [ template_filter ] --START--
INFO: Run Behavior\ContentReplaceBehavior [ RunTime:0.000153s ]
INFO: [ template_filter ] --END-- [ RunTime:0.000191s ]
NOTIC: [8] Undefined index: procutname E:\PHP\www\MyJDShop\Application\Runtime\Cache\Home\2a94b8bda04ff446dcedd42276fc99ee.php 第 112 行.
NOTIC: [8] Undefined index: procutname E:\PHP\www\MyJDShop\Application\Runtime\Cache\Home\2a94b8bda04ff446dcedd42276fc99ee.php 第 112 行.
NOTIC: [8] Undefined index: procutname E:\PHP\www\MyJDShop\Application\Runtime\Cache\Home\2a94b8bda04ff446dcedd42276fc99ee.php 第 112 行.
NOTIC: [8] Undefined index: procutname E:\PHP\www\MyJDShop\Application\Runtime\Cache\Home\2a94b8bda04ff446dcedd42276fc99ee.php 第 112 行.
NOTIC: [8] Undefined index: procutname E:\PHP\www\MyJDShop\Application\Runtime\Cache\Home\2a94b8bda04ff446dcedd42276fc99ee.php 第 112 行.
INFO: Run Behavior\ParseTemplateBehavior [ RunTime:0.017691s ]
INFO: [ view_parse ] --END-- [ RunTime:0.017729s ]
INFO: [ view_filter ] --START--
INFO: Run Behavior\WriteHtmlCacheBehavior [ RunTime:0.000346s ]
INFO: [ view_filter ] --END-- [ RunTime:0.000376s ]
INFO: [ app_end ] --START--
INFO: Run Behavior\ShowPageTraceBehavior [ RunTime:0.000582s ]
INFO: [ app_end ] --END-- [ RunTime:0.000628s ]

[ 2017-07-16T10:26:36+08:00 ] 127.0.0.1 /MyJDShop/index.php/Home/Index/index
INFO: [ app_init ] --START--
INFO: Run Behavior\BuildLiteBehavior [ RunTime:0.000017s ]
INFO: [ app_init ] --END-- [ RunTime:0.000688s ]
INFO: [ app_begin ] --START--
INFO: Run Behavior\ReadHtmlCacheBehavior [ RunTime:0.001097s ]
INFO: [ app_begin ] --END-- [ RunTime:0.001174s ]
SQL: SHOW COLUMNS FROM `goodstypes` [ RunTime:0.0061s ]
SQL: SELECT * FROM `goodstypes` WHERE ( fid=0 and isdel=1 )  [ RunTime:0.0002s ]
SQL: SHOW COLUMNS FROM `goodstypes` [ RunTime:0.0058s ]
SQL: SELECT * FROM `goodstypes` WHERE ( fid=0 )  [ RunTime:0.0002s ]
SQL: SELECT * FROM `goodstypes` WHERE ( fid=1 )  [ RunTime:0.0002s ]
SQL: SELECT * FROM `goodstypes` WHERE ( fid=2 )  [ RunTime:0.0002s ]
SQL: SELECT * FROM `goodstypes` WHERE ( fid=33 )  [ RunTime:0.0001s ]
SQL: SELECT * FROM `goodstypes` WHERE ( fid=4 )  [ RunTime:0.0001s ]
SQL: SELECT * FROM `goodstypes` WHERE ( fid=5 )  [ RunTime:0.0001s ]
SQL: SELECT * FROM `goodstypes` WHERE ( fid=10 )  [ RunTime:0.0001s ]
SQL: SELECT * FROM `goodstypes` WHERE ( fid=11 )  [ RunTime:0.0001s ]
SQL: SELECT * FROM `goodstypes` WHERE ( fid=12 )  [ RunTime:0.0001s ]
NOTIC: [8] Undefined index: typeid E:\PHP\www\MyJDShop\Application\Home\Controller\HomeController.class.php 第 16 行.
NOTIC: [8] Undefined index: typeid E:\PHP\www\MyJDShop\Application\Home\Controller\HomeController.class.php 第 18 行.
NOTIC: [8] Undefined index: typeid E:\PHP\www\MyJDShop\Application\Home\Controller\HomeController.class.php 第 19 行.
SQL: SHOW COLUMNS FROM `click` [ RunTime:0.0057s ]
SQL: SHOW COLUMNS FROM `productimage` [ RunTime:0.0061s ]
SQL: SHOW COLUMNS FROM `product` [ RunTime:0.0060s ]
SQL: SELECT * FROM `click` WHERE ( userid=1 ) GROUP BY productid ORDER BY clickid desc LIMIT 5   [ RunTime:0.0003s ]
SQL: SELECT * FROM `productimage` WHERE ( productid=9 ) LIMIT 1   [ RunTime:0.0002s ]
SQL: SELECT `productname` FROM `product` WHERE ( productid=9 ) LIMIT 1   [ RunTime:0.0001s ]
SQL: SELECT * FROM `productimage` WHERE ( productid=3 ) LIMIT 1   [ RunTime:0.0001s ]
SQL: SELECT `productname` FROM `product` WHERE ( productid=3 ) LIMIT 1   [ RunTime:0.0001s ]
SQL: SELECT * FROM `productimage` WHERE ( productid=6 ) LIMIT 1   [ RunTime:0.0001s ]
SQL: SELECT `productname` FROM `product` WHERE ( productid=6 ) LIMIT 1   [ RunTime:0.0001s ]
SQL: SELECT * FROM `productimage` WHERE ( productid=5 ) LIMIT 1   [ RunTime:0.0002s ]
SQL: SELECT `productname` FROM `product` WHERE ( productid=5 ) LIMIT 1   [ RunTime:0.0001s ]
SQL: SELECT * FROM `productimage` WHERE ( productid=7 ) LIMIT 1   [ RunTime:0.0001s ]
SQL: SELECT `productname` FROM `product` WHERE ( productid=7 ) LIMIT 1   [ RunTime:0.0001s ]
SQL: SELECT * FROM `product` WHERE ( state=2 )  [ RunTime:0.0002s ]
SQL: SELECT * FROM `productimage` WHERE ( productid=7 ) LIMIT 1   [ RunTime:0.0002s ]
SQL: SELECT * FROM `productimage` WHERE ( productid=9 ) LIMIT 1   [ RunTime:0.0001s ]
SQL: SHOW COLUMNS FROM `product` [ RunTime:0.0061s ]
SQL: SELECT `productid`,`productname` FROM `product` ORDER BY clicknum desc LIMIT 0,3   [ RunTime:0.0002s ]
SQL: SHOW COLUMNS FROM `cart` [ RunTime:0.0058s ]
SQL: SELECT COUNT(*) AS tp_count FROM `cart` WHERE ( userid=1 ) LIMIT 1   [ RunTime:0.0002s ]
INFO: [ view_parse ] --START--
INFO: [ template_filter ] --START--
INFO: Run Behavior\ContentReplaceBehavior [ RunTime:0.000172s ]
INFO: [ template_filter ] --END-- [ RunTime:0.000208s ]
NOTIC: [8] Undefined index: procutname E:\PHP\www\MyJDShop\Application\Runtime\Cache\Home\2a94b8bda04ff446dcedd42276fc99ee.php 第 112 行.
NOTIC: [8] Undefined index: procutname E:\PHP\www\MyJDShop\Application\Runtime\Cache\Home\2a94b8bda04ff446dcedd42276fc99ee.php 第 112 行.
NOTIC: [8] Undefined index: procutname E:\PHP\www\MyJDShop\Application\Runtime\Cache\Home\2a94b8bda04ff446dcedd42276fc99ee.php 第 112 行.
NOTIC: [8] Undefined index: procutname E:\PHP\www\MyJDShop\Application\Runtime\Cache\Home\2a94b8bda04ff446dcedd42276fc99ee.php 第 112 行.
NOTIC: [8] Undefined index: procutname E:\PHP\www\MyJDShop\Application\Runtime\Cache\Home\2a94b8bda04ff446dcedd42276fc99ee.php 第 112 行.
INFO: Run Behavior\ParseTemplateBehavior [ RunTime:0.018098s ]
INFO: [ view_parse ] --END-- [ RunTime:0.018137s ]
INFO: [ view_filter ] --START--
INFO: Run Behavior\WriteHtmlCacheBehavior [ RunTime:0.000380s ]
INFO: [ view_filter ] --END-- [ RunTime:0.000412s ]
INFO: [ app_end ] --START--
INFO: Run Behavior\ShowPageTraceBehavior [ RunTime:0.000656s ]
INFO: [ app_end ] --END-- [ RunTime:0.000695s ]

[ 2017-07-16T10:48:42+08:00 ] 127.0.0.1 /MyJDShop/index.php/Home/Product/productList/typeid/1
INFO: [ app_init ] --START--
INFO: Run Behavior\BuildLiteBehavior [ RunTime:0.000014s ]
INFO: [ app_init ] --END-- [ RunTime:0.000543s ]
INFO: [ app_begin ] --START--
INFO: Run Behavior\ReadHtmlCacheBehavior [ RunTime:0.000768s ]
INFO: [ app_begin ] --END-- [ RunTime:0.000822s ]
SQL: SHOW COLUMNS FROM `goodstypes` [ RunTime:0.0062s ]
SQL: SELECT * FROM `goodstypes` WHERE ( fid=0 and isdel=1 )  [ RunTime:0.0002s ]
SQL: SHOW COLUMNS FROM `goodstypes` [ RunTime:0.0061s ]
SQL: SELECT * FROM `goodstypes` WHERE ( fid=0 )  [ RunTime:0.0003s ]
SQL: SELECT * FROM `goodstypes` WHERE ( fid=1 )  [ RunTime:0.0002s ]
SQL: SELECT * FROM `goodstypes` WHERE ( fid=2 )  [ RunTime:0.0002s ]
SQL: SELECT * FROM `goodstypes` WHERE ( fid=33 )  [ RunTime:0.0002s ]
SQL: SELECT * FROM `goodstypes` WHERE ( fid=4 )  [ RunTime:0.0002s ]
SQL: SELECT * FROM `goodstypes` WHERE ( fid=5 )  [ RunTime:0.0002s ]
SQL: SELECT * FROM `goodstypes` WHERE ( fid=10 )  [ RunTime:0.0002s ]
SQL: SELECT * FROM `goodstypes` WHERE ( fid=11 )  [ RunTime:0.0002s ]
SQL: SELECT * FROM `goodstypes` WHERE ( fid=12 )  [ RunTime:0.0002s ]
SQL: SHOW COLUMNS FROM `click` [ RunTime:0.0061s ]
SQL: SHOW COLUMNS FROM `productimage` [ RunTime:0.0061s ]
SQL: SHOW COLUMNS FROM `product` [ RunTime:0.0060s ]
SQL: SELECT * FROM `click` WHERE ( userid=1 ) GROUP BY productid ORDER BY clickid desc LIMIT 5   [ RunTime:0.0003s ]
SQL: SELECT * FROM `productimage` WHERE ( productid=9 ) LIMIT 1   [ RunTime:0.0002s ]
SQL: SELECT `productname` FROM `product` WHERE ( productid=9 ) LIMIT 1   [ RunTime:0.0001s ]
SQL: SELECT * FROM `productimage` WHERE ( productid=3 ) LIMIT 1   [ RunTime:0.0001s ]
SQL: SELECT `productname` FROM `product` WHERE ( productid=3 ) LIMIT 1   [ RunTime:0.0001s ]
SQL: SELECT * FROM `productimage` WHERE ( productid=6 ) LIMIT 1   [ RunTime:0.0001s ]
SQL: SELECT `productname` FROM `product` WHERE ( productid=6 ) LIMIT 1   [ RunTime:0.0001s ]
SQL: SELECT * FROM `productimage` WHERE ( productid=5 ) LIMIT 1   [ RunTime:0.0001s ]
SQL: SELECT `productname` FROM `product` WHERE ( productid=5 ) LIMIT 1   [ RunTime:0.0001s ]
SQL: SELECT * FROM `productimage` WHERE ( productid=7 ) LIMIT 1   [ RunTime:0.0001s ]
SQL: SELECT `productname` FROM `product` WHERE ( productid=7 ) LIMIT 1   [ RunTime:0.0001s ]
SQL: SELECT * FROM `product` WHERE ( state=2 )  [ RunTime:0.0002s ]
SQL: SELECT * FROM `productimage` WHERE ( productid=7 ) LIMIT 1   [ RunTime:0.0001s ]
SQL: SELECT * FROM `productimage` WHERE ( productid=9 ) LIMIT 1   [ RunTime:0.0001s ]
SQL: SHOW COLUMNS FROM `product` [ RunTime:0.0064s ]
SQL: SELECT `productid`,`productname` FROM `product` ORDER BY clicknum desc LIMIT 0,3   [ RunTime:0.0003s ]
SQL: SHOW COLUMNS FROM `cart` [ RunTime:0.0060s ]
SQL: SELECT COUNT(*) AS tp_count FROM `cart` WHERE ( userid=1 ) LIMIT 1   [ RunTime:0.0002s ]
SQL: SHOW COLUMNS FROM `productimage` [ RunTime:0.0059s ]
SQL: SHOW COLUMNS FROM `brand` [ RunTime:0.0062s ]
SQL: SELECT COUNT(*) AS tp_count FROM `product` WHERE ( typestr like '&gt;1&gt;%' ) LIMIT 1   [ RunTime:0.0002s ]
NOTIC: [8] Undefined index: field E:\PHP\www\MyJDShop\Application\Home\Controller\ProductController.class.php 第 25 行.
NOTIC: [8] Undefined index: order E:\PHP\www\MyJDShop\Application\Home\Controller\ProductController.class.php 第 26 行.
NOTIC: [8] Undefined index: brandid E:\PHP\www\MyJDShop\Application\Home\Controller\ProductController.class.php 第 30 行.
SQL: SELECT * FROM `product` WHERE (  typestr like '&gt;1&gt;%' ) ORDER BY salesnum desc LIMIT 0,4   [ RunTime:0.0003s ]
SQL: SELECT * FROM `productimage` WHERE ( productid=3 ) LIMIT 1   [ RunTime:0.0002s ]
SQL: SELECT * FROM `productimage` WHERE ( productid=2 ) LIMIT 1   [ RunTime:0.0002s ]
SQL: SELECT * FROM `productimage` WHERE ( productid=1 ) LIMIT 1   [ RunTime:0.0001s ]
SQL: SELECT * FROM `productimage` WHERE ( productid=4 ) LIMIT 1   [ RunTime:0.0001s ]
SQL: SELECT * FROM `product` WHERE ( state=1 and isdel=1 ) LIMIT 0,3   [ RunTime:0.0002s ]
SQL: SELECT * FROM `productimage` WHERE ( productid=4 ) LIMIT 1   [ RunTime:0.0001s ]
SQL: SELECT * FROM `productimage` WHERE ( productid=5 ) LIMIT 1   [ RunTime:0.0002s ]
SQL: SELECT * FROM `productimage` WHERE ( productid=6 ) LIMIT 1   [ RunTime:0.0002s ]
SQL: SELECT * FROM `brand` WHERE ( typeid=1 and isdel=1 )  [ RunTime:0.0002s ]
SQL: SELECT * FROM `goodstypes` WHERE ( typeid=1 ) LIMIT 1   [ RunTime:0.0002s ]
SQL: SELECT * FROM `goodstypes` WHERE ( typeid=1 ) LIMIT 1   [ RunTime:0.0001s ]
SQL: SELECT * FROM `goodstypes` WHERE ( fid=1 )  [ RunTime:0.0002s ]
SQL: SELECT * FROM `goodstypes` WHERE ( fid=2 )  [ RunTime:0.0002s ]
SQL: SELECT * FROM `goodstypes` WHERE ( fid=33 )  [ RunTime:0.0001s ]
INFO: [ view_parse ] --START--
INFO: [ template_filter ] --START--
INFO: Run Behavior\ContentReplaceBehavior [ RunTime:0.000133s ]
INFO: [ template_filter ] --END-- [ RunTime:0.000174s ]
NOTIC: [8] Undefined index: search E:\PHP\www\MyJDShop\Application\Runtime\Cache\Home\2fbf49565d73bdef7f91c573a16486f3.php 第 56 行.
NOTIC: [8] Undefined index: procutname E:\PHP\www\MyJDShop\Application\Runtime\Cache\Home\2fbf49565d73bdef7f91c573a16486f3.php 第 103 行.
NOTIC: [8] Undefined index: procutname E:\PHP\www\MyJDShop\Application\Runtime\Cache\Home\2fbf49565d73bdef7f91c573a16486f3.php 第 103 行.
NOTIC: [8] Undefined index: procutname E:\PHP\www\MyJDShop\Application\Runtime\Cache\Home\2fbf49565d73bdef7f91c573a16486f3.php 第 103 行.
NOTIC: [8] Undefined index: procutname E:\PHP\www\MyJDShop\Application\Runtime\Cache\Home\2fbf49565d73bdef7f91c573a16486f3.php 第 103 行.
NOTIC: [8] Undefined index: procutname E:\PHP\www\MyJDShop\Application\Runtime\Cache\Home\2fbf49565d73bdef7f91c573a16486f3.php 第 103 行.
NOTIC: [8] Undefined index: brandid E:\PHP\www\MyJDShop\Application\Runtime\Cache\Home\2fbf49565d73bdef7f91c573a16486f3.php 第 264 行.
NOTIC: [8] Use of undefined constant brandid - assumed 'brandid' E:\PHP\www\MyJDShop\Application\Runtime\Cache\Home\2fbf49565d73bdef7f91c573a16486f3.php 第 264 行.
NOTIC: [8] Undefined index: brandid E:\PHP\www\MyJDShop\Application\Runtime\Cache\Home\2fbf49565d73bdef7f91c573a16486f3.php 第 264 行.
NOTIC: [8] Use of undefined constant brandid - assumed 'brandid' E:\PHP\www\MyJDShop\Application\Runtime\Cache\Home\2fbf49565d73bdef7f91c573a16486f3.php 第 264 行.
NOTIC: [8] Undefined index: brandid E:\PHP\www\MyJDShop\Application\Runtime\Cache\Home\2fbf49565d73bdef7f91c573a16486f3.php 第 264 行.
NOTIC: [8] Use of undefined constant brandid - assumed 'brandid' E:\PHP\www\MyJDShop\Application\Runtime\Cache\Home\2fbf49565d73bdef7f91c573a16486f3.php 第 264 行.
NOTIC: [8] Undefined index: brandid E:\PHP\www\MyJDShop\Application\Runtime\Cache\Home\2fbf49565d73bdef7f91c573a16486f3.php 第 264 行.
NOTIC: [8] Use of undefined constant brandid - assumed 'brandid' E:\PHP\www\MyJDShop\Application\Runtime\Cache\Home\2fbf49565d73bdef7f91c573a16486f3.php 第 264 行.
NOTIC: [8] Undefined index: brandid E:\PHP\www\MyJDShop\Application\Runtime\Cache\Home\2fbf49565d73bdef7f91c573a16486f3.php 第 264 行.
NOTIC: [8] Use of undefined constant brandid - assumed 'brandid' E:\PHP\www\MyJDShop\Application\Runtime\Cache\Home\2fbf49565d73bdef7f91c573a16486f3.php 第 264 行.
NOTIC: [8] Undefined index: brandid E:\PHP\www\MyJDShop\Application\Runtime\Cache\Home\2fbf49565d73bdef7f91c573a16486f3.php 第 264 行.
NOTIC: [8] Use of undefined constant brandid - assumed 'brandid' E:\PHP\www\MyJDShop\Application\Runtime\Cache\Home\2fbf49565d73bdef7f91c573a16486f3.php 第 264 行.
NOTIC: [8] Undefined index: brandid E:\PHP\www\MyJDShop\Application\Runtime\Cache\Home\2fbf49565d73bdef7f91c573a16486f3.php 第 264 行.
NOTIC: [8] Use of undefined constant brandid - assumed 'brandid' E:\PHP\www\MyJDShop\Application\Runtime\Cache\Home\2fbf49565d73bdef7f91c573a16486f3.php 第 264 行.
NOTIC: [8] Undefined index: brandid E:\PHP\www\MyJDShop\Application\Runtime\Cache\Home\2fbf49565d73bdef7f91c573a16486f3.php 第 264 行.
NOTIC: [8] Use of undefined constant brandid - assumed 'brandid' E:\PHP\www\MyJDShop\Application\Runtime\Cache\Home\2fbf49565d73bdef7f91c573a16486f3.php 第 264 行.
NOTIC: [8] Undefined index: brandid E:\PHP\www\MyJDShop\Application\Runtime\Cache\Home\2fbf49565d73bdef7f91c573a16486f3.php 第 264 行.
NOTIC: [8] Use of undefined constant brandid - assumed 'brandid' E:\PHP\www\MyJDShop\Application\Runtime\Cache\Home\2fbf49565d73bdef7f91c573a16486f3.php 第 264 行.
NOTIC: [8] Undefined index: brandid E:\PHP\www\MyJDShop\Application\Runtime\Cache\Home\2fbf49565d73bdef7f91c573a16486f3.php 第 264 行.
NOTIC: [8] Use of undefined constant brandid - assumed 'brandid' E:\PHP\www\MyJDShop\Application\Runtime\Cache\Home\2fbf49565d73bdef7f91c573a16486f3.php 第 264 行.
NOTIC: [8] Undefined index: order E:\PHP\www\MyJDShop\Application\Runtime\Cache\Home\2fbf49565d73bdef7f91c573a16486f3.php 第 315 行.
NOTIC: [8] Use of undefined constant asc - assumed 'asc' E:\PHP\www\MyJDShop\Application\Runtime\Cache\Home\2fbf49565d73bdef7f91c573a16486f3.php 第 315 行.
NOTIC: [8] Undefined index: field E:\PHP\www\MyJDShop\Application\Runtime\Cache\Home\2fbf49565d73bdef7f91c573a16486f3.php 第 317 行.
NOTIC: [8] Use of undefined constant salesnum - assumed 'salesnum' E:\PHP\www\MyJDShop\Application\Runtime\Cache\Home\2fbf49565d73bdef7f91c573a16486f3.php 第 317 行.
NOTIC: [8] Undefined index: order E:\PHP\www\MyJDShop\Application\Runtime\Cache\Home\2fbf49565d73bdef7f91c573a16486f3.php 第 319 行.
NOTIC: [8] Use of undefined constant asc - assumed 'asc' E:\PHP\www\MyJDShop\Application\Runtime\Cache\Home\2fbf49565d73bdef7f91c573a16486f3.php 第 319 行.
NOTIC: [8] Undefined index: field E:\PHP\www\MyJDShop\Application\Runtime\Cache\Home\2fbf49565d73bdef7f91c573a16486f3.php 第 320 行.
NOTIC: [8] Use of undefined constant price - assumed 'price' E:\PHP\www\MyJDShop\Application\Runtime\Cache\Home\2fbf49565d73bdef7f91c573a16486f3.php 第 320 行.
NOTIC: [8] Undefined index: order E:\PHP\www\MyJDShop\Application\Runtime\Cache\Home\2fbf49565d73bdef7f91c573a16486f3.php 第 322 行.
NOTIC: [8] Use of undefined constant asc - assumed 'asc' E:\PHP\www\MyJDShop\Application\Runtime\Cache\Home\2fbf49565d73bdef7f91c573a16486f3.php 第 322 行.
NOTIC: [8] Undefined index: field E:\PHP\www\MyJDShop\Application\Runtime\Cache\Home\2fbf49565d73bdef7f91c573a16486f3.php 第 323 行.
NOTIC: [8] Use of undefined constant reviewnum - assumed 'reviewnum' E:\PHP\www\MyJDShop\Application\Runtime\Cache\Home\2fbf49565d73bdef7f91c573a16486f3.php 第 323 行.
NOTIC: [8] Undefined index: order E:\PHP\www\MyJDShop\Application\Runtime\Cache\Home\2fbf49565d73bdef7f91c573a16486f3.php 第 325 行.
NOTIC: [8] Use of undefined constant asc - assumed 'asc' E:\PHP\www\MyJDShop\Application\Runtime\Cache\Home\2fbf49565d73bdef7f91c573a16486f3.php 第 325 行.
NOTIC: [8] Undefined index: field E:\PHP\www\MyJDShop\Application\Runtime\Cache\Home\2fbf49565d73bdef7f91c573a16486f3.php 第 326 行.
NOTIC: [8] Use of undefined constant productid - assumed 'productid' E:\PHP\www\MyJDShop\Application\Runtime\Cache\Home\2fbf49565d73bdef7f91c573a16486f3.php 第 326 行.
INFO: Run Behavior\ParseTemplateBehavior [ RunTime:0.020747s ]
INFO: [ view_parse ] --END-- [ RunTime:0.020784s ]
INFO: [ view_filter ] --START--
INFO: Run Behavior\WriteHtmlCacheBehavior [ RunTime:0.000442s ]
INFO: [ view_filter ] --END-- [ RunTime:0.000476s ]
INFO: [ app_end ] --START--
INFO: Run Behavior\ShowPageTraceBehavior [ RunTime:0.000627s ]
INFO: [ app_end ] --END-- [ RunTime:0.000665s ]

[ 2017-07-16T10:48:43+08:00 ] 127.0.0.1 /MyJDShop/index.php/Home/Product/productList/typeid/style/base.css
INFO: [ app_init ] --START--
INFO: Run Behavior\BuildLiteBehavior [ RunTime:0.000013s ]
INFO: [ app_init ] --END-- [ RunTime:0.000378s ]
INFO: [ app_begin ] --START--
INFO: Run Behavior\ReadHtmlCacheBehavior [ RunTime:0.000519s ]
INFO: [ app_begin ] --END-- [ RunTime:0.000561s ]
SQL: SHOW COLUMNS FROM `goodstypes` [ RunTime:0.0062s ]
SQL: SELECT * FROM `goodstypes` WHERE ( fid=0 and isdel=1 )  [ RunTime:0.0003s ]
SQL: SHOW COLUMNS FROM `goodstypes` [ RunTime:0.0065s ]
SQL: SELECT * FROM `goodstypes` WHERE ( fid=0 )  [ RunTime:0.0002s ]
SQL: SELECT * FROM `goodstypes` WHERE ( fid=1 )  [ RunTime:0.0001s ]
SQL: SELECT * FROM `goodstypes` WHERE ( fid=2 )  [ RunTime:0.0001s ]
SQL: SELECT * FROM `goodstypes` WHERE ( fid=33 )  [ RunTime:0.0001s ]
SQL: SELECT * FROM `goodstypes` WHERE ( fid=4 )  [ RunTime:0.0001s ]
SQL: SELECT * FROM `goodstypes` WHERE ( fid=5 )  [ RunTime:0.0001s ]
SQL: SELECT * FROM `goodstypes` WHERE ( fid=10 )  [ RunTime:0.0001s ]
SQL: SELECT * FROM `goodstypes` WHERE ( fid=11 )  [ RunTime:0.0001s ]
SQL: SELECT * FROM `goodstypes` WHERE ( fid=12 )  [ RunTime:0.0001s ]
SQL: SHOW COLUMNS FROM `click` [ RunTime:0.0057s ]
SQL: SHOW COLUMNS FROM `productimage` [ RunTime:0.0066s ]
SQL: SHOW COLUMNS FROM `product` [ RunTime:0.0062s ]
SQL: SELECT * FROM `click` WHERE ( userid=1 ) GROUP BY productid ORDER BY clickid desc LIMIT 5   [ RunTime:0.0003s ]
SQL: SELECT * FROM `productimage` WHERE ( productid=9 ) LIMIT 1   [ RunTime:0.0001s ]
SQL: SELECT `productname` FROM `product` WHERE ( productid=9 ) LIMIT 1   [ RunTime:0.0001s ]
SQL: SELECT * FROM `productimage` WHERE ( productid=3 ) LIMIT 1   [ RunTime:0.0001s ]
SQL: SELECT `productname` FROM `product` WHERE ( productid=3 ) LIMIT 1   [ RunTime:0.0001s ]
SQL: SELECT * FROM `productimage` WHERE ( productid=6 ) LIMIT 1   [ RunTime:0.0001s ]
SQL: SELECT `productname` FROM `product` WHERE ( productid=6 ) LIMIT 1   [ RunTime:0.0001s ]
SQL: SELECT * FROM `productimage` WHERE ( productid=5 ) LIMIT 1   [ RunTime:0.0001s ]
SQL: SELECT `productname` FROM `product` WHERE ( productid=5 ) LIMIT 1   [ RunTime:0.0001s ]
SQL: SELECT * FROM `productimage` WHERE ( productid=7 ) LIMIT 1   [ RunTime:0.0001s ]
SQL: SELECT `productname` FROM `product` WHERE ( productid=7 ) LIMIT 1   [ RunTime:0.0001s ]
SQL: SELECT * FROM `product` WHERE ( state=2 )  [ RunTime:0.0002s ]
SQL: SELECT * FROM `productimage` WHERE ( productid=7 ) LIMIT 1   [ RunTime:0.0001s ]
SQL: SELECT * FROM `productimage` WHERE ( productid=9 ) LIMIT 1   [ RunTime:0.0001s ]
SQL: SHOW COLUMNS FROM `product` [ RunTime:0.0065s ]
SQL: SELECT `productid`,`productname` FROM `product` ORDER BY clicknum desc LIMIT 0,3   [ RunTime:0.0002s ]
SQL: SHOW COLUMNS FROM `cart` [ RunTime:0.0059s ]
SQL: SELECT COUNT(*) AS tp_count FROM `cart` WHERE ( userid=1 ) LIMIT 1   [ RunTime:0.0002s ]
SQL: SHOW COLUMNS FROM `productimage` [ RunTime:0.0056s ]
SQL: SHOW COLUMNS FROM `brand` [ RunTime:0.0059s ]
SQL: SELECT COUNT(*) AS tp_count FROM `product` WHERE ( typestr like '&gt;style&gt;%' ) LIMIT 1   [ RunTime:0.0002s ]
NOTIC: [8] Undefined index: field E:\PHP\www\MyJDShop\Application\Home\Controller\ProductController.class.php 第 25 行.
NOTIC: [8] Undefined index: order E:\PHP\www\MyJDShop\Application\Home\Controller\ProductController.class.php 第 26 行.
NOTIC: [8] Undefined index: brandid E:\PHP\www\MyJDShop\Application\Home\Controller\ProductController.class.php 第 30 行.
SQL: SELECT * FROM `product` WHERE (  typestr like 'style%' ) ORDER BY salesnum desc LIMIT 0,4   [ RunTime:0.0002s ]
SQL: SELECT * FROM `product` WHERE ( state=1 and isdel=1 ) LIMIT 0,3   [ RunTime:0.0002s ]
SQL: SELECT * FROM `productimage` WHERE ( productid=4 ) LIMIT 1   [ RunTime:0.0001s ]
SQL: SELECT * FROM `productimage` WHERE ( productid=5 ) LIMIT 1   [ RunTime:0.0001s ]
SQL: SELECT * FROM `productimage` WHERE ( productid=6 ) LIMIT 1   [ RunTime:0.0001s ]
ERR: 1054:Unknown column 'style' in 'where clause'
 [ SQL语句 ] : SELECT * FROM `brand` WHERE ( typeid=style and isdel=1 ) 
ERR: 1054:Unknown column 'style' in 'where clause'
 [ SQL语句 ] : SELECT * FROM `brand` WHERE ( typeid=style and isdel=1 ) 

[ 2017-07-16T10:48:43+08:00 ] 127.0.0.1 /MyJDShop/index.php/Home/Product/productList/typeid/style/global.css
INFO: [ app_init ] --START--
INFO: Run Behavior\BuildLiteBehavior [ RunTime:0.000011s ]
INFO: [ app_init ] --END-- [ RunTime:0.000385s ]
INFO: [ app_begin ] --START--
INFO: Run Behavior\ReadHtmlCacheBehavior [ RunTime:0.000567s ]
INFO: [ app_begin ] --END-- [ RunTime:0.000606s ]
SQL: SHOW COLUMNS FROM `goodstypes` [ RunTime:0.0063s ]
SQL: SELECT * FROM `goodstypes` WHERE ( fid=0 and isdel=1 )  [ RunTime:0.0002s ]
SQL: SHOW COLUMNS FROM `goodstypes` [ RunTime:0.0058s ]
SQL: SELECT * FROM `goodstypes` WHERE ( fid=0 )  [ RunTime:0.0002s ]
SQL: SELECT * FROM `goodstypes` WHERE ( fid=1 )  [ RunTime:0.0001s ]
SQL: SELECT * FROM `goodstypes` WHERE ( fid=2 )  [ RunTime:0.0002s ]
SQL: SELECT * FROM `goodstypes` WHERE ( fid=33 )  [ RunTime:0.0001s ]
SQL: SELECT * FROM `goodstypes` WHERE ( fid=4 )  [ RunTime:0.0001s ]
SQL: SELECT * FROM `goodstypes` WHERE ( fid=5 )  [ RunTime:0.0001s ]
SQL: SELECT * FROM `goodstypes` WHERE ( fid=10 )  [ RunTime:0.0001s ]
SQL: SELECT * FROM `goodstypes` WHERE ( fid=11 )  [ RunTime:0.0001s ]
SQL: SELECT * FROM `goodstypes` WHERE ( fid=12 )  [ RunTime:0.0001s ]
SQL: SHOW COLUMNS FROM `click` [ RunTime:0.0059s ]
SQL: SHOW COLUMNS FROM `productimage` [ RunTime:0.0056s ]
SQL: SHOW COLUMNS FROM `product` [ RunTime:0.0059s ]
SQL: SELECT * FROM `click` WHERE ( userid=1 ) GROUP BY productid ORDER BY clickid desc LIMIT 5   [ RunTime:0.0003s ]
SQL: SELECT * FROM `productimage` WHERE ( productid=9 ) LIMIT 1   [ RunTime:0.0001s ]
SQL: SELECT `productname` FROM `product` WHERE ( productid=9 ) LIMIT 1   [ RunTime:0.0001s ]
SQL: SELECT * FROM `productimage` WHERE ( productid=3 ) LIMIT 1   [ RunTime:0.0001s ]
SQL: SELECT `productname` FROM `product` WHERE ( productid=3 ) LIMIT 1   [ RunTime:0.0001s ]
SQL: SELECT * FROM `productimage` WHERE ( productid=6 ) LIMIT 1   [ RunTime:0.0002s ]
SQL: SELECT `productname` FROM `product` WHERE ( productid=6 ) LIMIT 1   [ RunTime:0.0001s ]
SQL: SELECT * FROM `productimage` WHERE ( productid=5 ) LIMIT 1   [ RunTime:0.0001s ]
SQL: SELECT `productname` FROM `product` WHERE ( productid=5 ) LIMIT 1   [ RunTime:0.0001s ]
SQL: SELECT * FROM `productimage` WHERE ( productid=7 ) LIMIT 1   [ RunTime:0.0001s ]
SQL: SELECT `productname` FROM `product` WHERE ( productid=7 ) LIMIT 1   [ RunTime:0.0001s ]
SQL: SELECT * FROM `product` WHERE ( state=2 )  [ RunTime:0.0002s ]
SQL: SELECT * FROM `productimage` WHERE ( productid=7 ) LIMIT 1   [ RunTime:0.0002s ]
SQL: SELECT * FROM `productimage` WHERE ( productid=9 ) LIMIT 1   [ RunTime:0.0001s ]
SQL: SHOW COLUMNS FROM `product` [ RunTime:0.0061s ]
SQL: SELECT `productid`,`productname` FROM `product` ORDER BY clicknum desc LIMIT 0,3   [ RunTime:0.0002s ]
SQL: SHOW COLUMNS FROM `cart` [ RunTime:0.0057s ]
SQL: SELECT COUNT(*) AS tp_count FROM `cart` WHERE ( userid=1 ) LIMIT 1   [ RunTime:0.0001s ]
SQL: SHOW COLUMNS FROM `productimage` [ RunTime:0.0055s ]
SQL: SHOW COLUMNS FROM `brand` [ RunTime:0.0056s ]
SQL: SELECT COUNT(*) AS tp_count FROM `product` WHERE ( typestr like '&gt;style&gt;%' ) LIMIT 1   [ RunTime:0.0001s ]
NOTIC: [8] Undefined index: field E:\PHP\www\MyJDShop\Application\Home\Controller\ProductController.class.php 第 25 行.
NOTIC: [8] Undefined index: order E:\PHP\www\MyJDShop\Application\Home\Controller\ProductController.class.php 第 26 行.
NOTIC: [8] Undefined index: brandid E:\PHP\www\MyJDShop\Application\Home\Controller\ProductController.class.php 第 30 行.
SQL: SELECT * FROM `product` WHERE (  typestr like 'style%' ) ORDER BY salesnum desc LIMIT 0,4   [ RunTime:0.0002s ]
SQL: SELECT * FROM `product` WHERE ( state=1 and isdel=1 ) LIMIT 0,3   [ RunTime:0.0002s ]
SQL: SELECT * FROM `productimage` WHERE ( productid=4 ) LIMIT 1   [ RunTime:0.0002s ]
SQL: SELECT * FROM `productimage` WHERE ( productid=5 ) LIMIT 1   [ RunTime:0.0002s ]
SQL: SELECT * FROM `productimage` WHERE ( productid=6 ) LIMIT 1   [ RunTime:0.0002s ]
ERR: 1054:Unknown column 'style' in 'where clause'
 [ SQL语句 ] : SELECT * FROM `brand` WHERE ( typeid=style and isdel=1 ) 
ERR: 1054:Unknown column 'style' in 'where clause'
 [ SQL语句 ] : SELECT * FROM `brand` WHERE ( typeid=style and isdel=1 ) 

[ 2017-07-16T10:48:43+08:00 ] 127.0.0.1 /MyJDShop/index.php/Home/Product/productList/typeid/style/bottomnav.css
INFO: [ app_init ] --START--
INFO: Run Behavior\BuildLiteBehavior [ RunTime:0.000010s ]
INFO: [ app_init ] --END-- [ RunTime:0.000325s ]
INFO: [ app_begin ] --START--
INFO: Run Behavior\ReadHtmlCacheBehavior [ RunTime:0.000511s ]
INFO: [ app_begin ] --END-- [ RunTime:0.000566s ]
SQL: SHOW COLUMNS FROM `goodstypes` [ RunTime:0.0060s ]
SQL: SELECT * FROM `goodstypes` WHERE ( fid=0 and isdel=1 )  [ RunTime:0.0003s ]
SQL: SHOW COLUMNS FROM `goodstypes` [ RunTime:0.0058s ]
SQL: SELECT * FROM `goodstypes` WHERE ( fid=0 )  [ RunTime:0.0002s ]
SQL: SELECT * FROM `goodstypes` WHERE ( fid=1 )  [ RunTime:0.0002s ]
SQL: SELECT * FROM `goodstypes` WHERE ( fid=2 )  [ RunTime:0.0002s ]
SQL: SELECT * FROM `goodstypes` WHERE ( fid=33 )  [ RunTime:0.0002s ]
SQL: SELECT * FROM `goodstypes` WHERE ( fid=4 )  [ RunTime:0.0002s ]
SQL: SELECT * FROM `goodstypes` WHERE ( fid=5 )  [ RunTime:0.0002s ]
SQL: SELECT * FROM `goodstypes` WHERE ( fid=10 )  [ RunTime:0.0002s ]
SQL: SELECT * FROM `goodstypes` WHERE ( fid=11 )  [ RunTime:0.0002s ]
SQL: SELECT * FROM `goodstypes` WHERE ( fid=12 )  [ RunTime:0.0002s ]
SQL: SHOW COLUMNS FROM `click` [ RunTime:0.0058s ]
SQL: SHOW COLUMNS FROM `productimage` [ RunTime:0.0058s ]
SQL: SHOW COLUMNS FROM `product` [ RunTime:0.0062s ]
SQL: SELECT * FROM `click` WHERE ( userid=1 ) GROUP BY productid ORDER BY clickid desc LIMIT 5   [ RunTime:0.0004s ]
SQL: SELECT * FROM `productimage` WHERE ( productid=9 ) LIMIT 1   [ RunTime:0.0002s ]
SQL: SELECT `productname` FROM `product` WHERE ( productid=9 ) LIMIT 1   [ RunTime:0.0002s ]
SQL: SELECT * FROM `productimage` WHERE ( productid=3 ) LIMIT 1   [ RunTime:0.0002s ]
SQL: SELECT `productname` FROM `product` WHERE ( productid=3 ) LIMIT 1   [ RunTime:0.0002s ]
SQL: SELECT * FROM `productimage` WHERE ( productid=6 ) LIMIT 1   [ RunTime:0.0002s ]
SQL: SELECT `productname` FROM `product` WHERE ( productid=6 ) LIMIT 1   [ RunTime:0.0001s ]
SQL: SELECT * FROM `productimage` WHERE ( productid=5 ) LIMIT 1   [ RunTime:0.0001s ]
SQL: SELECT `productname` FROM `product` WHERE ( productid=5 ) LIMIT 1   [ RunTime:0.0001s ]
SQL: SELECT * FROM `productimage` WHERE ( productid=7 ) LIMIT 1   [ RunTime:0.0001s ]
SQL: SELECT `productname` FROM `product` WHERE ( productid=7 ) LIMIT 1   [ RunTime:0.0001s ]
SQL: SELECT * FROM `product` WHERE ( state=2 )  [ RunTime:0.0002s ]
SQL: SELECT * FROM `productimage` WHERE ( productid=7 ) LIMIT 1   [ RunTime:0.0001s ]
SQL: SELECT * FROM `productimage` WHERE ( productid=9 ) LIMIT 1   [ RunTime:0.0001s ]
SQL: SHOW COLUMNS FROM `product` [ RunTime:0.0062s ]
SQL: SELECT `productid`,`productname` FROM `product` ORDER BY clicknum desc LIMIT 0,3   [ RunTime:0.0002s ]
SQL: SHOW COLUMNS FROM `cart` [ RunTime:0.0060s ]
SQL: SELECT COUNT(*) AS tp_count FROM `cart` WHERE ( userid=1 ) LIMIT 1   [ RunTime:0.0002s ]
SQL: SHOW COLUMNS FROM `productimage` [ RunTime:0.0059s ]
SQL: SHOW COLUMNS FROM `brand` [ RunTime:0.0059s ]
SQL: SELECT COUNT(*) AS tp_count FROM `product` WHERE ( typestr like '&gt;style&gt;%' ) LIMIT 1   [ RunTime:0.0002s ]
NOTIC: [8] Undefined index: field E:\PHP\www\MyJDShop\Application\Home\Controller\ProductController.class.php 第 25 行.
NOTIC: [8] Undefined index: order E:\PHP\www\MyJDShop\Application\Home\Controller\ProductController.class.php 第 26 行.
NOTIC: [8] Undefined index: brandid E:\PHP\www\MyJDShop\Application\Home\Controller\ProductController.class.php 第 30 行.
SQL: SELECT * FROM `product` WHERE (  typestr like 'style%' ) ORDER BY salesnum desc LIMIT 0,4   [ RunTime:0.0002s ]
SQL: SELECT * FROM `product` WHERE ( state=1 and isdel=1 ) LIMIT 0,3   [ RunTime:0.0002s ]
SQL: SELECT * FROM `productimage` WHERE ( productid=4 ) LIMIT 1   [ RunTime:0.0001s ]
SQL: SELECT * FROM `productimage` WHERE ( productid=5 ) LIMIT 1   [ RunTime:0.0001s ]
SQL: SELECT * FROM `productimage` WHERE ( productid=6 ) LIMIT 1   [ RunTime:0.0001s ]
ERR: 1054:Unknown column 'style' in 'where clause'
 [ SQL语句 ] : SELECT * FROM `brand` WHERE ( typeid=style and isdel=1 ) 
ERR: 1054:Unknown column 'style' in 'where clause'
 [ SQL语句 ] : SELECT * FROM `brand` WHERE ( typeid=style and isdel=1 ) 

[ 2017-07-16T10:48:50+08:00 ] 127.0.0.1 /MyJDShop/index.php/Home/Product/productDetail/productid/5
INFO: [ app_init ] --START--
INFO: Run Behavior\BuildLiteBehavior [ RunTime:0.000011s ]
INFO: [ app_init ] --END-- [ RunTime:0.000431s ]
INFO: [ app_begin ] --START--
INFO: Run Behavior\ReadHtmlCacheBehavior [ RunTime:0.000560s ]
INFO: [ app_begin ] --END-- [ RunTime:0.000599s ]
SQL: SHOW COLUMNS FROM `goodstypes` [ RunTime:0.0061s ]
SQL: SELECT * FROM `goodstypes` WHERE ( fid=0 and isdel=1 )  [ RunTime:0.0002s ]
SQL: SHOW COLUMNS FROM `goodstypes` [ RunTime:0.0065s ]
SQL: SELECT * FROM `goodstypes` WHERE ( fid=0 )  [ RunTime:0.0002s ]
SQL: SELECT * FROM `goodstypes` WHERE ( fid=1 )  [ RunTime:0.0002s ]
SQL: SELECT * FROM `goodstypes` WHERE ( fid=2 )  [ RunTime:0.0002s ]
SQL: SELECT * FROM `goodstypes` WHERE ( fid=33 )  [ RunTime:0.0002s ]
SQL: SELECT * FROM `goodstypes` WHERE ( fid=4 )  [ RunTime:0.0002s ]
SQL: SELECT * FROM `goodstypes` WHERE ( fid=5 )  [ RunTime:0.0002s ]
SQL: SELECT * FROM `goodstypes` WHERE ( fid=10 )  [ RunTime:0.0002s ]
SQL: SELECT * FROM `goodstypes` WHERE ( fid=11 )  [ RunTime:0.0002s ]
SQL: SELECT * FROM `goodstypes` WHERE ( fid=12 )  [ RunTime:0.0002s ]
NOTIC: [8] Undefined index: typeid E:\PHP\www\MyJDShop\Application\Home\Controller\HomeController.class.php 第 16 行.
NOTIC: [8] Undefined index: typeid E:\PHP\www\MyJDShop\Application\Home\Controller\HomeController.class.php 第 18 行.
NOTIC: [8] Undefined index: typeid E:\PHP\www\MyJDShop\Application\Home\Controller\HomeController.class.php 第 19 行.
SQL: SHOW COLUMNS FROM `click` [ RunTime:0.0068s ]
SQL: SHOW COLUMNS FROM `productimage` [ RunTime:0.0060s ]
SQL: SHOW COLUMNS FROM `product` [ RunTime:0.0064s ]
SQL: SELECT * FROM `click` WHERE ( userid=1 ) GROUP BY productid ORDER BY clickid desc LIMIT 5   [ RunTime:0.0004s ]
SQL: SELECT * FROM `productimage` WHERE ( productid=9 ) LIMIT 1   [ RunTime:0.0002s ]
SQL: SELECT `productname` FROM `product` WHERE ( productid=9 ) LIMIT 1   [ RunTime:0.0002s ]
SQL: SELECT * FROM `productimage` WHERE ( productid=3 ) LIMIT 1   [ RunTime:0.0002s ]
SQL: SELECT `productname` FROM `product` WHERE ( productid=3 ) LIMIT 1   [ RunTime:0.0001s ]
SQL: SELECT * FROM `productimage` WHERE ( productid=6 ) LIMIT 1   [ RunTime:0.0002s ]
SQL: SELECT `productname` FROM `product` WHERE ( productid=6 ) LIMIT 1   [ RunTime:0.0002s ]
SQL: SELECT * FROM `productimage` WHERE ( productid=5 ) LIMIT 1   [ RunTime:0.0002s ]
SQL: SELECT `productname` FROM `product` WHERE ( productid=5 ) LIMIT 1   [ RunTime:0.0002s ]
SQL: SELECT * FROM `productimage` WHERE ( productid=7 ) LIMIT 1   [ RunTime:0.0002s ]
SQL: SELECT `productname` FROM `product` WHERE ( productid=7 ) LIMIT 1   [ RunTime:0.0001s ]
SQL: SELECT * FROM `product` WHERE ( state=2 )  [ RunTime:0.0003s ]
SQL: SELECT * FROM `productimage` WHERE ( productid=7 ) LIMIT 1   [ RunTime:0.0002s ]
SQL: SELECT * FROM `productimage` WHERE ( productid=9 ) LIMIT 1   [ RunTime:0.0001s ]
SQL: SHOW COLUMNS FROM `product` [ RunTime:0.0069s ]
SQL: SELECT `productid`,`productname` FROM `product` ORDER BY clicknum desc LIMIT 0,3   [ RunTime:0.0003s ]
SQL: SHOW COLUMNS FROM `cart` [ RunTime:0.0062s ]
SQL: SELECT COUNT(*) AS tp_count FROM `cart` WHERE ( userid=1 ) LIMIT 1   [ RunTime:0.0002s ]
SQL: SHOW COLUMNS FROM `productimage` [ RunTime:0.0062s ]
SQL: INSERT INTO `click` (`productid`,`userid`,`clicktime`) VALUES ('5','1','2017-07-16') [ RunTime:0.0033s ]
SQL: update product set clicknum=clicknum+1 where productid=5 [ RunTime:0.0006s ]
SQL: SELECT * FROM `product` WHERE ( productid=5 ) LIMIT 1   [ RunTime:0.0002s ]
SQL: SELECT * FROM `productimage` WHERE ( productid=5 )  [ RunTime:0.0002s ]
NOTIC: [8] Undefined variable: url E:\PHP\www\MyJDShop\Application\Home\Common\function.php 第 40 行.
SQL: SELECT * FROM `goodstypes` WHERE ( typeid=1 ) LIMIT 1   [ RunTime:0.0002s ]
SQL: SELECT * FROM `goodstypes` WHERE ( typeid=2 ) LIMIT 1   [ RunTime:0.0001s ]
SQL: SELECT * FROM `goodstypes` WHERE ( typeid=29 ) LIMIT 1   [ RunTime:0.0002s ]
INFO: [ view_parse ] --START--
INFO: [ template_filter ] --START--
INFO: Run Behavior\ContentReplaceBehavior [ RunTime:0.000152s ]
INFO: [ template_filter ] --END-- [ RunTime:0.000203s ]
NOTIC: [8] Undefined index: search E:\PHP\www\MyJDShop\Application\Runtime\Cache\Home\86bdfdc431741999229ae11d21a8570f.php 第 75 行.
NOTIC: [8] Undefined index: procutname E:\PHP\www\MyJDShop\Application\Runtime\Cache\Home\86bdfdc431741999229ae11d21a8570f.php 第 122 行.
NOTIC: [8] Undefined index: procutname E:\PHP\www\MyJDShop\Application\Runtime\Cache\Home\86bdfdc431741999229ae11d21a8570f.php 第 122 行.
NOTIC: [8] Undefined index: procutname E:\PHP\www\MyJDShop\Application\Runtime\Cache\Home\86bdfdc431741999229ae11d21a8570f.php 第 122 行.
NOTIC: [8] Undefined index: procutname E:\PHP\www\MyJDShop\Application\Runtime\Cache\Home\86bdfdc431741999229ae11d21a8570f.php 第 122 行.
NOTIC: [8] Undefined index: procutname E:\PHP\www\MyJDShop\Application\Runtime\Cache\Home\86bdfdc431741999229ae11d21a8570f.php 第 122 行.
INFO: Run Behavior\ParseTemplateBehavior [ RunTime:0.016759s ]
INFO: [ view_parse ] --END-- [ RunTime:0.016801s ]
INFO: [ view_filter ] --START--
INFO: Run Behavior\WriteHtmlCacheBehavior [ RunTime:0.000314s ]
INFO: [ view_filter ] --END-- [ RunTime:0.000355s ]
INFO: [ app_end ] --START--
INFO: Run Behavior\ShowPageTraceBehavior [ RunTime:0.000562s ]
INFO: [ app_end ] --END-- [ RunTime:0.000604s ]

[ 2017-07-16T10:48:50+08:00 ] 127.0.0.1 /MyJDShop/index.php/Home/Product/productDetail/productid/style/global.css
INFO: [ app_init ] --START--
INFO: Run Behavior\BuildLiteBehavior [ RunTime:0.000014s ]
INFO: [ app_init ] --END-- [ RunTime:0.000364s ]
INFO: [ app_begin ] --START--
INFO: Run Behavior\ReadHtmlCacheBehavior [ RunTime:0.000499s ]
INFO: [ app_begin ] --END-- [ RunTime:0.000548s ]
SQL: SHOW COLUMNS FROM `goodstypes` [ RunTime:0.0070s ]
SQL: SELECT * FROM `goodstypes` WHERE ( fid=0 and isdel=1 )  [ RunTime:0.0002s ]
SQL: SHOW COLUMNS FROM `goodstypes` [ RunTime:0.0059s ]
SQL: SELECT * FROM `goodstypes` WHERE ( fid=0 )  [ RunTime:0.0002s ]
SQL: SELECT * FROM `goodstypes` WHERE ( fid=1 )  [ RunTime:0.0001s ]
SQL: SELECT * FROM `goodstypes` WHERE ( fid=2 )  [ RunTime:0.0001s ]
SQL: SELECT * FROM `goodstypes` WHERE ( fid=33 )  [ RunTime:0.0001s ]
SQL: SELECT * FROM `goodstypes` WHERE ( fid=4 )  [ RunTime:0.0001s ]
SQL: SELECT * FROM `goodstypes` WHERE ( fid=5 )  [ RunTime:0.0001s ]
SQL: SELECT * FROM `goodstypes` WHERE ( fid=10 )  [ RunTime:0.0001s ]
SQL: SELECT * FROM `goodstypes` WHERE ( fid=11 )  [ RunTime:0.0001s ]
SQL: SELECT * FROM `goodstypes` WHERE ( fid=12 )  [ RunTime:0.0001s ]
NOTIC: [8] Undefined index: typeid E:\PHP\www\MyJDShop\Application\Home\Controller\HomeController.class.php 第 16 行.
NOTIC: [8] Undefined index: typeid E:\PHP\www\MyJDShop\Application\Home\Controller\HomeController.class.php 第 18 行.
NOTIC: [8] Undefined index: typeid E:\PHP\www\MyJDShop\Application\Home\Controller\HomeController.class.php 第 19 行.
SQL: SHOW COLUMNS FROM `click` [ RunTime:0.0068s ]
SQL: SHOW COLUMNS FROM `productimage` [ RunTime:0.0060s ]
SQL: SHOW COLUMNS FROM `product` [ RunTime:0.0066s ]
SQL: SELECT * FROM `click` WHERE ( userid=1 ) GROUP BY productid ORDER BY clickid desc LIMIT 5   [ RunTime:0.0004s ]
SQL: SELECT * FROM `productimage` WHERE ( productid=9 ) LIMIT 1   [ RunTime:0.0001s ]
SQL: SELECT `productname` FROM `product` WHERE ( productid=9 ) LIMIT 1   [ RunTime:0.0001s ]
SQL: SELECT * FROM `productimage` WHERE ( productid=3 ) LIMIT 1   [ RunTime:0.0001s ]
SQL: SELECT `productname` FROM `product` WHERE ( productid=3 ) LIMIT 1   [ RunTime:0.0001s ]
SQL: SELECT * FROM `productimage` WHERE ( productid=6 ) LIMIT 1   [ RunTime:0.0001s ]
SQL: SELECT `productname` FROM `product` WHERE ( productid=6 ) LIMIT 1   [ RunTime:0.0001s ]
SQL: SELECT * FROM `productimage` WHERE ( productid=5 ) LIMIT 1   [ RunTime:0.0001s ]
SQL: SELECT `productname` FROM `product` WHERE ( productid=5 ) LIMIT 1   [ RunTime:0.0001s ]
SQL: SELECT * FROM `productimage` WHERE ( productid=7 ) LIMIT 1   [ RunTime:0.0001s ]
SQL: SELECT `productname` FROM `product` WHERE ( productid=7 ) LIMIT 1   [ RunTime:0.0001s ]
SQL: SELECT * FROM `product` WHERE ( state=2 )  [ RunTime:0.0002s ]
SQL: SELECT * FROM `productimage` WHERE ( productid=7 ) LIMIT 1   [ RunTime:0.0001s ]
SQL: SELECT * FROM `productimage` WHERE ( productid=9 ) LIMIT 1   [ RunTime:0.0001s ]
SQL: SHOW COLUMNS FROM `product` [ RunTime:0.0067s ]
SQL: SELECT `productid`,`productname` FROM `product` ORDER BY clicknum desc LIMIT 0,3   [ RunTime:0.0002s ]
SQL: SHOW COLUMNS FROM `cart` [ RunTime:0.0068s ]
SQL: SELECT COUNT(*) AS tp_count FROM `cart` WHERE ( userid=1 ) LIMIT 1   [ RunTime:0.0003s ]
SQL: SHOW COLUMNS FROM `productimage` [ RunTime:0.0060s ]
SQL: SELECT * FROM `product` WHERE ( productid=style ) LIMIT 1   [ RunTime:0.0002s ]
NOTIC: [8] Undefined index: content E:\PHP\www\MyJDShop\Application\Home\Controller\ProductController.class.php 第 196 行.
ERR: 1054:Unknown column 'style' in 'where clause'
 [ SQL语句 ] : SELECT * FROM `productimage` WHERE ( productid=style ) 
ERR: 1054:Unknown column 'style' in 'where clause'
 [ SQL语句 ] : SELECT * FROM `productimage` WHERE ( productid=style ) 

[ 2017-07-16T10:48:50+08:00 ] 127.0.0.1 /MyJDShop/index.php/Home/Product/productDetail/productid/style/base.css
INFO: [ app_init ] --START--
INFO: Run Behavior\BuildLiteBehavior [ RunTime:0.000013s ]
INFO: [ app_init ] --END-- [ RunTime:0.000391s ]
INFO: [ app_begin ] --START--
INFO: Run Behavior\ReadHtmlCacheBehavior [ RunTime:0.000757s ]
INFO: [ app_begin ] --END-- [ RunTime:0.000816s ]
SQL: SHOW COLUMNS FROM `goodstypes` [ RunTime:0.0063s ]
SQL: SELECT * FROM `goodstypes` WHERE ( fid=0 and isdel=1 )  [ RunTime:0.0002s ]
SQL: SHOW COLUMNS FROM `goodstypes` [ RunTime:0.0069s ]
SQL: SELECT * FROM `goodstypes` WHERE ( fid=0 )  [ RunTime:0.0003s ]
SQL: SELECT * FROM `goodstypes` WHERE ( fid=1 )  [ RunTime:0.0002s ]
SQL: SELECT * FROM `goodstypes` WHERE ( fid=2 )  [ RunTime:0.0002s ]
SQL: SELECT * FROM `goodstypes` WHERE ( fid=33 )  [ RunTime:0.0001s ]
SQL: SELECT * FROM `goodstypes` WHERE ( fid=4 )  [ RunTime:0.0001s ]
SQL: SELECT * FROM `goodstypes` WHERE ( fid=5 )  [ RunTime:0.0001s ]
SQL: SELECT * FROM `goodstypes` WHERE ( fid=10 )  [ RunTime:0.0001s ]
SQL: SELECT * FROM `goodstypes` WHERE ( fid=11 )  [ RunTime:0.0001s ]
SQL: SELECT * FROM `goodstypes` WHERE ( fid=12 )  [ RunTime:0.0001s ]
NOTIC: [8] Undefined index: typeid E:\PHP\www\MyJDShop\Application\Home\Controller\HomeController.class.php 第 16 行.
NOTIC: [8] Undefined index: typeid E:\PHP\www\MyJDShop\Application\Home\Controller\HomeController.class.php 第 18 行.
NOTIC: [8] Undefined index: typeid E:\PHP\www\MyJDShop\Application\Home\Controller\HomeController.class.php 第 19 行.
SQL: SHOW COLUMNS FROM `click` [ RunTime:0.0062s ]
SQL: SHOW COLUMNS FROM `productimage` [ RunTime:0.0068s ]
SQL: SHOW COLUMNS FROM `product` [ RunTime:0.0071s ]
SQL: SELECT * FROM `click` WHERE ( userid=1 ) GROUP BY productid ORDER BY clickid desc LIMIT 5   [ RunTime:0.0004s ]
SQL: SELECT * FROM `productimage` WHERE ( productid=9 ) LIMIT 1   [ RunTime:0.0002s ]
SQL: SELECT `productname` FROM `product` WHERE ( productid=9 ) LIMIT 1   [ RunTime:0.0001s ]
SQL: SELECT * FROM `productimage` WHERE ( productid=3 ) LIMIT 1   [ RunTime:0.0001s ]
SQL: SELECT `productname` FROM `product` WHERE ( productid=3 ) LIMIT 1   [ RunTime:0.0001s ]
SQL: SELECT * FROM `productimage` WHERE ( productid=6 ) LIMIT 1   [ RunTime:0.0001s ]
SQL: SELECT `productname` FROM `product` WHERE ( productid=6 ) LIMIT 1   [ RunTime:0.0001s ]
SQL: SELECT * FROM `productimage` WHERE ( productid=5 ) LIMIT 1   [ RunTime:0.0001s ]
SQL: SELECT `productname` FROM `product` WHERE ( productid=5 ) LIMIT 1   [ RunTime:0.0001s ]
SQL: SELECT * FROM `productimage` WHERE ( productid=7 ) LIMIT 1   [ RunTime:0.0001s ]
SQL: SELECT `productname` FROM `product` WHERE ( productid=7 ) LIMIT 1   [ RunTime:0.0001s ]
SQL: SELECT * FROM `product` WHERE ( state=2 )  [ RunTime:0.0002s ]
SQL: SELECT * FROM `productimage` WHERE ( productid=7 ) LIMIT 1   [ RunTime:0.0001s ]
SQL: SELECT * FROM `productimage` WHERE ( productid=9 ) LIMIT 1   [ RunTime:0.0001s ]
SQL: SHOW COLUMNS FROM `product` [ RunTime:0.0074s ]
SQL: SELECT `productid`,`productname` FROM `product` ORDER BY clicknum desc LIMIT 0,3   [ RunTime:0.0003s ]
SQL: SHOW COLUMNS FROM `cart` [ RunTime:0.0062s ]
SQL: SELECT COUNT(*) AS tp_count FROM `cart` WHERE ( userid=1 ) LIMIT 1   [ RunTime:0.0002s ]
SQL: SHOW COLUMNS FROM `productimage` [ RunTime:0.0066s ]
SQL: SELECT * FROM `product` WHERE ( productid=style ) LIMIT 1   [ RunTime:0.0003s ]
NOTIC: [8] Undefined index: content E:\PHP\www\MyJDShop\Application\Home\Controller\ProductController.class.php 第 196 行.
ERR: 1054:Unknown column 'style' in 'where clause'
 [ SQL语句 ] : SELECT * FROM `productimage` WHERE ( productid=style ) 
ERR: 1054:Unknown column 'style' in 'where clause'
 [ SQL语句 ] : SELECT * FROM `productimage` WHERE ( productid=style ) 

[ 2017-07-16T10:48:50+08:00 ] 127.0.0.1 /MyJDShop/index.php/Home/Product/productDetail/productid/style/bottomnav.css
INFO: [ app_init ] --START--
INFO: Run Behavior\BuildLiteBehavior [ RunTime:0.000012s ]
INFO: [ app_init ] --END-- [ RunTime:0.000352s ]
INFO: [ app_begin ] --START--
INFO: Run Behavior\ReadHtmlCacheBehavior [ RunTime:0.000476s ]
INFO: [ app_begin ] --END-- [ RunTime:0.000517s ]
SQL: SHOW COLUMNS FROM `goodstypes` [ RunTime:0.0064s ]
SQL: SELECT * FROM `goodstypes` WHERE ( fid=0 and isdel=1 )  [ RunTime:0.0002s ]
SQL: SHOW COLUMNS FROM `goodstypes` [ RunTime:0.0073s ]
SQL: SELECT * FROM `goodstypes` WHERE ( fid=0 )  [ RunTime:0.0002s ]
SQL: SELECT * FROM `goodstypes` WHERE ( fid=1 )  [ RunTime:0.0001s ]
SQL: SELECT * FROM `goodstypes` WHERE ( fid=2 )  [ RunTime:0.0001s ]
SQL: SELECT * FROM `goodstypes` WHERE ( fid=33 )  [ RunTime:0.0002s ]
SQL: SELECT * FROM `goodstypes` WHERE ( fid=4 )  [ RunTime:0.0001s ]
SQL: SELECT * FROM `goodstypes` WHERE ( fid=5 )  [ RunTime:0.0001s ]
SQL: SELECT * FROM `goodstypes` WHERE ( fid=10 )  [ RunTime:0.0001s ]
SQL: SELECT * FROM `goodstypes` WHERE ( fid=11 )  [ RunTime:0.0001s ]
SQL: SELECT * FROM `goodstypes` WHERE ( fid=12 )  [ RunTime:0.0001s ]
NOTIC: [8] Undefined index: typeid E:\PHP\www\MyJDShop\Application\Home\Controller\HomeController.class.php 第 16 行.
NOTIC: [8] Undefined index: typeid E:\PHP\www\MyJDShop\Application\Home\Controller\HomeController.class.php 第 18 行.
NOTIC: [8] Undefined index: typeid E:\PHP\www\MyJDShop\Application\Home\Controller\HomeController.class.php 第 19 行.
SQL: SHOW COLUMNS FROM `click` [ RunTime:0.0064s ]
SQL: SHOW COLUMNS FROM `productimage` [ RunTime:0.0079s ]
SQL: SHOW COLUMNS FROM `product` [ RunTime:0.0077s ]
SQL: SELECT * FROM `click` WHERE ( userid=1 ) GROUP BY productid ORDER BY clickid desc LIMIT 5   [ RunTime:0.0004s ]
SQL: SELECT * FROM `productimage` WHERE ( productid=9 ) LIMIT 1   [ RunTime:0.0001s ]
SQL: SELECT `productname` FROM `product` WHERE ( productid=9 ) LIMIT 1   [ RunTime:0.0001s ]
SQL: SELECT * FROM `productimage` WHERE ( productid=3 ) LIMIT 1   [ RunTime:0.0001s ]
SQL: SELECT `productname` FROM `product` WHERE ( productid=3 ) LIMIT 1   [ RunTime:0.0001s ]
SQL: SELECT * FROM `productimage` WHERE ( productid=6 ) LIMIT 1   [ RunTime:0.0001s ]
SQL: SELECT `productname` FROM `product` WHERE ( productid=6 ) LIMIT 1   [ RunTime:0.0001s ]
SQL: SELECT * FROM `productimage` WHERE ( productid=5 ) LIMIT 1   [ RunTime:0.0002s ]
SQL: SELECT `productname` FROM `product` WHERE ( productid=5 ) LIMIT 1   [ RunTime:0.0001s ]
SQL: SELECT * FROM `productimage` WHERE ( productid=7 ) LIMIT 1   [ RunTime:0.0001s ]
SQL: SELECT `productname` FROM `product` WHERE ( productid=7 ) LIMIT 1   [ RunTime:0.0001s ]
SQL: SELECT * FROM `product` WHERE ( state=2 )  [ RunTime:0.0002s ]
SQL: SELECT * FROM `productimage` WHERE ( productid=7 ) LIMIT 1   [ RunTime:0.0001s ]
SQL: SELECT * FROM `productimage` WHERE ( productid=9 ) LIMIT 1   [ RunTime:0.0001s ]
SQL: SHOW COLUMNS FROM `product` [ RunTime:0.0083s ]
SQL: SELECT `productid`,`productname` FROM `product` ORDER BY clicknum desc LIMIT 0,3   [ RunTime:0.0002s ]
SQL: SHOW COLUMNS FROM `cart` [ RunTime:0.0073s ]
SQL: SELECT COUNT(*) AS tp_count FROM `cart` WHERE ( userid=1 ) LIMIT 1   [ RunTime:0.0002s ]
SQL: SHOW COLUMNS FROM `productimage` [ RunTime:0.0066s ]
SQL: SELECT * FROM `product` WHERE ( productid=style ) LIMIT 1   [ RunTime:0.0002s ]
NOTIC: [8] Undefined index: content E:\PHP\www\MyJDShop\Application\Home\Controller\ProductController.class.php 第 196 行.
ERR: 1054:Unknown column 'style' in 'where clause'
 [ SQL语句 ] : SELECT * FROM `productimage` WHERE ( productid=style ) 
ERR: 1054:Unknown column 'style' in 'where clause'
 [ SQL语句 ] : SELECT * FROM `productimage` WHERE ( productid=style ) 

[ 2017-07-16T10:48:55+08:00 ] 127.0.0.1 /MyJDShop/index.php/Home/Index/index
INFO: [ app_init ] --START--
INFO: Run Behavior\BuildLiteBehavior [ RunTime:0.000023s ]
INFO: [ app_init ] --END-- [ RunTime:0.000781s ]
INFO: [ app_begin ] --START--
INFO: Run Behavior\ReadHtmlCacheBehavior [ RunTime:0.000497s ]
INFO: [ app_begin ] --END-- [ RunTime:0.000540s ]
SQL: SHOW COLUMNS FROM `goodstypes` [ RunTime:0.0066s ]
SQL: SELECT * FROM `goodstypes` WHERE ( fid=0 and isdel=1 )  [ RunTime:0.0003s ]
SQL: SHOW COLUMNS FROM `goodstypes` [ RunTime:0.0064s ]
SQL: SELECT * FROM `goodstypes` WHERE ( fid=0 )  [ RunTime:0.0002s ]
SQL: SELECT * FROM `goodstypes` WHERE ( fid=1 )  [ RunTime:0.0002s ]
SQL: SELECT * FROM `goodstypes` WHERE ( fid=2 )  [ RunTime:0.0001s ]
SQL: SELECT * FROM `goodstypes` WHERE ( fid=33 )  [ RunTime:0.0002s ]
SQL: SELECT * FROM `goodstypes` WHERE ( fid=4 )  [ RunTime:0.0001s ]
SQL: SELECT * FROM `goodstypes` WHERE ( fid=5 )  [ RunTime:0.0001s ]
SQL: SELECT * FROM `goodstypes` WHERE ( fid=10 )  [ RunTime:0.0002s ]
SQL: SELECT * FROM `goodstypes` WHERE ( fid=11 )  [ RunTime:0.0002s ]
SQL: SELECT * FROM `goodstypes` WHERE ( fid=12 )  [ RunTime:0.0001s ]
NOTIC: [8] Undefined index: typeid E:\PHP\www\MyJDShop\Application\Home\Controller\HomeController.class.php 第 16 行.
NOTIC: [8] Undefined index: typeid E:\PHP\www\MyJDShop\Application\Home\Controller\HomeController.class.php 第 18 行.
NOTIC: [8] Undefined index: typeid E:\PHP\www\MyJDShop\Application\Home\Controller\HomeController.class.php 第 19 行.
SQL: SHOW COLUMNS FROM `click` [ RunTime:0.0059s ]
SQL: SHOW COLUMNS FROM `productimage` [ RunTime:0.0058s ]
SQL: SHOW COLUMNS FROM `product` [ RunTime:0.0061s ]
SQL: SELECT * FROM `click` WHERE ( userid=1 ) GROUP BY productid ORDER BY clickid desc LIMIT 5   [ RunTime:0.0004s ]
SQL: SELECT * FROM `productimage` WHERE ( productid=9 ) LIMIT 1   [ RunTime:0.0002s ]
SQL: SELECT `productname` FROM `product` WHERE ( productid=9 ) LIMIT 1   [ RunTime:0.0001s ]
SQL: SELECT * FROM `productimage` WHERE ( productid=3 ) LIMIT 1   [ RunTime:0.0002s ]
SQL: SELECT `productname` FROM `product` WHERE ( productid=3 ) LIMIT 1   [ RunTime:0.0001s ]
SQL: SELECT * FROM `productimage` WHERE ( productid=6 ) LIMIT 1   [ RunTime:0.0001s ]
SQL: SELECT `productname` FROM `product` WHERE ( productid=6 ) LIMIT 1   [ RunTime:0.0001s ]
SQL: SELECT * FROM `productimage` WHERE ( productid=5 ) LIMIT 1   [ RunTime:0.0001s ]
SQL: SELECT `productname` FROM `product` WHERE ( productid=5 ) LIMIT 1   [ RunTime:0.0001s ]
SQL: SELECT * FROM `productimage` WHERE ( productid=7 ) LIMIT 1   [ RunTime:0.0001s ]
SQL: SELECT `productname` FROM `product` WHERE ( productid=7 ) LIMIT 1   [ RunTime:0.0001s ]
SQL: SELECT * FROM `product` WHERE ( state=2 )  [ RunTime:0.0002s ]
SQL: SELECT * FROM `productimage` WHERE ( productid=7 ) LIMIT 1   [ RunTime:0.0001s ]
SQL: SELECT * FROM `productimage` WHERE ( productid=9 ) LIMIT 1   [ RunTime:0.0001s ]
SQL: SHOW COLUMNS FROM `product` [ RunTime:0.0062s ]
SQL: SELECT `productid`,`productname` FROM `product` ORDER BY clicknum desc LIMIT 0,3   [ RunTime:0.0002s ]
SQL: SHOW COLUMNS FROM `cart` [ RunTime:0.0061s ]
SQL: SELECT COUNT(*) AS tp_count FROM `cart` WHERE ( userid=1 ) LIMIT 1   [ RunTime:0.0002s ]
INFO: [ view_parse ] --START--
INFO: [ template_filter ] --START--
INFO: Run Behavior\ContentReplaceBehavior [ RunTime:0.000149s ]
INFO: [ template_filter ] --END-- [ RunTime:0.000191s ]
NOTIC: [8] Undefined index: procutname E:\PHP\www\MyJDShop\Application\Runtime\Cache\Home\2a94b8bda04ff446dcedd42276fc99ee.php 第 112 行.
NOTIC: [8] Undefined index: procutname E:\PHP\www\MyJDShop\Application\Runtime\Cache\Home\2a94b8bda04ff446dcedd42276fc99ee.php 第 112 行.
NOTIC: [8] Undefined index: procutname E:\PHP\www\MyJDShop\Application\Runtime\Cache\Home\2a94b8bda04ff446dcedd42276fc99ee.php 第 112 行.
NOTIC: [8] Undefined index: procutname E:\PHP\www\MyJDShop\Application\Runtime\Cache\Home\2a94b8bda04ff446dcedd42276fc99ee.php 第 112 行.
NOTIC: [8] Undefined index: procutname E:\PHP\www\MyJDShop\Application\Runtime\Cache\Home\2a94b8bda04ff446dcedd42276fc99ee.php 第 112 行.
INFO: Run Behavior\ParseTemplateBehavior [ RunTime:0.017827s ]
INFO: [ view_parse ] --END-- [ RunTime:0.017866s ]
INFO: [ view_filter ] --START--
INFO: Run Behavior\WriteHtmlCacheBehavior [ RunTime:0.000282s ]
INFO: [ view_filter ] --END-- [ RunTime:0.000311s ]
INFO: [ app_end ] --START--
INFO: Run Behavior\ShowPageTraceBehavior [ RunTime:0.000535s ]
INFO: [ app_end ] --END-- [ RunTime:0.000569s ]

[ 2017-07-16T10:57:47+08:00 ] 127.0.0.1 /MyJDShop/
INFO: [ app_init ] --START--
INFO: Run Behavior\BuildLiteBehavior [ RunTime:0.000015s ]
INFO: [ app_init ] --END-- [ RunTime:0.000482s ]
INFO: [ app_begin ] --START--
INFO: Run Behavior\ReadHtmlCacheBehavior [ RunTime:0.000620s ]
INFO: [ app_begin ] --END-- [ RunTime:0.000671s ]
SQL: SHOW COLUMNS FROM `goodstypes` [ RunTime:0.0063s ]
SQL: SELECT * FROM `goodstypes` WHERE ( fid=0 and isdel=1 )  [ RunTime:0.0003s ]
SQL: SHOW COLUMNS FROM `goodstypes` [ RunTime:0.0059s ]
SQL: SELECT * FROM `goodstypes` WHERE ( fid=0 )  [ RunTime:0.0002s ]
SQL: SELECT * FROM `goodstypes` WHERE ( fid=1 )  [ RunTime:0.0002s ]
SQL: SELECT * FROM `goodstypes` WHERE ( fid=2 )  [ RunTime:0.0002s ]
SQL: SELECT * FROM `goodstypes` WHERE ( fid=33 )  [ RunTime:0.0002s ]
SQL: SELECT * FROM `goodstypes` WHERE ( fid=4 )  [ RunTime:0.0002s ]
SQL: SELECT * FROM `goodstypes` WHERE ( fid=5 )  [ RunTime:0.0002s ]
SQL: SELECT * FROM `goodstypes` WHERE ( fid=10 )  [ RunTime:0.0002s ]
SQL: SELECT * FROM `goodstypes` WHERE ( fid=11 )  [ RunTime:0.0002s ]
SQL: SELECT * FROM `goodstypes` WHERE ( fid=12 )  [ RunTime:0.0002s ]
NOTIC: [8] Undefined index: typeid E:\PHP\www\MyJDShop\Application\Home\Controller\HomeController.class.php 第 16 行.
NOTIC: [8] Undefined index: typeid E:\PHP\www\MyJDShop\Application\Home\Controller\HomeController.class.php 第 18 行.
NOTIC: [8] Undefined index: typeid E:\PHP\www\MyJDShop\Application\Home\Controller\HomeController.class.php 第 19 行.
SQL: SHOW COLUMNS FROM `click` [ RunTime:0.0063s ]
SQL: SHOW COLUMNS FROM `productimage` [ RunTime:0.0063s ]
SQL: SHOW COLUMNS FROM `product` [ RunTime:0.0062s ]
SQL: SELECT * FROM `click` WHERE ( userid=1 ) GROUP BY productid ORDER BY clickid desc LIMIT 5   [ RunTime:0.0003s ]
SQL: SELECT * FROM `productimage` WHERE ( productid=9 ) LIMIT 1   [ RunTime:0.0002s ]
SQL: SELECT `productname` FROM `product` WHERE ( productid=9 ) LIMIT 1   [ RunTime:0.0001s ]
SQL: SELECT * FROM `productimage` WHERE ( productid=3 ) LIMIT 1   [ RunTime:0.0001s ]
SQL: SELECT `productname` FROM `product` WHERE ( productid=3 ) LIMIT 1   [ RunTime:0.0001s ]
SQL: SELECT * FROM `productimage` WHERE ( productid=6 ) LIMIT 1   [ RunTime:0.0001s ]
SQL: SELECT `productname` FROM `product` WHERE ( productid=6 ) LIMIT 1   [ RunTime:0.0001s ]
SQL: SELECT * FROM `productimage` WHERE ( productid=5 ) LIMIT 1   [ RunTime:0.0002s ]
SQL: SELECT `productname` FROM `product` WHERE ( productid=5 ) LIMIT 1   [ RunTime:0.0001s ]
SQL: SELECT * FROM `productimage` WHERE ( productid=7 ) LIMIT 1   [ RunTime:0.0001s ]
SQL: SELECT `productname` FROM `product` WHERE ( productid=7 ) LIMIT 1   [ RunTime:0.0001s ]
SQL: SELECT * FROM `product` WHERE ( state=2 )  [ RunTime:0.0002s ]
SQL: SELECT * FROM `productimage` WHERE ( productid=7 ) LIMIT 1   [ RunTime:0.0001s ]
SQL: SELECT * FROM `productimage` WHERE ( productid=9 ) LIMIT 1   [ RunTime:0.0001s ]
SQL: SHOW COLUMNS FROM `product` [ RunTime:0.0062s ]
SQL: SELECT `productid`,`productname` FROM `product` ORDER BY clicknum desc LIMIT 0,3   [ RunTime:0.0002s ]
SQL: SHOW COLUMNS FROM `cart` [ RunTime:0.0060s ]
SQL: SELECT COUNT(*) AS tp_count FROM `cart` WHERE ( userid=1 ) LIMIT 1   [ RunTime:0.0002s ]
INFO: [ view_parse ] --START--
INFO: [ template_filter ] --START--
INFO: Run Behavior\ContentReplaceBehavior [ RunTime:0.000157s ]
INFO: [ template_filter ] --END-- [ RunTime:0.000213s ]
NOTIC: [8] Undefined index: procutname E:\PHP\www\MyJDShop\Application\Runtime\Cache\Home\2a94b8bda04ff446dcedd42276fc99ee.php 第 112 行.
NOTIC: [8] Undefined index: procutname E:\PHP\www\MyJDShop\Application\Runtime\Cache\Home\2a94b8bda04ff446dcedd42276fc99ee.php 第 112 行.
NOTIC: [8] Undefined index: procutname E:\PHP\www\MyJDShop\Application\Runtime\Cache\Home\2a94b8bda04ff446dcedd42276fc99ee.php 第 112 行.
NOTIC: [8] Undefined index: procutname E:\PHP\www\MyJDShop\Application\Runtime\Cache\Home\2a94b8bda04ff446dcedd42276fc99ee.php 第 112 行.
NOTIC: [8] Undefined index: procutname E:\PHP\www\MyJDShop\Application\Runtime\Cache\Home\2a94b8bda04ff446dcedd42276fc99ee.php 第 112 行.
INFO: Run Behavior\ParseTemplateBehavior [ RunTime:0.018179s ]
INFO: [ view_parse ] --END-- [ RunTime:0.018217s ]
INFO: [ view_filter ] --START--
INFO: Run Behavior\WriteHtmlCacheBehavior [ RunTime:0.000340s ]
INFO: [ view_filter ] --END-- [ RunTime:0.000371s ]
INFO: [ app_end ] --START--
INFO: Run Behavior\ShowPageTraceBehavior [ RunTime:0.000628s ]
INFO: [ app_end ] --END-- [ RunTime:0.000679s ]

[ 2017-07-16T10:58:21+08:00 ] 127.0.0.1 /MyJDShop/
INFO: [ app_init ] --START--
INFO: Run Behavior\BuildLiteBehavior [ RunTime:0.000011s ]
INFO: [ app_init ] --END-- [ RunTime:0.000360s ]
INFO: [ app_begin ] --START--
INFO: Run Behavior\ReadHtmlCacheBehavior [ RunTime:0.000484s ]
INFO: [ app_begin ] --END-- [ RunTime:0.000523s ]
SQL: SHOW COLUMNS FROM `goodstypes` [ RunTime:0.0059s ]
SQL: SELECT * FROM `goodstypes` WHERE ( fid=0 and isdel=1 )  [ RunTime:0.0002s ]
SQL: SHOW COLUMNS FROM `goodstypes` [ RunTime:0.0057s ]
SQL: SELECT * FROM `goodstypes` WHERE ( fid=0 )  [ RunTime:0.0002s ]
SQL: SELECT * FROM `goodstypes` WHERE ( fid=1 )  [ RunTime:0.0002s ]
SQL: SELECT * FROM `goodstypes` WHERE ( fid=2 )  [ RunTime:0.0002s ]
SQL: SELECT * FROM `goodstypes` WHERE ( fid=33 )  [ RunTime:0.0002s ]
SQL: SELECT * FROM `goodstypes` WHERE ( fid=4 )  [ RunTime:0.0002s ]
SQL: SELECT * FROM `goodstypes` WHERE ( fid=5 )  [ RunTime:0.0002s ]
SQL: SELECT * FROM `goodstypes` WHERE ( fid=10 )  [ RunTime:0.0002s ]
SQL: SELECT * FROM `goodstypes` WHERE ( fid=11 )  [ RunTime:0.0002s ]
SQL: SELECT * FROM `goodstypes` WHERE ( fid=12 )  [ RunTime:0.0002s ]
NOTIC: [8] Undefined index: typeid E:\PHP\www\MyJDShop\Application\Home\Controller\HomeController.class.php 第 16 行.
NOTIC: [8] Undefined index: typeid E:\PHP\www\MyJDShop\Application\Home\Controller\HomeController.class.php 第 18 行.
NOTIC: [8] Undefined index: typeid E:\PHP\www\MyJDShop\Application\Home\Controller\HomeController.class.php 第 19 行.
SQL: SHOW COLUMNS FROM `click` [ RunTime:0.0061s ]
SQL: SHOW COLUMNS FROM `productimage` [ RunTime:0.0057s ]
SQL: SHOW COLUMNS FROM `product` [ RunTime:0.0062s ]
SQL: SELECT * FROM `click` WHERE ( userid=1 ) GROUP BY productid ORDER BY clickid desc LIMIT 5   [ RunTime:0.0003s ]
SQL: SELECT * FROM `productimage` WHERE ( productid=9 ) LIMIT 1   [ RunTime:0.0002s ]
SQL: SELECT `productname` FROM `product` WHERE ( productid=9 ) LIMIT 1   [ RunTime:0.0002s ]
SQL: SELECT * FROM `productimage` WHERE ( productid=3 ) LIMIT 1   [ RunTime:0.0002s ]
SQL: SELECT `productname` FROM `product` WHERE ( productid=3 ) LIMIT 1   [ RunTime:0.0002s ]
SQL: SELECT * FROM `productimage` WHERE ( productid=6 ) LIMIT 1   [ RunTime:0.0002s ]
SQL: SELECT `productname` FROM `product` WHERE ( productid=6 ) LIMIT 1   [ RunTime:0.0001s ]
SQL: SELECT * FROM `productimage` WHERE ( productid=5 ) LIMIT 1   [ RunTime:0.0002s ]
SQL: SELECT `productname` FROM `product` WHERE ( productid=5 ) LIMIT 1   [ RunTime:0.0002s ]
SQL: SELECT * FROM `productimage` WHERE ( productid=7 ) LIMIT 1   [ RunTime:0.0002s ]
SQL: SELECT `productname` FROM `product` WHERE ( productid=7 ) LIMIT 1   [ RunTime:0.0001s ]
SQL: SELECT * FROM `product` WHERE ( state=2 )  [ RunTime:0.0002s ]
SQL: SELECT * FROM `productimage` WHERE ( productid=7 ) LIMIT 1   [ RunTime:0.0001s ]
SQL: SELECT * FROM `productimage` WHERE ( productid=9 ) LIMIT 1   [ RunTime:0.0001s ]
SQL: SHOW COLUMNS FROM `product` [ RunTime:0.0059s ]
SQL: SELECT `productid`,`productname` FROM `product` ORDER BY clicknum desc LIMIT 0,3   [ RunTime:0.0002s ]
SQL: SHOW COLUMNS FROM `cart` [ RunTime:0.0058s ]
SQL: SELECT COUNT(*) AS tp_count FROM `cart` WHERE ( userid=1 ) LIMIT 1   [ RunTime:0.0002s ]
INFO: [ view_parse ] --START--
INFO: [ template_filter ] --START--
INFO: Run Behavior\ContentReplaceBehavior [ RunTime:0.000153s ]
INFO: [ template_filter ] --END-- [ RunTime:0.000189s ]
NOTIC: [8] Undefined index: procutname E:\PHP\www\MyJDShop\Application\Runtime\Cache\Home\2a94b8bda04ff446dcedd42276fc99ee.php 第 112 行.
NOTIC: [8] Undefined index: procutname E:\PHP\www\MyJDShop\Application\Runtime\Cache\Home\2a94b8bda04ff446dcedd42276fc99ee.php 第 112 行.
NOTIC: [8] Undefined index: procutname E:\PHP\www\MyJDShop\Application\Runtime\Cache\Home\2a94b8bda04ff446dcedd42276fc99ee.php 第 112 行.
NOTIC: [8] Undefined index: procutname E:\PHP\www\MyJDShop\Application\Runtime\Cache\Home\2a94b8bda04ff446dcedd42276fc99ee.php 第 112 行.
NOTIC: [8] Undefined index: procutname E:\PHP\www\MyJDShop\Application\Runtime\Cache\Home\2a94b8bda04ff446dcedd42276fc99ee.php 第 112 行.
INFO: Run Behavior\ParseTemplateBehavior [ RunTime:0.017433s ]
INFO: [ view_parse ] --END-- [ RunTime:0.017473s ]
INFO: [ view_filter ] --START--
INFO: Run Behavior\WriteHtmlCacheBehavior [ RunTime:0.000262s ]
INFO: [ view_filter ] --END-- [ RunTime:0.000291s ]
INFO: [ app_end ] --START--
INFO: Run Behavior\ShowPageTraceBehavior [ RunTime:0.000482s ]
INFO: [ app_end ] --END-- [ RunTime:0.000518s ]

