[ 2017-07-18T13:30:08+08:00 ] 127.0.0.1 /MyJDShop/
INFO: [ app_init ] --START--
INFO: Run Behavior\BuildLiteBehavior [ RunTime:0.000011s ]
INFO: [ app_init ] --END-- [ RunTime:0.000450s ]
INFO: [ app_begin ] --START--
INFO: Run Behavior\ReadHtmlCacheBehavior [ RunTime:0.000904s ]
INFO: [ app_begin ] --END-- [ RunTime:0.000951s ]
SQL: SHOW COLUMNS FROM `goodstypes` [ RunTime:0.0062s ]
SQL: SELECT * FROM `goodstypes` WHERE ( fid=0 and isdel=1 )  [ RunTime:0.0003s ]
SQL: SHOW COLUMNS FROM `goodstypes` [ RunTime:0.0062s ]
SQL: SELECT * FROM `goodstypes` WHERE ( fid=0 )  [ RunTime:0.0002s ]
SQL: SELECT * FROM `goodstypes` WHERE ( fid=1 )  [ RunTime:0.0002s ]
SQL: SELECT * FROM `goodstypes` WHERE ( fid=2 )  [ RunTime:0.0002s ]
SQL: SELECT * FROM `goodstypes` WHERE ( fid=33 )  [ RunTime:0.0002s ]
SQL: SELECT * FROM `goodstypes` WHERE ( fid=4 )  [ RunTime:0.0001s ]
SQL: SELECT * FROM `goodstypes` WHERE ( fid=5 )  [ RunTime:0.0001s ]
SQL: SELECT * FROM `goodstypes` WHERE ( fid=10 )  [ RunTime:0.0001s ]
SQL: SELECT * FROM `goodstypes` WHERE ( fid=11 )  [ RunTime:0.0001s ]
SQL: SELECT * FROM `goodstypes` WHERE ( fid=12 )  [ RunTime:0.0001s ]
NOTIC: [8] Undefined index: typeid E:\PHP\www\MyJDShop\Application\Home\Controller\HomeController.class.php 第 16 行.
NOTIC: [8] Undefined index: typeid E:\PHP\www\MyJDShop\Application\Home\Controller\HomeController.class.php 第 18 行.
NOTIC: [8] Undefined index: typeid E:\PHP\www\MyJDShop\Application\Home\Controller\HomeController.class.php 第 19 行.
SQL: SHOW COLUMNS FROM `click` [ RunTime:0.0064s ]
SQL: SHOW COLUMNS FROM `productimage` [ RunTime:0.0064s ]
SQL: SHOW COLUMNS FROM `product` [ RunTime:0.0063s ]
NOTIC: [8] Undefined index: userid E:\PHP\www\MyJDShop\Application\Home\Controller\HomeController.class.php 第 27 行.
ERR: 1064:You have an error in your SQL syntax; check the manual that corresponds to your MySQL server version for the right syntax to use near ') GROUP BY productid ORDER BY clickid desc LIMIT 5' at line 1
 [ SQL语句 ] : SELECT * FROM `click` WHERE ( userid= ) GROUP BY productid ORDER BY clickid desc LIMIT 5  
ERR: 1064:You have an error in your SQL syntax; check the manual that corresponds to your MySQL server version for the right syntax to use near ') GROUP BY productid ORDER BY clickid desc LIMIT 5' at line 1
 [ SQL语句 ] : SELECT * FROM `click` WHERE ( userid= ) GROUP BY productid ORDER BY clickid desc LIMIT 5  

[ 2017-07-18T13:30:23+08:00 ] 127.0.0.1 /MyJDShop/index.php
INFO: [ app_init ] --START--
INFO: Run Behavior\BuildLiteBehavior [ RunTime:0.000013s ]
INFO: [ app_init ] --END-- [ RunTime:0.000508s ]
INFO: [ app_begin ] --START--
INFO: Run Behavior\ReadHtmlCacheBehavior [ RunTime:0.000690s ]
INFO: [ app_begin ] --END-- [ RunTime:0.000737s ]
SQL: SHOW COLUMNS FROM `goodstypes` [ RunTime:0.0062s ]
SQL: SELECT * FROM `goodstypes` WHERE ( fid=0 and isdel=1 )  [ RunTime:0.0003s ]
SQL: SHOW COLUMNS FROM `goodstypes` [ RunTime:0.0065s ]
SQL: SELECT * FROM `goodstypes` WHERE ( fid=0 )  [ RunTime:0.0002s ]
SQL: SELECT * FROM `goodstypes` WHERE ( fid=1 )  [ RunTime:0.0002s ]
SQL: SELECT * FROM `goodstypes` WHERE ( fid=2 )  [ RunTime:0.0002s ]
SQL: SELECT * FROM `goodstypes` WHERE ( fid=33 )  [ RunTime:0.0002s ]
SQL: SELECT * FROM `goodstypes` WHERE ( fid=4 )  [ RunTime:0.0002s ]
SQL: SELECT * FROM `goodstypes` WHERE ( fid=5 )  [ RunTime:0.0002s ]
SQL: SELECT * FROM `goodstypes` WHERE ( fid=10 )  [ RunTime:0.0002s ]
SQL: SELECT * FROM `goodstypes` WHERE ( fid=11 )  [ RunTime:0.0002s ]
SQL: SELECT * FROM `goodstypes` WHERE ( fid=12 )  [ RunTime:0.0002s ]
NOTIC: [8] Undefined index: typeid E:\PHP\www\MyJDShop\Application\Home\Controller\HomeController.class.php 第 16 行.
NOTIC: [8] Undefined index: typeid E:\PHP\www\MyJDShop\Application\Home\Controller\HomeController.class.php 第 18 行.
NOTIC: [8] Undefined index: typeid E:\PHP\www\MyJDShop\Application\Home\Controller\HomeController.class.php 第 19 行.
SQL: SHOW COLUMNS FROM `click` [ RunTime:0.0065s ]
SQL: SHOW COLUMNS FROM `productimage` [ RunTime:0.0062s ]
SQL: SHOW COLUMNS FROM `product` [ RunTime:0.0062s ]
NOTIC: [8] Undefined index: userid E:\PHP\www\MyJDShop\Application\Home\Controller\HomeController.class.php 第 27 行.
ERR: 1064:You have an error in your SQL syntax; check the manual that corresponds to your MySQL server version for the right syntax to use near ') GROUP BY productid ORDER BY clickid desc LIMIT 5' at line 1
 [ SQL语句 ] : SELECT * FROM `click` WHERE ( userid= ) GROUP BY productid ORDER BY clickid desc LIMIT 5  
ERR: 1064:You have an error in your SQL syntax; check the manual that corresponds to your MySQL server version for the right syntax to use near ') GROUP BY productid ORDER BY clickid desc LIMIT 5' at line 1
 [ SQL语句 ] : SELECT * FROM `click` WHERE ( userid= ) GROUP BY productid ORDER BY clickid desc LIMIT 5  

