[ 2017-07-04T10:29:54+08:00 ] ::1 /MyJDShop/index.php/Home/CartCookie/index.html
INFO: [ app_init ] --START--
INFO: Run Behavior\BuildLiteBehavior [ RunTime:0.000000s ]
INFO: [ app_init ] --END-- [ RunTime:0.001000s ]
INFO: [ app_begin ] --START--
INFO: Run Behavior\ReadHtmlCacheBehavior [ RunTime:0.000000s ]
INFO: [ app_begin ] --END-- [ RunTime:0.000000s ]
SQL: SHOW COLUMNS FROM `goodstypes` [ RunTime:0.0010s ]
SQL: SELECT * FROM `goodstypes` WHERE ( fid=0 and isdel=1 )  [ RunTime:0.0000s ]
SQL: SHOW COLUMNS FROM `goodstypes` [ RunTime:0.0000s ]
SQL: SELECT * FROM `goodstypes` WHERE ( fid=0 )  [ RunTime:0.0000s ]
SQL: SELECT * FROM `goodstypes` WHERE ( fid=1 )  [ RunTime:0.0000s ]
SQL: SELECT * FROM `goodstypes` WHERE ( fid=2 )  [ RunTime:0.0010s ]
SQL: SELECT * FROM `goodstypes` WHERE ( fid=33 )  [ RunTime:0.0000s ]
SQL: SELECT * FROM `goodstypes` WHERE ( fid=4 )  [ RunTime:0.0000s ]
SQL: SELECT * FROM `goodstypes` WHERE ( fid=5 )  [ RunTime:0.0000s ]
SQL: SELECT * FROM `goodstypes` WHERE ( fid=10 )  [ RunTime:0.0010s ]
SQL: SELECT * FROM `goodstypes` WHERE ( fid=11 )  [ RunTime:0.0000s ]
SQL: SELECT * FROM `goodstypes` WHERE ( fid=12 )  [ RunTime:0.0000s ]
NOTIC: [8] Undefined index: typeid C:\www\MyJDShop\Application\Home\Controller\HomeController.class.php 第 15 行.
NOTIC: [8] Undefined index: typeid C:\www\MyJDShop\Application\Home\Controller\HomeController.class.php 第 17 行.
NOTIC: [8] Undefined index: typeid C:\www\MyJDShop\Application\Home\Controller\HomeController.class.php 第 18 行.
SQL: SHOW COLUMNS FROM `product` [ RunTime:0.0000s ]
SQL: SHOW COLUMNS FROM `productimage` [ RunTime:0.0000s ]
SQL: SHOW COLUMNS FROM `cart` [ RunTime:0.0010s ]
NOTIC: [2] Invalid argument supplied for foreach() C:\www\MyJDShop\Application\Home\Controller\CartCookieController.class.php 第 27 行.
NOTIC: [8] Undefined variable: cartArr C:\www\MyJDShop\Application\Home\Controller\CartCookieController.class.php 第 30 行.
NOTIC: [2] Invalid argument supplied for foreach() C:\www\MyJDShop\Application\Home\Controller\CartCookieController.class.php 第 30 行.
NOTIC: [8] Undefined variable: cartArr C:\www\MyJDShop\Application\Home\Controller\CartCookieController.class.php 第 39 行.
NOTIC: [8] Undefined variable: cartArr C:\www\MyJDShop\Application\Home\Controller\CartCookieController.class.php 第 42 行.
NOTIC: [8] Undefined variable: sum C:\www\MyJDShop\Application\Home\Controller\CartCookieController.class.php 第 43 行.
INFO: [ view_parse ] --START--
INFO: [ template_filter ] --START--
INFO: Run Behavior\ContentReplaceBehavior [ RunTime:0.000000s ]
INFO: [ template_filter ] --END-- [ RunTime:0.000000s ]
INFO: Run Behavior\ParseTemplateBehavior [ RunTime:0.008000s ]
INFO: [ view_parse ] --END-- [ RunTime:0.008000s ]
INFO: [ view_filter ] --START--
INFO: Run Behavior\WriteHtmlCacheBehavior [ RunTime:0.001000s ]
INFO: [ view_filter ] --END-- [ RunTime:0.001000s ]
INFO: [ app_end ] --START--
INFO: Run Behavior\ShowPageTraceBehavior [ RunTime:0.001000s ]
INFO: [ app_end ] --END-- [ RunTime:0.001000s ]

[ 2017-07-04T11:53:36+08:00 ] ::1 /MyJDShop/index.php/Home/CartCookie/index.html
INFO: [ app_init ] --START--
INFO: Run Behavior\BuildLiteBehavior [ RunTime:0.000000s ]
INFO: [ app_init ] --END-- [ RunTime:0.001000s ]
INFO: [ app_begin ] --START--
INFO: Run Behavior\ReadHtmlCacheBehavior [ RunTime:0.001000s ]
INFO: [ app_begin ] --END-- [ RunTime:0.001000s ]
SQL: SHOW COLUMNS FROM `goodstypes` [ RunTime:0.0230s ]
SQL: SELECT * FROM `goodstypes` WHERE ( fid=0 and isdel=1 )  [ RunTime:0.0020s ]
SQL: SHOW COLUMNS FROM `goodstypes` [ RunTime:0.0010s ]
SQL: SELECT * FROM `goodstypes` WHERE ( fid=0 )  [ RunTime:0.0000s ]
SQL: SELECT * FROM `goodstypes` WHERE ( fid=1 )  [ RunTime:0.0000s ]
SQL: SELECT * FROM `goodstypes` WHERE ( fid=2 )  [ RunTime:0.0000s ]
SQL: SELECT * FROM `goodstypes` WHERE ( fid=33 )  [ RunTime:0.0000s ]
SQL: SELECT * FROM `goodstypes` WHERE ( fid=4 )  [ RunTime:0.0000s ]
SQL: SELECT * FROM `goodstypes` WHERE ( fid=5 )  [ RunTime:0.0000s ]
SQL: SELECT * FROM `goodstypes` WHERE ( fid=10 )  [ RunTime:0.0000s ]
SQL: SELECT * FROM `goodstypes` WHERE ( fid=11 )  [ RunTime:0.0000s ]
SQL: SELECT * FROM `goodstypes` WHERE ( fid=12 )  [ RunTime:0.0000s ]
NOTIC: [8] Undefined index: typeid C:\www\MyJDShop\Application\Home\Controller\HomeController.class.php 第 15 行.
NOTIC: [8] Undefined index: typeid C:\www\MyJDShop\Application\Home\Controller\HomeController.class.php 第 17 行.
NOTIC: [8] Undefined index: typeid C:\www\MyJDShop\Application\Home\Controller\HomeController.class.php 第 18 行.
SQL: SHOW COLUMNS FROM `product` [ RunTime:0.0020s ]
SQL: SHOW COLUMNS FROM `productimage` [ RunTime:0.0020s ]
SQL: SHOW COLUMNS FROM `cart` [ RunTime:0.0020s ]
NOTIC: [2] Invalid argument supplied for foreach() C:\www\MyJDShop\Application\Home\Controller\CartCookieController.class.php 第 27 行.
NOTIC: [8] Undefined variable: cartArr C:\www\MyJDShop\Application\Home\Controller\CartCookieController.class.php 第 30 行.
NOTIC: [2] Invalid argument supplied for foreach() C:\www\MyJDShop\Application\Home\Controller\CartCookieController.class.php 第 30 行.
NOTIC: [8] Undefined variable: cartArr C:\www\MyJDShop\Application\Home\Controller\CartCookieController.class.php 第 39 行.
NOTIC: [8] Undefined variable: cartArr C:\www\MyJDShop\Application\Home\Controller\CartCookieController.class.php 第 42 行.
NOTIC: [8] Undefined variable: sum C:\www\MyJDShop\Application\Home\Controller\CartCookieController.class.php 第 43 行.
INFO: [ view_parse ] --START--
INFO: [ template_filter ] --START--
INFO: Run Behavior\ContentReplaceBehavior [ RunTime:0.000000s ]
INFO: [ template_filter ] --END-- [ RunTime:0.000000s ]
INFO: Run Behavior\ParseTemplateBehavior [ RunTime:0.013000s ]
INFO: [ view_parse ] --END-- [ RunTime:0.013000s ]
INFO: [ view_filter ] --START--
INFO: Run Behavior\WriteHtmlCacheBehavior [ RunTime:0.001000s ]
INFO: [ view_filter ] --END-- [ RunTime:0.001000s ]
INFO: [ app_end ] --START--
INFO: Run Behavior\ShowPageTraceBehavior [ RunTime:0.001000s ]
INFO: [ app_end ] --END-- [ RunTime:0.001000s ]

[ 2017-07-04T12:00:53+08:00 ] ::1 /MyJDShop/index.php/Home/CartCookie/index.html
INFO: [ app_init ] --START--
INFO: Run Behavior\BuildLiteBehavior [ RunTime:0.000000s ]
INFO: [ app_init ] --END-- [ RunTime:0.001000s ]
INFO: [ app_begin ] --START--
INFO: Run Behavior\ReadHtmlCacheBehavior [ RunTime:0.001000s ]
INFO: [ app_begin ] --END-- [ RunTime:0.001000s ]
SQL: SHOW COLUMNS FROM `goodstypes` [ RunTime:0.0020s ]
SQL: SELECT * FROM `goodstypes` WHERE ( fid=0 and isdel=1 )  [ RunTime:0.0000s ]
SQL: SHOW COLUMNS FROM `goodstypes` [ RunTime:0.0010s ]
SQL: SELECT * FROM `goodstypes` WHERE ( fid=0 )  [ RunTime:0.0000s ]
SQL: SELECT * FROM `goodstypes` WHERE ( fid=1 )  [ RunTime:0.0010s ]
SQL: SELECT * FROM `goodstypes` WHERE ( fid=2 )  [ RunTime:0.0000s ]
SQL: SELECT * FROM `goodstypes` WHERE ( fid=33 )  [ RunTime:0.0000s ]
SQL: SELECT * FROM `goodstypes` WHERE ( fid=4 )  [ RunTime:0.0010s ]
SQL: SELECT * FROM `goodstypes` WHERE ( fid=5 )  [ RunTime:0.0000s ]
SQL: SELECT * FROM `goodstypes` WHERE ( fid=10 )  [ RunTime:0.0000s ]
SQL: SELECT * FROM `goodstypes` WHERE ( fid=11 )  [ RunTime:0.0000s ]
SQL: SELECT * FROM `goodstypes` WHERE ( fid=12 )  [ RunTime:0.0010s ]
NOTIC: [8] Undefined index: typeid C:\www\MyJDShop\Application\Home\Controller\HomeController.class.php 第 15 行.
NOTIC: [8] Undefined index: typeid C:\www\MyJDShop\Application\Home\Controller\HomeController.class.php 第 17 行.
NOTIC: [8] Undefined index: typeid C:\www\MyJDShop\Application\Home\Controller\HomeController.class.php 第 18 行.
SQL: SHOW COLUMNS FROM `product` [ RunTime:0.0010s ]
SQL: SHOW COLUMNS FROM `productimage` [ RunTime:0.0010s ]
SQL: SHOW COLUMNS FROM `cart` [ RunTime:0.0010s ]
NOTIC: [2] Invalid argument supplied for foreach() C:\www\MyJDShop\Application\Home\Controller\CartCookieController.class.php 第 27 行.
NOTIC: [8] Undefined variable: cartArr C:\www\MyJDShop\Application\Home\Controller\CartCookieController.class.php 第 30 行.
NOTIC: [2] Invalid argument supplied for foreach() C:\www\MyJDShop\Application\Home\Controller\CartCookieController.class.php 第 30 行.
NOTIC: [8] Undefined variable: cartArr C:\www\MyJDShop\Application\Home\Controller\CartCookieController.class.php 第 39 行.
NOTIC: [8] Undefined variable: cartArr C:\www\MyJDShop\Application\Home\Controller\CartCookieController.class.php 第 42 行.
NOTIC: [8] Undefined variable: sum C:\www\MyJDShop\Application\Home\Controller\CartCookieController.class.php 第 43 行.
INFO: [ view_parse ] --START--
INFO: [ template_filter ] --START--
INFO: Run Behavior\ContentReplaceBehavior [ RunTime:0.000000s ]
INFO: [ template_filter ] --END-- [ RunTime:0.000000s ]
INFO: Run Behavior\ParseTemplateBehavior [ RunTime:0.006000s ]
INFO: [ view_parse ] --END-- [ RunTime:0.006000s ]
INFO: [ view_filter ] --START--
INFO: Run Behavior\WriteHtmlCacheBehavior [ RunTime:0.001000s ]
INFO: [ view_filter ] --END-- [ RunTime:0.001000s ]
INFO: [ app_end ] --START--
INFO: Run Behavior\ShowPageTraceBehavior [ RunTime:0.001000s ]
INFO: [ app_end ] --END-- [ RunTime:0.001000s ]

