[ 2017-07-23T10:16:53+08:00 ] 127.0.0.1 /MyJDShop/
INFO: [ app_init ] --START--
INFO: Run Behavior\BuildLiteBehavior [ RunTime:0.000024s ]
INFO: [ app_init ] --END-- [ RunTime:0.001373s ]
INFO: [ app_begin ] --START--
INFO: Run Behavior\ReadHtmlCacheBehavior [ RunTime:0.001456s ]
INFO: [ app_begin ] --END-- [ RunTime:0.001549s ]
SQL: SHOW COLUMNS FROM `goodstypes` [ RunTime:0.0052s ]
SQL: SELECT * FROM `goodstypes` WHERE ( fid=0 and isdel=1 )  [ RunTime:0.0003s ]
SQL: SHOW COLUMNS FROM `goodstypes` [ RunTime:0.0033s ]
SQL: SELECT * FROM `goodstypes` WHERE ( fid=0 )  [ RunTime:0.0003s ]
SQL: SELECT * FROM `goodstypes` WHERE ( fid=1 )  [ RunTime:0.0002s ]
SQL: SELECT * FROM `goodstypes` WHERE ( fid=2 )  [ RunTime:0.0002s ]
SQL: SELECT * FROM `goodstypes` WHERE ( fid=33 )  [ RunTime:0.0002s ]
SQL: SELECT * FROM `goodstypes` WHERE ( fid=4 )  [ RunTime:0.0002s ]
SQL: SELECT * FROM `goodstypes` WHERE ( fid=5 )  [ RunTime:0.0002s ]
SQL: SELECT * FROM `goodstypes` WHERE ( fid=10 )  [ RunTime:0.0002s ]
SQL: SELECT * FROM `goodstypes` WHERE ( fid=11 )  [ RunTime:0.0002s ]
SQL: SELECT * FROM `goodstypes` WHERE ( fid=12 )  [ RunTime:0.0002s ]
NOTIC: [8] Undefined index: typeid E:\PHP\www\MyJDShop\Application\Home\Controller\HomeController.class.php 第 16 行.
NOTIC: [8] Undefined index: typeid E:\PHP\www\MyJDShop\Application\Home\Controller\HomeController.class.php 第 18 行.
NOTIC: [8] Undefined index: typeid E:\PHP\www\MyJDShop\Application\Home\Controller\HomeController.class.php 第 19 行.
SQL: SHOW COLUMNS FROM `click` [ RunTime:0.0046s ]
SQL: SHOW COLUMNS FROM `productimage` [ RunTime:0.0045s ]
SQL: SHOW COLUMNS FROM `product` [ RunTime:0.0044s ]
SQL: SELECT * FROM `click` WHERE ( userid=1 ) GROUP BY productid ORDER BY clickid desc LIMIT 5   [ RunTime:0.0004s ]
SQL: SELECT * FROM `productimage` WHERE ( productid=2 ) LIMIT 1   [ RunTime:0.0002s ]
SQL: SELECT `productname` FROM `product` WHERE ( productid=2 ) LIMIT 1   [ RunTime:0.0002s ]
SQL: SELECT * FROM `productimage` WHERE ( productid=9 ) LIMIT 1   [ RunTime:0.0002s ]
SQL: SELECT `productname` FROM `product` WHERE ( productid=9 ) LIMIT 1   [ RunTime:0.0002s ]
SQL: SELECT * FROM `productimage` WHERE ( productid=3 ) LIMIT 1   [ RunTime:0.0002s ]
SQL: SELECT `productname` FROM `product` WHERE ( productid=3 ) LIMIT 1   [ RunTime:0.0002s ]
SQL: SELECT * FROM `productimage` WHERE ( productid=6 ) LIMIT 1   [ RunTime:0.0002s ]
SQL: SELECT `productname` FROM `product` WHERE ( productid=6 ) LIMIT 1   [ RunTime:0.0002s ]
SQL: SELECT * FROM `productimage` WHERE ( productid=5 ) LIMIT 1   [ RunTime:0.0002s ]
SQL: SELECT `productname` FROM `product` WHERE ( productid=5 ) LIMIT 1   [ RunTime:0.0002s ]
SQL: SELECT * FROM `product` WHERE ( state=2 )  [ RunTime:0.0003s ]
SQL: SELECT * FROM `productimage` WHERE ( productid=7 ) LIMIT 1   [ RunTime:0.0002s ]
SQL: SELECT * FROM `productimage` WHERE ( productid=9 ) LIMIT 1   [ RunTime:0.0002s ]
SQL: SHOW COLUMNS FROM `product` [ RunTime:0.0037s ]
SQL: SELECT `productid`,`productname` FROM `product` ORDER BY clicknum desc LIMIT 0,3   [ RunTime:0.0003s ]
SQL: SHOW COLUMNS FROM `cart` [ RunTime:0.0043s ]
SQL: SELECT COUNT(*) AS tp_count FROM `cart` WHERE ( userid=1 ) LIMIT 1   [ RunTime:0.0002s ]
INFO: [ view_parse ] --START--
INFO: [ template_filter ] --START--
INFO: Run Behavior\ContentReplaceBehavior [ RunTime:0.017729s ]
INFO: [ template_filter ] --END-- [ RunTime:0.017802s ]
NOTIC: [8] Undefined index: procutname E:\PHP\www\MyJDShop\Application\Runtime\Cache\Home\2a94b8bda04ff446dcedd42276fc99ee.php 第 112 行.
NOTIC: [8] Undefined index: procutname E:\PHP\www\MyJDShop\Application\Runtime\Cache\Home\2a94b8bda04ff446dcedd42276fc99ee.php 第 112 行.
NOTIC: [8] Undefined index: procutname E:\PHP\www\MyJDShop\Application\Runtime\Cache\Home\2a94b8bda04ff446dcedd42276fc99ee.php 第 112 行.
NOTIC: [8] Undefined index: procutname E:\PHP\www\MyJDShop\Application\Runtime\Cache\Home\2a94b8bda04ff446dcedd42276fc99ee.php 第 112 行.
NOTIC: [8] Undefined index: procutname E:\PHP\www\MyJDShop\Application\Runtime\Cache\Home\2a94b8bda04ff446dcedd42276fc99ee.php 第 112 行.
INFO: Run Behavior\ParseTemplateBehavior [ RunTime:0.133539s ]
INFO: [ view_parse ] --END-- [ RunTime:0.133584s ]
INFO: [ view_filter ] --START--
INFO: Run Behavior\WriteHtmlCacheBehavior [ RunTime:0.000617s ]
INFO: [ view_filter ] --END-- [ RunTime:0.000666s ]
INFO: [ app_end ] --START--
INFO: Run Behavior\ShowPageTraceBehavior [ RunTime:0.013049s ]
INFO: [ app_end ] --END-- [ RunTime:0.013107s ]

[ 2017-07-23T10:17:21+08:00 ] 127.0.0.1 /MyJDShop/
INFO: [ app_init ] --START--
INFO: Run Behavior\BuildLiteBehavior [ RunTime:0.000017s ]
INFO: [ app_init ] --END-- [ RunTime:0.000683s ]
INFO: [ app_begin ] --START--
INFO: Run Behavior\ReadHtmlCacheBehavior [ RunTime:0.001102s ]
INFO: [ app_begin ] --END-- [ RunTime:0.001179s ]
SQL: SHOW COLUMNS FROM `goodstypes` [ RunTime:0.0027s ]
SQL: SELECT * FROM `goodstypes` WHERE ( fid=0 and isdel=1 )  [ RunTime:0.0003s ]
SQL: SHOW COLUMNS FROM `goodstypes` [ RunTime:0.0024s ]
SQL: SELECT * FROM `goodstypes` WHERE ( fid=0 )  [ RunTime:0.0002s ]
SQL: SELECT * FROM `goodstypes` WHERE ( fid=1 )  [ RunTime:0.0002s ]
SQL: SELECT * FROM `goodstypes` WHERE ( fid=2 )  [ RunTime:0.0002s ]
SQL: SELECT * FROM `goodstypes` WHERE ( fid=33 )  [ RunTime:0.0002s ]
SQL: SELECT * FROM `goodstypes` WHERE ( fid=4 )  [ RunTime:0.0002s ]
SQL: SELECT * FROM `goodstypes` WHERE ( fid=5 )  [ RunTime:0.0002s ]
SQL: SELECT * FROM `goodstypes` WHERE ( fid=10 )  [ RunTime:0.0002s ]
SQL: SELECT * FROM `goodstypes` WHERE ( fid=11 )  [ RunTime:0.0002s ]
SQL: SELECT * FROM `goodstypes` WHERE ( fid=12 )  [ RunTime:0.0002s ]
NOTIC: [8] Undefined index: typeid E:\PHP\www\MyJDShop\Application\Home\Controller\HomeController.class.php 第 16 行.
NOTIC: [8] Undefined index: typeid E:\PHP\www\MyJDShop\Application\Home\Controller\HomeController.class.php 第 18 行.
NOTIC: [8] Undefined index: typeid E:\PHP\www\MyJDShop\Application\Home\Controller\HomeController.class.php 第 19 行.
SQL: SHOW COLUMNS FROM `click` [ RunTime:0.0026s ]
SQL: SHOW COLUMNS FROM `productimage` [ RunTime:0.0024s ]
SQL: SHOW COLUMNS FROM `product` [ RunTime:0.0027s ]
SQL: SELECT * FROM `click` WHERE ( userid=1 ) GROUP BY productid ORDER BY clickid desc LIMIT 5   [ RunTime:0.0004s ]
SQL: SELECT * FROM `productimage` WHERE ( productid=2 ) LIMIT 1   [ RunTime:0.0002s ]
SQL: SELECT `productname` FROM `product` WHERE ( productid=2 ) LIMIT 1   [ RunTime:0.0002s ]
SQL: SELECT * FROM `productimage` WHERE ( productid=9 ) LIMIT 1   [ RunTime:0.0002s ]
SQL: SELECT `productname` FROM `product` WHERE ( productid=9 ) LIMIT 1   [ RunTime:0.0002s ]
SQL: SELECT * FROM `productimage` WHERE ( productid=3 ) LIMIT 1   [ RunTime:0.0002s ]
SQL: SELECT `productname` FROM `product` WHERE ( productid=3 ) LIMIT 1   [ RunTime:0.0002s ]
SQL: SELECT * FROM `productimage` WHERE ( productid=6 ) LIMIT 1   [ RunTime:0.0002s ]
SQL: SELECT `productname` FROM `product` WHERE ( productid=6 ) LIMIT 1   [ RunTime:0.0002s ]
SQL: SELECT * FROM `productimage` WHERE ( productid=5 ) LIMIT 1   [ RunTime:0.0002s ]
SQL: SELECT `productname` FROM `product` WHERE ( productid=5 ) LIMIT 1   [ RunTime:0.0001s ]
SQL: SELECT * FROM `product` WHERE ( state=2 )  [ RunTime:0.0003s ]
SQL: SELECT * FROM `productimage` WHERE ( productid=7 ) LIMIT 1   [ RunTime:0.0002s ]
SQL: SELECT * FROM `productimage` WHERE ( productid=9 ) LIMIT 1   [ RunTime:0.0001s ]
SQL: SHOW COLUMNS FROM `product` [ RunTime:0.0028s ]
SQL: SELECT `productid`,`productname` FROM `product` ORDER BY clicknum desc LIMIT 0,3   [ RunTime:0.0001s ]
SQL: SHOW COLUMNS FROM `cart` [ RunTime:0.0024s ]
SQL: SELECT COUNT(*) AS tp_count FROM `cart` WHERE ( userid=1 ) LIMIT 1   [ RunTime:0.0001s ]
INFO: [ view_parse ] --START--
INFO: [ template_filter ] --START--
INFO: Run Behavior\ContentReplaceBehavior [ RunTime:0.000155s ]
INFO: [ template_filter ] --END-- [ RunTime:0.000192s ]
NOTIC: [8] Undefined index: procutname E:\PHP\www\MyJDShop\Application\Runtime\Cache\Home\2a94b8bda04ff446dcedd42276fc99ee.php 第 112 行.
NOTIC: [8] Undefined index: procutname E:\PHP\www\MyJDShop\Application\Runtime\Cache\Home\2a94b8bda04ff446dcedd42276fc99ee.php 第 112 行.
NOTIC: [8] Undefined index: procutname E:\PHP\www\MyJDShop\Application\Runtime\Cache\Home\2a94b8bda04ff446dcedd42276fc99ee.php 第 112 行.
NOTIC: [8] Undefined index: procutname E:\PHP\www\MyJDShop\Application\Runtime\Cache\Home\2a94b8bda04ff446dcedd42276fc99ee.php 第 112 行.
NOTIC: [8] Undefined index: procutname E:\PHP\www\MyJDShop\Application\Runtime\Cache\Home\2a94b8bda04ff446dcedd42276fc99ee.php 第 112 行.
INFO: Run Behavior\ParseTemplateBehavior [ RunTime:0.016795s ]
INFO: [ view_parse ] --END-- [ RunTime:0.016854s ]
INFO: [ view_filter ] --START--
INFO: Run Behavior\WriteHtmlCacheBehavior [ RunTime:0.000451s ]
INFO: [ view_filter ] --END-- [ RunTime:0.000499s ]
INFO: [ app_end ] --START--
INFO: Run Behavior\ShowPageTraceBehavior [ RunTime:0.000583s ]
INFO: [ app_end ] --END-- [ RunTime:0.000627s ]

[ 2017-07-23T10:20:11+08:00 ] 127.0.0.1 /MyJDShop/index.php/Home/Product/productList/typeid/1
INFO: [ app_init ] --START--
INFO: Run Behavior\BuildLiteBehavior [ RunTime:0.000019s ]
INFO: [ app_init ] --END-- [ RunTime:0.000675s ]
INFO: [ app_begin ] --START--
INFO: Run Behavior\ReadHtmlCacheBehavior [ RunTime:0.001003s ]
INFO: [ app_begin ] --END-- [ RunTime:0.001075s ]
SQL: SHOW COLUMNS FROM `goodstypes` [ RunTime:0.0041s ]
SQL: SELECT * FROM `goodstypes` WHERE ( fid=0 and isdel=1 )  [ RunTime:0.0003s ]
SQL: SHOW COLUMNS FROM `goodstypes` [ RunTime:0.0038s ]
SQL: SELECT * FROM `goodstypes` WHERE ( fid=0 )  [ RunTime:0.0003s ]
SQL: SELECT * FROM `goodstypes` WHERE ( fid=1 )  [ RunTime:0.0002s ]
SQL: SELECT * FROM `goodstypes` WHERE ( fid=2 )  [ RunTime:0.0002s ]
SQL: SELECT * FROM `goodstypes` WHERE ( fid=33 )  [ RunTime:0.0002s ]
SQL: SELECT * FROM `goodstypes` WHERE ( fid=4 )  [ RunTime:0.0002s ]
SQL: SELECT * FROM `goodstypes` WHERE ( fid=5 )  [ RunTime:0.0002s ]
SQL: SELECT * FROM `goodstypes` WHERE ( fid=10 )  [ RunTime:0.0003s ]
SQL: SELECT * FROM `goodstypes` WHERE ( fid=11 )  [ RunTime:0.0002s ]
SQL: SELECT * FROM `goodstypes` WHERE ( fid=12 )  [ RunTime:0.0002s ]
SQL: SHOW COLUMNS FROM `click` [ RunTime:0.0037s ]
SQL: SHOW COLUMNS FROM `productimage` [ RunTime:0.0037s ]
SQL: SHOW COLUMNS FROM `product` [ RunTime:0.0040s ]
SQL: SELECT * FROM `click` WHERE ( userid=1 ) GROUP BY productid ORDER BY clickid desc LIMIT 5   [ RunTime:0.0005s ]
SQL: SELECT * FROM `productimage` WHERE ( productid=2 ) LIMIT 1   [ RunTime:0.0002s ]
SQL: SELECT `productname` FROM `product` WHERE ( productid=2 ) LIMIT 1   [ RunTime:0.0002s ]
SQL: SELECT * FROM `productimage` WHERE ( productid=9 ) LIMIT 1   [ RunTime:0.0002s ]
SQL: SELECT `productname` FROM `product` WHERE ( productid=9 ) LIMIT 1   [ RunTime:0.0002s ]
SQL: SELECT * FROM `productimage` WHERE ( productid=3 ) LIMIT 1   [ RunTime:0.0002s ]
SQL: SELECT `productname` FROM `product` WHERE ( productid=3 ) LIMIT 1   [ RunTime:0.0002s ]
SQL: SELECT * FROM `productimage` WHERE ( productid=6 ) LIMIT 1   [ RunTime:0.0002s ]
SQL: SELECT `productname` FROM `product` WHERE ( productid=6 ) LIMIT 1   [ RunTime:0.0002s ]
SQL: SELECT * FROM `productimage` WHERE ( productid=5 ) LIMIT 1   [ RunTime:0.0002s ]
SQL: SELECT `productname` FROM `product` WHERE ( productid=5 ) LIMIT 1   [ RunTime:0.0002s ]
SQL: SELECT * FROM `product` WHERE ( state=2 )  [ RunTime:0.0003s ]
SQL: SELECT * FROM `productimage` WHERE ( productid=7 ) LIMIT 1   [ RunTime:0.0002s ]
SQL: SELECT * FROM `productimage` WHERE ( productid=9 ) LIMIT 1   [ RunTime:0.0002s ]
SQL: SHOW COLUMNS FROM `product` [ RunTime:0.0041s ]
SQL: SELECT `productid`,`productname` FROM `product` ORDER BY clicknum desc LIMIT 0,3   [ RunTime:0.0003s ]
SQL: SHOW COLUMNS FROM `cart` [ RunTime:0.0038s ]
SQL: SELECT COUNT(*) AS tp_count FROM `cart` WHERE ( userid=1 ) LIMIT 1   [ RunTime:0.0003s ]
SQL: SHOW COLUMNS FROM `productimage` [ RunTime:0.0027s ]
SQL: SHOW COLUMNS FROM `brand` [ RunTime:0.0048s ]
SQL: SELECT COUNT(*) AS tp_count FROM `product` WHERE ( typestr like '&gt;1&gt;%' ) LIMIT 1   [ RunTime:0.0002s ]
NOTIC: [8] Undefined index: field E:\PHP\www\MyJDShop\Application\Home\Controller\ProductController.class.php 第 25 行.
NOTIC: [8] Undefined index: order E:\PHP\www\MyJDShop\Application\Home\Controller\ProductController.class.php 第 26 行.
NOTIC: [8] Undefined index: brandid E:\PHP\www\MyJDShop\Application\Home\Controller\ProductController.class.php 第 30 行.
SQL: SELECT * FROM `product` WHERE (  typestr like '&gt;1&gt;%' ) ORDER BY salesnum desc LIMIT 0,4   [ RunTime:0.0002s ]
SQL: SELECT * FROM `productimage` WHERE ( productid=3 ) LIMIT 1   [ RunTime:0.0001s ]
SQL: SELECT * FROM `productimage` WHERE ( productid=2 ) LIMIT 1   [ RunTime:0.0001s ]
SQL: SELECT * FROM `productimage` WHERE ( productid=1 ) LIMIT 1   [ RunTime:0.0001s ]
SQL: SELECT * FROM `productimage` WHERE ( productid=4 ) LIMIT 1   [ RunTime:0.0001s ]
SQL: SELECT * FROM `product` WHERE ( state=1 and isdel=1 ) LIMIT 0,3   [ RunTime:0.0002s ]
SQL: SELECT * FROM `productimage` WHERE ( productid=4 ) LIMIT 1   [ RunTime:0.0001s ]
SQL: SELECT * FROM `productimage` WHERE ( productid=5 ) LIMIT 1   [ RunTime:0.0001s ]
SQL: SELECT * FROM `productimage` WHERE ( productid=6 ) LIMIT 1   [ RunTime:0.0001s ]
SQL: SELECT * FROM `brand` WHERE ( typeid=1 and isdel=1 )  [ RunTime:0.0001s ]
SQL: SELECT * FROM `goodstypes` WHERE ( typeid=1 ) LIMIT 1   [ RunTime:0.0001s ]
SQL: SELECT * FROM `goodstypes` WHERE ( typeid=1 ) LIMIT 1   [ RunTime:0.0001s ]
SQL: SELECT * FROM `goodstypes` WHERE ( fid=1 )  [ RunTime:0.0001s ]
SQL: SELECT * FROM `goodstypes` WHERE ( fid=2 )  [ RunTime:0.0001s ]
SQL: SELECT * FROM `goodstypes` WHERE ( fid=33 )  [ RunTime:0.0001s ]
INFO: [ view_parse ] --START--
INFO: [ template_filter ] --START--
INFO: Run Behavior\ContentReplaceBehavior [ RunTime:0.000134s ]
INFO: [ template_filter ] --END-- [ RunTime:0.000175s ]
NOTIC: [8] Undefined index: search E:\PHP\www\MyJDShop\Application\Runtime\Cache\Home\2fbf49565d73bdef7f91c573a16486f3.php 第 56 行.
NOTIC: [8] Undefined index: procutname E:\PHP\www\MyJDShop\Application\Runtime\Cache\Home\2fbf49565d73bdef7f91c573a16486f3.php 第 103 行.
NOTIC: [8] Undefined index: procutname E:\PHP\www\MyJDShop\Application\Runtime\Cache\Home\2fbf49565d73bdef7f91c573a16486f3.php 第 103 行.
NOTIC: [8] Undefined index: procutname E:\PHP\www\MyJDShop\Application\Runtime\Cache\Home\2fbf49565d73bdef7f91c573a16486f3.php 第 103 行.
NOTIC: [8] Undefined index: procutname E:\PHP\www\MyJDShop\Application\Runtime\Cache\Home\2fbf49565d73bdef7f91c573a16486f3.php 第 103 行.
NOTIC: [8] Undefined index: procutname E:\PHP\www\MyJDShop\Application\Runtime\Cache\Home\2fbf49565d73bdef7f91c573a16486f3.php 第 103 行.
NOTIC: [8] Undefined index: brandid E:\PHP\www\MyJDShop\Application\Runtime\Cache\Home\2fbf49565d73bdef7f91c573a16486f3.php 第 264 行.
NOTIC: [8] Use of undefined constant brandid - assumed 'brandid' E:\PHP\www\MyJDShop\Application\Runtime\Cache\Home\2fbf49565d73bdef7f91c573a16486f3.php 第 264 行.
NOTIC: [8] Undefined index: brandid E:\PHP\www\MyJDShop\Application\Runtime\Cache\Home\2fbf49565d73bdef7f91c573a16486f3.php 第 264 行.
NOTIC: [8] Use of undefined constant brandid - assumed 'brandid' E:\PHP\www\MyJDShop\Application\Runtime\Cache\Home\2fbf49565d73bdef7f91c573a16486f3.php 第 264 行.
NOTIC: [8] Undefined index: brandid E:\PHP\www\MyJDShop\Application\Runtime\Cache\Home\2fbf49565d73bdef7f91c573a16486f3.php 第 264 行.
NOTIC: [8] Use of undefined constant brandid - assumed 'brandid' E:\PHP\www\MyJDShop\Application\Runtime\Cache\Home\2fbf49565d73bdef7f91c573a16486f3.php 第 264 行.
NOTIC: [8] Undefined index: brandid E:\PHP\www\MyJDShop\Application\Runtime\Cache\Home\2fbf49565d73bdef7f91c573a16486f3.php 第 264 行.
NOTIC: [8] Use of undefined constant brandid - assumed 'brandid' E:\PHP\www\MyJDShop\Application\Runtime\Cache\Home\2fbf49565d73bdef7f91c573a16486f3.php 第 264 行.
NOTIC: [8] Undefined index: brandid E:\PHP\www\MyJDShop\Application\Runtime\Cache\Home\2fbf49565d73bdef7f91c573a16486f3.php 第 264 行.
NOTIC: [8] Use of undefined constant brandid - assumed 'brandid' E:\PHP\www\MyJDShop\Application\Runtime\Cache\Home\2fbf49565d73bdef7f91c573a16486f3.php 第 264 行.
NOTIC: [8] Undefined index: brandid E:\PHP\www\MyJDShop\Application\Runtime\Cache\Home\2fbf49565d73bdef7f91c573a16486f3.php 第 264 行.
NOTIC: [8] Use of undefined constant brandid - assumed 'brandid' E:\PHP\www\MyJDShop\Application\Runtime\Cache\Home\2fbf49565d73bdef7f91c573a16486f3.php 第 264 行.
NOTIC: [8] Undefined index: brandid E:\PHP\www\MyJDShop\Application\Runtime\Cache\Home\2fbf49565d73bdef7f91c573a16486f3.php 第 264 行.
NOTIC: [8] Use of undefined constant brandid - assumed 'brandid' E:\PHP\www\MyJDShop\Application\Runtime\Cache\Home\2fbf49565d73bdef7f91c573a16486f3.php 第 264 行.
NOTIC: [8] Undefined index: brandid E:\PHP\www\MyJDShop\Application\Runtime\Cache\Home\2fbf49565d73bdef7f91c573a16486f3.php 第 264 行.
NOTIC: [8] Use of undefined constant brandid - assumed 'brandid' E:\PHP\www\MyJDShop\Application\Runtime\Cache\Home\2fbf49565d73bdef7f91c573a16486f3.php 第 264 行.
NOTIC: [8] Undefined index: brandid E:\PHP\www\MyJDShop\Application\Runtime\Cache\Home\2fbf49565d73bdef7f91c573a16486f3.php 第 264 行.
NOTIC: [8] Use of undefined constant brandid - assumed 'brandid' E:\PHP\www\MyJDShop\Application\Runtime\Cache\Home\2fbf49565d73bdef7f91c573a16486f3.php 第 264 行.
NOTIC: [8] Undefined index: brandid E:\PHP\www\MyJDShop\Application\Runtime\Cache\Home\2fbf49565d73bdef7f91c573a16486f3.php 第 264 行.
NOTIC: [8] Use of undefined constant brandid - assumed 'brandid' E:\PHP\www\MyJDShop\Application\Runtime\Cache\Home\2fbf49565d73bdef7f91c573a16486f3.php 第 264 行.
NOTIC: [8] Undefined index: order E:\PHP\www\MyJDShop\Application\Runtime\Cache\Home\2fbf49565d73bdef7f91c573a16486f3.php 第 315 行.
NOTIC: [8] Use of undefined constant asc - assumed 'asc' E:\PHP\www\MyJDShop\Application\Runtime\Cache\Home\2fbf49565d73bdef7f91c573a16486f3.php 第 315 行.
NOTIC: [8] Undefined index: field E:\PHP\www\MyJDShop\Application\Runtime\Cache\Home\2fbf49565d73bdef7f91c573a16486f3.php 第 317 行.
NOTIC: [8] Use of undefined constant salesnum - assumed 'salesnum' E:\PHP\www\MyJDShop\Application\Runtime\Cache\Home\2fbf49565d73bdef7f91c573a16486f3.php 第 317 行.
NOTIC: [8] Undefined index: order E:\PHP\www\MyJDShop\Application\Runtime\Cache\Home\2fbf49565d73bdef7f91c573a16486f3.php 第 319 行.
NOTIC: [8] Use of undefined constant asc - assumed 'asc' E:\PHP\www\MyJDShop\Application\Runtime\Cache\Home\2fbf49565d73bdef7f91c573a16486f3.php 第 319 行.
NOTIC: [8] Undefined index: field E:\PHP\www\MyJDShop\Application\Runtime\Cache\Home\2fbf49565d73bdef7f91c573a16486f3.php 第 320 行.
NOTIC: [8] Use of undefined constant price - assumed 'price' E:\PHP\www\MyJDShop\Application\Runtime\Cache\Home\2fbf49565d73bdef7f91c573a16486f3.php 第 320 行.
NOTIC: [8] Undefined index: order E:\PHP\www\MyJDShop\Application\Runtime\Cache\Home\2fbf49565d73bdef7f91c573a16486f3.php 第 322 行.
NOTIC: [8] Use of undefined constant asc - assumed 'asc' E:\PHP\www\MyJDShop\Application\Runtime\Cache\Home\2fbf49565d73bdef7f91c573a16486f3.php 第 322 行.
NOTIC: [8] Undefined index: field E:\PHP\www\MyJDShop\Application\Runtime\Cache\Home\2fbf49565d73bdef7f91c573a16486f3.php 第 323 行.
NOTIC: [8] Use of undefined constant reviewnum - assumed 'reviewnum' E:\PHP\www\MyJDShop\Application\Runtime\Cache\Home\2fbf49565d73bdef7f91c573a16486f3.php 第 323 行.
NOTIC: [8] Undefined index: order E:\PHP\www\MyJDShop\Application\Runtime\Cache\Home\2fbf49565d73bdef7f91c573a16486f3.php 第 325 行.
NOTIC: [8] Use of undefined constant asc - assumed 'asc' E:\PHP\www\MyJDShop\Application\Runtime\Cache\Home\2fbf49565d73bdef7f91c573a16486f3.php 第 325 行.
NOTIC: [8] Undefined index: field E:\PHP\www\MyJDShop\Application\Runtime\Cache\Home\2fbf49565d73bdef7f91c573a16486f3.php 第 326 行.
NOTIC: [8] Use of undefined constant productid - assumed 'productid' E:\PHP\www\MyJDShop\Application\Runtime\Cache\Home\2fbf49565d73bdef7f91c573a16486f3.php 第 326 行.
INFO: Run Behavior\ParseTemplateBehavior [ RunTime:0.191188s ]
INFO: [ view_parse ] --END-- [ RunTime:0.191250s ]
INFO: [ view_filter ] --START--
INFO: Run Behavior\WriteHtmlCacheBehavior [ RunTime:0.000383s ]
INFO: [ view_filter ] --END-- [ RunTime:0.000416s ]
INFO: [ app_end ] --START--
INFO: Run Behavior\ShowPageTraceBehavior [ RunTime:0.000616s ]
INFO: [ app_end ] --END-- [ RunTime:0.000655s ]

[ 2017-07-23T10:20:11+08:00 ] 127.0.0.1 /MyJDShop/index.php/Home/Product/productList/typeid/style/base.css
INFO: [ app_init ] --START--
INFO: Run Behavior\BuildLiteBehavior [ RunTime:0.000012s ]
INFO: [ app_init ] --END-- [ RunTime:0.000462s ]
INFO: [ app_begin ] --START--
INFO: Run Behavior\ReadHtmlCacheBehavior [ RunTime:0.000515s ]
INFO: [ app_begin ] --END-- [ RunTime:0.000554s ]
SQL: SHOW COLUMNS FROM `goodstypes` [ RunTime:0.0027s ]
SQL: SELECT * FROM `goodstypes` WHERE ( fid=0 and isdel=1 )  [ RunTime:0.0002s ]
SQL: SHOW COLUMNS FROM `goodstypes` [ RunTime:0.0025s ]
SQL: SELECT * FROM `goodstypes` WHERE ( fid=0 )  [ RunTime:0.0002s ]
SQL: SELECT * FROM `goodstypes` WHERE ( fid=1 )  [ RunTime:0.0002s ]
SQL: SELECT * FROM `goodstypes` WHERE ( fid=2 )  [ RunTime:0.0002s ]
SQL: SELECT * FROM `goodstypes` WHERE ( fid=33 )  [ RunTime:0.0002s ]
SQL: SELECT * FROM `goodstypes` WHERE ( fid=4 )  [ RunTime:0.0001s ]
SQL: SELECT * FROM `goodstypes` WHERE ( fid=5 )  [ RunTime:0.0002s ]
SQL: SELECT * FROM `goodstypes` WHERE ( fid=10 )  [ RunTime:0.0002s ]
SQL: SELECT * FROM `goodstypes` WHERE ( fid=11 )  [ RunTime:0.0001s ]
SQL: SELECT * FROM `goodstypes` WHERE ( fid=12 )  [ RunTime:0.0002s ]
SQL: SHOW COLUMNS FROM `click` [ RunTime:0.0025s ]
SQL: SHOW COLUMNS FROM `productimage` [ RunTime:0.0024s ]
SQL: SHOW COLUMNS FROM `product` [ RunTime:0.0029s ]
SQL: SELECT * FROM `click` WHERE ( userid=1 ) GROUP BY productid ORDER BY clickid desc LIMIT 5   [ RunTime:0.0007s ]
SQL: SELECT * FROM `productimage` WHERE ( productid=2 ) LIMIT 1   [ RunTime:0.0001s ]
SQL: SELECT `productname` FROM `product` WHERE ( productid=2 ) LIMIT 1   [ RunTime:0.0001s ]
SQL: SELECT * FROM `productimage` WHERE ( productid=9 ) LIMIT 1   [ RunTime:0.0001s ]
SQL: SELECT `productname` FROM `product` WHERE ( productid=9 ) LIMIT 1   [ RunTime:0.0001s ]
SQL: SELECT * FROM `productimage` WHERE ( productid=3 ) LIMIT 1   [ RunTime:0.0001s ]
SQL: SELECT `productname` FROM `product` WHERE ( productid=3 ) LIMIT 1   [ RunTime:0.0001s ]
SQL: SELECT * FROM `productimage` WHERE ( productid=6 ) LIMIT 1   [ RunTime:0.0001s ]
SQL: SELECT `productname` FROM `product` WHERE ( productid=6 ) LIMIT 1   [ RunTime:0.0001s ]
SQL: SELECT * FROM `productimage` WHERE ( productid=5 ) LIMIT 1   [ RunTime:0.0001s ]
SQL: SELECT `productname` FROM `product` WHERE ( productid=5 ) LIMIT 1   [ RunTime:0.0001s ]
SQL: SELECT * FROM `product` WHERE ( state=2 )  [ RunTime:0.0002s ]
SQL: SELECT * FROM `productimage` WHERE ( productid=7 ) LIMIT 1   [ RunTime:0.0001s ]
SQL: SELECT * FROM `productimage` WHERE ( productid=9 ) LIMIT 1   [ RunTime:0.0001s ]
SQL: SHOW COLUMNS FROM `product` [ RunTime:0.0028s ]
SQL: SELECT `productid`,`productname` FROM `product` ORDER BY clicknum desc LIMIT 0,3   [ RunTime:0.0002s ]
SQL: SHOW COLUMNS FROM `cart` [ RunTime:0.0025s ]
SQL: SELECT COUNT(*) AS tp_count FROM `cart` WHERE ( userid=1 ) LIMIT 1   [ RunTime:0.0001s ]
SQL: SHOW COLUMNS FROM `productimage` [ RunTime:0.0023s ]
SQL: SHOW COLUMNS FROM `brand` [ RunTime:0.0025s ]
SQL: SELECT COUNT(*) AS tp_count FROM `product` WHERE ( typestr like '&gt;style&gt;%' ) LIMIT 1   [ RunTime:0.0002s ]
NOTIC: [8] Undefined index: field E:\PHP\www\MyJDShop\Application\Home\Controller\ProductController.class.php 第 25 行.
NOTIC: [8] Undefined index: order E:\PHP\www\MyJDShop\Application\Home\Controller\ProductController.class.php 第 26 行.
NOTIC: [8] Undefined index: brandid E:\PHP\www\MyJDShop\Application\Home\Controller\ProductController.class.php 第 30 行.
SQL: SELECT * FROM `product` WHERE (  typestr like 'style%' ) ORDER BY salesnum desc LIMIT 0,4   [ RunTime:0.0002s ]
SQL: SELECT * FROM `product` WHERE ( state=1 and isdel=1 ) LIMIT 0,3   [ RunTime:0.0002s ]
SQL: SELECT * FROM `productimage` WHERE ( productid=4 ) LIMIT 1   [ RunTime:0.0001s ]
SQL: SELECT * FROM `productimage` WHERE ( productid=5 ) LIMIT 1   [ RunTime:0.0001s ]
SQL: SELECT * FROM `productimage` WHERE ( productid=6 ) LIMIT 1   [ RunTime:0.0001s ]
ERR: 1054:Unknown column 'style' in 'where clause'
 [ SQL语句 ] : SELECT * FROM `brand` WHERE ( typeid=style and isdel=1 ) 
ERR: 1054:Unknown column 'style' in 'where clause'
 [ SQL语句 ] : SELECT * FROM `brand` WHERE ( typeid=style and isdel=1 ) 

[ 2017-07-23T10:20:11+08:00 ] 127.0.0.1 /MyJDShop/index.php/Home/Product/productList/typeid/style/global.css
INFO: [ app_init ] --START--
INFO: Run Behavior\BuildLiteBehavior [ RunTime:0.000010s ]
INFO: [ app_init ] --END-- [ RunTime:0.000362s ]
INFO: [ app_begin ] --START--
INFO: Run Behavior\ReadHtmlCacheBehavior [ RunTime:0.000566s ]
INFO: [ app_begin ] --END-- [ RunTime:0.000606s ]
SQL: SHOW COLUMNS FROM `goodstypes` [ RunTime:0.0027s ]
SQL: SELECT * FROM `goodstypes` WHERE ( fid=0 and isdel=1 )  [ RunTime:0.0002s ]
SQL: SHOW COLUMNS FROM `goodstypes` [ RunTime:0.0026s ]
SQL: SELECT * FROM `goodstypes` WHERE ( fid=0 )  [ RunTime:0.0002s ]
SQL: SELECT * FROM `goodstypes` WHERE ( fid=1 )  [ RunTime:0.0002s ]
SQL: SELECT * FROM `goodstypes` WHERE ( fid=2 )  [ RunTime:0.0002s ]
SQL: SELECT * FROM `goodstypes` WHERE ( fid=33 )  [ RunTime:0.0002s ]
SQL: SELECT * FROM `goodstypes` WHERE ( fid=4 )  [ RunTime:0.0002s ]
SQL: SELECT * FROM `goodstypes` WHERE ( fid=5 )  [ RunTime:0.0002s ]
SQL: SELECT * FROM `goodstypes` WHERE ( fid=10 )  [ RunTime:0.0002s ]
SQL: SELECT * FROM `goodstypes` WHERE ( fid=11 )  [ RunTime:0.0002s ]
SQL: SELECT * FROM `goodstypes` WHERE ( fid=12 )  [ RunTime:0.0002s ]
SQL: SHOW COLUMNS FROM `click` [ RunTime:0.0027s ]
SQL: SHOW COLUMNS FROM `productimage` [ RunTime:0.0025s ]
SQL: SHOW COLUMNS FROM `product` [ RunTime:0.0027s ]
SQL: SELECT * FROM `click` WHERE ( userid=1 ) GROUP BY productid ORDER BY clickid desc LIMIT 5   [ RunTime:0.0003s ]
SQL: SELECT * FROM `productimage` WHERE ( productid=2 ) LIMIT 1   [ RunTime:0.0002s ]
SQL: SELECT `productname` FROM `product` WHERE ( productid=2 ) LIMIT 1   [ RunTime:0.0001s ]
SQL: SELECT * FROM `productimage` WHERE ( productid=9 ) LIMIT 1   [ RunTime:0.0002s ]
SQL: SELECT `productname` FROM `product` WHERE ( productid=9 ) LIMIT 1   [ RunTime:0.0001s ]
SQL: SELECT * FROM `productimage` WHERE ( productid=3 ) LIMIT 1   [ RunTime:0.0002s ]
SQL: SELECT `productname` FROM `product` WHERE ( productid=3 ) LIMIT 1   [ RunTime:0.0001s ]
SQL: SELECT * FROM `productimage` WHERE ( productid=6 ) LIMIT 1   [ RunTime:0.0002s ]
SQL: SELECT `productname` FROM `product` WHERE ( productid=6 ) LIMIT 1   [ RunTime:0.0002s ]
SQL: SELECT * FROM `productimage` WHERE ( productid=5 ) LIMIT 1   [ RunTime:0.0002s ]
SQL: SELECT `productname` FROM `product` WHERE ( productid=5 ) LIMIT 1   [ RunTime:0.0001s ]
SQL: SELECT * FROM `product` WHERE ( state=2 )  [ RunTime:0.0003s ]
SQL: SELECT * FROM `productimage` WHERE ( productid=7 ) LIMIT 1   [ RunTime:0.0001s ]
SQL: SELECT * FROM `productimage` WHERE ( productid=9 ) LIMIT 1   [ RunTime:0.0001s ]
SQL: SHOW COLUMNS FROM `product` [ RunTime:0.0028s ]
SQL: SELECT `productid`,`productname` FROM `product` ORDER BY clicknum desc LIMIT 0,3   [ RunTime:0.0002s ]
SQL: SHOW COLUMNS FROM `cart` [ RunTime:0.0025s ]
SQL: SELECT COUNT(*) AS tp_count FROM `cart` WHERE ( userid=1 ) LIMIT 1   [ RunTime:0.0002s ]
SQL: SHOW COLUMNS FROM `productimage` [ RunTime:0.0027s ]
SQL: SHOW COLUMNS FROM `brand` [ RunTime:0.0026s ]
SQL: SELECT COUNT(*) AS tp_count FROM `product` WHERE ( typestr like '&gt;style&gt;%' ) LIMIT 1   [ RunTime:0.0002s ]
NOTIC: [8] Undefined index: field E:\PHP\www\MyJDShop\Application\Home\Controller\ProductController.class.php 第 25 行.
NOTIC: [8] Undefined index: order E:\PHP\www\MyJDShop\Application\Home\Controller\ProductController.class.php 第 26 行.
NOTIC: [8] Undefined index: brandid E:\PHP\www\MyJDShop\Application\Home\Controller\ProductController.class.php 第 30 行.
SQL: SELECT * FROM `product` WHERE (  typestr like 'style%' ) ORDER BY salesnum desc LIMIT 0,4   [ RunTime:0.0002s ]
SQL: SELECT * FROM `product` WHERE ( state=1 and isdel=1 ) LIMIT 0,3   [ RunTime:0.0003s ]
SQL: SELECT * FROM `productimage` WHERE ( productid=4 ) LIMIT 1   [ RunTime:0.0002s ]
SQL: SELECT * FROM `productimage` WHERE ( productid=5 ) LIMIT 1   [ RunTime:0.0002s ]
SQL: SELECT * FROM `productimage` WHERE ( productid=6 ) LIMIT 1   [ RunTime:0.0002s ]
ERR: 1054:Unknown column 'style' in 'where clause'
 [ SQL语句 ] : SELECT * FROM `brand` WHERE ( typeid=style and isdel=1 ) 
ERR: 1054:Unknown column 'style' in 'where clause'
 [ SQL语句 ] : SELECT * FROM `brand` WHERE ( typeid=style and isdel=1 ) 

[ 2017-07-23T10:20:11+08:00 ] 127.0.0.1 /MyJDShop/index.php/Home/Product/productList/typeid/style/bottomnav.css
INFO: [ app_init ] --START--
INFO: Run Behavior\BuildLiteBehavior [ RunTime:0.000010s ]
INFO: [ app_init ] --END-- [ RunTime:0.000337s ]
INFO: [ app_begin ] --START--
INFO: Run Behavior\ReadHtmlCacheBehavior [ RunTime:0.000500s ]
INFO: [ app_begin ] --END-- [ RunTime:0.000542s ]
SQL: SHOW COLUMNS FROM `goodstypes` [ RunTime:0.0029s ]
SQL: SELECT * FROM `goodstypes` WHERE ( fid=0 and isdel=1 )  [ RunTime:0.0003s ]
SQL: SHOW COLUMNS FROM `goodstypes` [ RunTime:0.0027s ]
SQL: SELECT * FROM `goodstypes` WHERE ( fid=0 )  [ RunTime:0.0002s ]
SQL: SELECT * FROM `goodstypes` WHERE ( fid=1 )  [ RunTime:0.0002s ]
SQL: SELECT * FROM `goodstypes` WHERE ( fid=2 )  [ RunTime:0.0002s ]
SQL: SELECT * FROM `goodstypes` WHERE ( fid=33 )  [ RunTime:0.0002s ]
SQL: SELECT * FROM `goodstypes` WHERE ( fid=4 )  [ RunTime:0.0002s ]
SQL: SELECT * FROM `goodstypes` WHERE ( fid=5 )  [ RunTime:0.0002s ]
SQL: SELECT * FROM `goodstypes` WHERE ( fid=10 )  [ RunTime:0.0002s ]
SQL: SELECT * FROM `goodstypes` WHERE ( fid=11 )  [ RunTime:0.0001s ]
SQL: SELECT * FROM `goodstypes` WHERE ( fid=12 )  [ RunTime:0.0001s ]
SQL: SHOW COLUMNS FROM `click` [ RunTime:0.0029s ]
SQL: SHOW COLUMNS FROM `productimage` [ RunTime:0.0026s ]
SQL: SHOW COLUMNS FROM `product` [ RunTime:0.0028s ]
SQL: SELECT * FROM `click` WHERE ( userid=1 ) GROUP BY productid ORDER BY clickid desc LIMIT 5   [ RunTime:0.0004s ]
SQL: SELECT * FROM `productimage` WHERE ( productid=2 ) LIMIT 1   [ RunTime:0.0002s ]
SQL: SELECT `productname` FROM `product` WHERE ( productid=2 ) LIMIT 1   [ RunTime:0.0001s ]
SQL: SELECT * FROM `productimage` WHERE ( productid=9 ) LIMIT 1   [ RunTime:0.0002s ]
SQL: SELECT `productname` FROM `product` WHERE ( productid=9 ) LIMIT 1   [ RunTime:0.0001s ]
SQL: SELECT * FROM `productimage` WHERE ( productid=3 ) LIMIT 1   [ RunTime:0.0001s ]
SQL: SELECT `productname` FROM `product` WHERE ( productid=3 ) LIMIT 1   [ RunTime:0.0001s ]
SQL: SELECT * FROM `productimage` WHERE ( productid=6 ) LIMIT 1   [ RunTime:0.0001s ]
SQL: SELECT `productname` FROM `product` WHERE ( productid=6 ) LIMIT 1   [ RunTime:0.0001s ]
SQL: SELECT * FROM `productimage` WHERE ( productid=5 ) LIMIT 1   [ RunTime:0.0001s ]
SQL: SELECT `productname` FROM `product` WHERE ( productid=5 ) LIMIT 1   [ RunTime:0.0001s ]
SQL: SELECT * FROM `product` WHERE ( state=2 )  [ RunTime:0.0002s ]
SQL: SELECT * FROM `productimage` WHERE ( productid=7 ) LIMIT 1   [ RunTime:0.0001s ]
SQL: SELECT * FROM `productimage` WHERE ( productid=9 ) LIMIT 1   [ RunTime:0.0001s ]
SQL: SHOW COLUMNS FROM `product` [ RunTime:0.0030s ]
SQL: SELECT `productid`,`productname` FROM `product` ORDER BY clicknum desc LIMIT 0,3   [ RunTime:0.0002s ]
SQL: SHOW COLUMNS FROM `cart` [ RunTime:0.0026s ]
SQL: SELECT COUNT(*) AS tp_count FROM `cart` WHERE ( userid=1 ) LIMIT 1   [ RunTime:0.0002s ]
SQL: SHOW COLUMNS FROM `productimage` [ RunTime:0.0025s ]
SQL: SHOW COLUMNS FROM `brand` [ RunTime:0.0027s ]
SQL: SELECT COUNT(*) AS tp_count FROM `product` WHERE ( typestr like '&gt;style&gt;%' ) LIMIT 1   [ RunTime:0.0002s ]
NOTIC: [8] Undefined index: field E:\PHP\www\MyJDShop\Application\Home\Controller\ProductController.class.php 第 25 行.
NOTIC: [8] Undefined index: order E:\PHP\www\MyJDShop\Application\Home\Controller\ProductController.class.php 第 26 行.
NOTIC: [8] Undefined index: brandid E:\PHP\www\MyJDShop\Application\Home\Controller\ProductController.class.php 第 30 行.
SQL: SELECT * FROM `product` WHERE (  typestr like 'style%' ) ORDER BY salesnum desc LIMIT 0,4   [ RunTime:0.0002s ]
SQL: SELECT * FROM `product` WHERE ( state=1 and isdel=1 ) LIMIT 0,3   [ RunTime:0.0002s ]
SQL: SELECT * FROM `productimage` WHERE ( productid=4 ) LIMIT 1   [ RunTime:0.0001s ]
SQL: SELECT * FROM `productimage` WHERE ( productid=5 ) LIMIT 1   [ RunTime:0.0001s ]
SQL: SELECT * FROM `productimage` WHERE ( productid=6 ) LIMIT 1   [ RunTime:0.0001s ]
ERR: 1054:Unknown column 'style' in 'where clause'
 [ SQL语句 ] : SELECT * FROM `brand` WHERE ( typeid=style and isdel=1 ) 
ERR: 1054:Unknown column 'style' in 'where clause'
 [ SQL语句 ] : SELECT * FROM `brand` WHERE ( typeid=style and isdel=1 ) 

[ 2017-07-23T10:20:11+08:00 ] 127.0.0.1 /MyJDShop/index.php/Home/Product/productList/typeid/style/base.css
INFO: [ app_init ] --START--
INFO: Run Behavior\BuildLiteBehavior [ RunTime:0.000012s ]
INFO: [ app_init ] --END-- [ RunTime:0.000379s ]
INFO: [ app_begin ] --START--
INFO: Run Behavior\ReadHtmlCacheBehavior [ RunTime:0.000521s ]
INFO: [ app_begin ] --END-- [ RunTime:0.000564s ]
SQL: SHOW COLUMNS FROM `goodstypes` [ RunTime:0.0029s ]
SQL: SELECT * FROM `goodstypes` WHERE ( fid=0 and isdel=1 )  [ RunTime:0.0002s ]
SQL: SHOW COLUMNS FROM `goodstypes` [ RunTime:0.0025s ]
SQL: SELECT * FROM `goodstypes` WHERE ( fid=0 )  [ RunTime:0.0002s ]
SQL: SELECT * FROM `goodstypes` WHERE ( fid=1 )  [ RunTime:0.0001s ]
SQL: SELECT * FROM `goodstypes` WHERE ( fid=2 )  [ RunTime:0.0001s ]
SQL: SELECT * FROM `goodstypes` WHERE ( fid=33 )  [ RunTime:0.0002s ]
SQL: SELECT * FROM `goodstypes` WHERE ( fid=4 )  [ RunTime:0.0002s ]
SQL: SELECT * FROM `goodstypes` WHERE ( fid=5 )  [ RunTime:0.0002s ]
SQL: SELECT * FROM `goodstypes` WHERE ( fid=10 )  [ RunTime:0.0001s ]
SQL: SELECT * FROM `goodstypes` WHERE ( fid=11 )  [ RunTime:0.0001s ]
SQL: SELECT * FROM `goodstypes` WHERE ( fid=12 )  [ RunTime:0.0001s ]
SQL: SHOW COLUMNS FROM `click` [ RunTime:0.0026s ]
SQL: SHOW COLUMNS FROM `productimage` [ RunTime:0.0024s ]
SQL: SHOW COLUMNS FROM `product` [ RunTime:0.0026s ]
SQL: SELECT * FROM `click` WHERE ( userid=1 ) GROUP BY productid ORDER BY clickid desc LIMIT 5   [ RunTime:0.0003s ]
SQL: SELECT * FROM `productimage` WHERE ( productid=2 ) LIMIT 1   [ RunTime:0.0001s ]
SQL: SELECT `productname` FROM `product` WHERE ( productid=2 ) LIMIT 1   [ RunTime:0.0001s ]
SQL: SELECT * FROM `productimage` WHERE ( productid=9 ) LIMIT 1   [ RunTime:0.0001s ]
SQL: SELECT `productname` FROM `product` WHERE ( productid=9 ) LIMIT 1   [ RunTime:0.0001s ]
SQL: SELECT * FROM `productimage` WHERE ( productid=3 ) LIMIT 1   [ RunTime:0.0001s ]
SQL: SELECT `productname` FROM `product` WHERE ( productid=3 ) LIMIT 1   [ RunTime:0.0001s ]
SQL: SELECT * FROM `productimage` WHERE ( productid=6 ) LIMIT 1   [ RunTime:0.0001s ]
SQL: SELECT `productname` FROM `product` WHERE ( productid=6 ) LIMIT 1   [ RunTime:0.0001s ]
SQL: SELECT * FROM `productimage` WHERE ( productid=5 ) LIMIT 1   [ RunTime:0.0001s ]
SQL: SELECT `productname` FROM `product` WHERE ( productid=5 ) LIMIT 1   [ RunTime:0.0001s ]
SQL: SELECT * FROM `product` WHERE ( state=2 )  [ RunTime:0.0002s ]
SQL: SELECT * FROM `productimage` WHERE ( productid=7 ) LIMIT 1   [ RunTime:0.0001s ]
SQL: SELECT * FROM `productimage` WHERE ( productid=9 ) LIMIT 1   [ RunTime:0.0001s ]
SQL: SHOW COLUMNS FROM `product` [ RunTime:0.0028s ]
SQL: SELECT `productid`,`productname` FROM `product` ORDER BY clicknum desc LIMIT 0,3   [ RunTime:0.0002s ]
SQL: SHOW COLUMNS FROM `cart` [ RunTime:0.0025s ]
SQL: SELECT COUNT(*) AS tp_count FROM `cart` WHERE ( userid=1 ) LIMIT 1   [ RunTime:0.0001s ]
SQL: SHOW COLUMNS FROM `productimage` [ RunTime:0.0023s ]
SQL: SHOW COLUMNS FROM `brand` [ RunTime:0.0024s ]
SQL: SELECT COUNT(*) AS tp_count FROM `product` WHERE ( typestr like '&gt;style&gt;%' ) LIMIT 1   [ RunTime:0.0001s ]
NOTIC: [8] Undefined index: field E:\PHP\www\MyJDShop\Application\Home\Controller\ProductController.class.php 第 25 行.
NOTIC: [8] Undefined index: order E:\PHP\www\MyJDShop\Application\Home\Controller\ProductController.class.php 第 26 行.
NOTIC: [8] Undefined index: brandid E:\PHP\www\MyJDShop\Application\Home\Controller\ProductController.class.php 第 30 行.
SQL: SELECT * FROM `product` WHERE (  typestr like 'style%' ) ORDER BY salesnum desc LIMIT 0,4   [ RunTime:0.0002s ]
SQL: SELECT * FROM `product` WHERE ( state=1 and isdel=1 ) LIMIT 0,3   [ RunTime:0.0002s ]
SQL: SELECT * FROM `productimage` WHERE ( productid=4 ) LIMIT 1   [ RunTime:0.0001s ]
SQL: SELECT * FROM `productimage` WHERE ( productid=5 ) LIMIT 1   [ RunTime:0.0001s ]
SQL: SELECT * FROM `productimage` WHERE ( productid=6 ) LIMIT 1   [ RunTime:0.0001s ]
ERR: 1054:Unknown column 'style' in 'where clause'
 [ SQL语句 ] : SELECT * FROM `brand` WHERE ( typeid=style and isdel=1 ) 
ERR: 1054:Unknown column 'style' in 'where clause'
 [ SQL语句 ] : SELECT * FROM `brand` WHERE ( typeid=style and isdel=1 ) 

[ 2017-07-23T10:20:11+08:00 ] 127.0.0.1 /MyJDShop/index.php/Home/Product/productList/typeid/style/global.css
INFO: [ app_init ] --START--
INFO: Run Behavior\BuildLiteBehavior [ RunTime:0.000010s ]
INFO: [ app_init ] --END-- [ RunTime:0.000335s ]
INFO: [ app_begin ] --START--
INFO: Run Behavior\ReadHtmlCacheBehavior [ RunTime:0.000494s ]
INFO: [ app_begin ] --END-- [ RunTime:0.000534s ]
SQL: SHOW COLUMNS FROM `goodstypes` [ RunTime:0.0026s ]
SQL: SELECT * FROM `goodstypes` WHERE ( fid=0 and isdel=1 )  [ RunTime:0.0002s ]
SQL: SHOW COLUMNS FROM `goodstypes` [ RunTime:0.0025s ]
SQL: SELECT * FROM `goodstypes` WHERE ( fid=0 )  [ RunTime:0.0003s ]
SQL: SELECT * FROM `goodstypes` WHERE ( fid=1 )  [ RunTime:0.0002s ]
SQL: SELECT * FROM `goodstypes` WHERE ( fid=2 )  [ RunTime:0.0002s ]
SQL: SELECT * FROM `goodstypes` WHERE ( fid=33 )  [ RunTime:0.0001s ]
SQL: SELECT * FROM `goodstypes` WHERE ( fid=4 )  [ RunTime:0.0001s ]
SQL: SELECT * FROM `goodstypes` WHERE ( fid=5 )  [ RunTime:0.0001s ]
SQL: SELECT * FROM `goodstypes` WHERE ( fid=10 )  [ RunTime:0.0001s ]
SQL: SELECT * FROM `goodstypes` WHERE ( fid=11 )  [ RunTime:0.0001s ]
SQL: SELECT * FROM `goodstypes` WHERE ( fid=12 )  [ RunTime:0.0001s ]
SQL: SHOW COLUMNS FROM `click` [ RunTime:0.0026s ]
SQL: SHOW COLUMNS FROM `productimage` [ RunTime:0.0024s ]
SQL: SHOW COLUMNS FROM `product` [ RunTime:0.0028s ]
SQL: SELECT * FROM `click` WHERE ( userid=1 ) GROUP BY productid ORDER BY clickid desc LIMIT 5   [ RunTime:0.0003s ]
SQL: SELECT * FROM `productimage` WHERE ( productid=2 ) LIMIT 1   [ RunTime:0.0001s ]
SQL: SELECT `productname` FROM `product` WHERE ( productid=2 ) LIMIT 1   [ RunTime:0.0001s ]
SQL: SELECT * FROM `productimage` WHERE ( productid=9 ) LIMIT 1   [ RunTime:0.0002s ]
SQL: SELECT `productname` FROM `product` WHERE ( productid=9 ) LIMIT 1   [ RunTime:0.0001s ]
SQL: SELECT * FROM `productimage` WHERE ( productid=3 ) LIMIT 1   [ RunTime:0.0001s ]
SQL: SELECT `productname` FROM `product` WHERE ( productid=3 ) LIMIT 1   [ RunTime:0.0001s ]
SQL: SELECT * FROM `productimage` WHERE ( productid=6 ) LIMIT 1   [ RunTime:0.0002s ]
SQL: SELECT `productname` FROM `product` WHERE ( productid=6 ) LIMIT 1   [ RunTime:0.0001s ]
SQL: SELECT * FROM `productimage` WHERE ( productid=5 ) LIMIT 1   [ RunTime:0.0001s ]
SQL: SELECT `productname` FROM `product` WHERE ( productid=5 ) LIMIT 1   [ RunTime:0.0001s ]
SQL: SELECT * FROM `product` WHERE ( state=2 )  [ RunTime:0.0003s ]
SQL: SELECT * FROM `productimage` WHERE ( productid=7 ) LIMIT 1   [ RunTime:0.0002s ]
SQL: SELECT * FROM `productimage` WHERE ( productid=9 ) LIMIT 1   [ RunTime:0.0002s ]
SQL: SHOW COLUMNS FROM `product` [ RunTime:0.0029s ]
SQL: SELECT `productid`,`productname` FROM `product` ORDER BY clicknum desc LIMIT 0,3   [ RunTime:0.0002s ]
SQL: SHOW COLUMNS FROM `cart` [ RunTime:0.0026s ]
SQL: SELECT COUNT(*) AS tp_count FROM `cart` WHERE ( userid=1 ) LIMIT 1   [ RunTime:0.0001s ]
SQL: SHOW COLUMNS FROM `productimage` [ RunTime:0.0024s ]
SQL: SHOW COLUMNS FROM `brand` [ RunTime:0.0031s ]
SQL: SELECT COUNT(*) AS tp_count FROM `product` WHERE ( typestr like '&gt;style&gt;%' ) LIMIT 1   [ RunTime:0.0002s ]
NOTIC: [8] Undefined index: field E:\PHP\www\MyJDShop\Application\Home\Controller\ProductController.class.php 第 25 行.
NOTIC: [8] Undefined index: order E:\PHP\www\MyJDShop\Application\Home\Controller\ProductController.class.php 第 26 行.
NOTIC: [8] Undefined index: brandid E:\PHP\www\MyJDShop\Application\Home\Controller\ProductController.class.php 第 30 行.
SQL: SELECT * FROM `product` WHERE (  typestr like 'style%' ) ORDER BY salesnum desc LIMIT 0,4   [ RunTime:0.0002s ]
SQL: SELECT * FROM `product` WHERE ( state=1 and isdel=1 ) LIMIT 0,3   [ RunTime:0.0002s ]
SQL: SELECT * FROM `productimage` WHERE ( productid=4 ) LIMIT 1   [ RunTime:0.0001s ]
SQL: SELECT * FROM `productimage` WHERE ( productid=5 ) LIMIT 1   [ RunTime:0.0001s ]
SQL: SELECT * FROM `productimage` WHERE ( productid=6 ) LIMIT 1   [ RunTime:0.0001s ]
ERR: 1054:Unknown column 'style' in 'where clause'
 [ SQL语句 ] : SELECT * FROM `brand` WHERE ( typeid=style and isdel=1 ) 
ERR: 1054:Unknown column 'style' in 'where clause'
 [ SQL语句 ] : SELECT * FROM `brand` WHERE ( typeid=style and isdel=1 ) 

[ 2017-07-23T10:21:21+08:00 ] 127.0.0.1 /MyJDShop/index.php/Home/Index/index
INFO: [ app_init ] --START--
INFO: Run Behavior\BuildLiteBehavior [ RunTime:0.000015s ]
INFO: [ app_init ] --END-- [ RunTime:0.000563s ]
INFO: [ app_begin ] --START--
INFO: Run Behavior\ReadHtmlCacheBehavior [ RunTime:0.000865s ]
INFO: [ app_begin ] --END-- [ RunTime:0.000928s ]
SQL: SHOW COLUMNS FROM `goodstypes` [ RunTime:0.0036s ]
SQL: SELECT * FROM `goodstypes` WHERE ( fid=0 and isdel=1 )  [ RunTime:0.0003s ]
SQL: SHOW COLUMNS FROM `goodstypes` [ RunTime:0.0034s ]
SQL: SELECT * FROM `goodstypes` WHERE ( fid=0 )  [ RunTime:0.0003s ]
SQL: SELECT * FROM `goodstypes` WHERE ( fid=1 )  [ RunTime:0.0002s ]
SQL: SELECT * FROM `goodstypes` WHERE ( fid=2 )  [ RunTime:0.0002s ]
SQL: SELECT * FROM `goodstypes` WHERE ( fid=33 )  [ RunTime:0.0002s ]
SQL: SELECT * FROM `goodstypes` WHERE ( fid=4 )  [ RunTime:0.0002s ]
SQL: SELECT * FROM `goodstypes` WHERE ( fid=5 )  [ RunTime:0.0002s ]
SQL: SELECT * FROM `goodstypes` WHERE ( fid=10 )  [ RunTime:0.0002s ]
SQL: SELECT * FROM `goodstypes` WHERE ( fid=11 )  [ RunTime:0.0002s ]
SQL: SELECT * FROM `goodstypes` WHERE ( fid=12 )  [ RunTime:0.0002s ]
NOTIC: [8] Undefined index: typeid E:\PHP\www\MyJDShop\Application\Home\Controller\HomeController.class.php 第 16 行.
NOTIC: [8] Undefined index: typeid E:\PHP\www\MyJDShop\Application\Home\Controller\HomeController.class.php 第 18 行.
NOTIC: [8] Undefined index: typeid E:\PHP\www\MyJDShop\Application\Home\Controller\HomeController.class.php 第 19 行.
SQL: SHOW COLUMNS FROM `click` [ RunTime:0.0039s ]
SQL: SHOW COLUMNS FROM `productimage` [ RunTime:0.0029s ]
SQL: SHOW COLUMNS FROM `product` [ RunTime:0.0033s ]
SQL: SELECT * FROM `click` WHERE ( userid=1 ) GROUP BY productid ORDER BY clickid desc LIMIT 5   [ RunTime:0.0004s ]
SQL: SELECT * FROM `productimage` WHERE ( productid=2 ) LIMIT 1   [ RunTime:0.0002s ]
SQL: SELECT `productname` FROM `product` WHERE ( productid=2 ) LIMIT 1   [ RunTime:0.0002s ]
SQL: SELECT * FROM `productimage` WHERE ( productid=9 ) LIMIT 1   [ RunTime:0.0002s ]
SQL: SELECT `productname` FROM `product` WHERE ( productid=9 ) LIMIT 1   [ RunTime:0.0002s ]
SQL: SELECT * FROM `productimage` WHERE ( productid=3 ) LIMIT 1   [ RunTime:0.0002s ]
SQL: SELECT `productname` FROM `product` WHERE ( productid=3 ) LIMIT 1   [ RunTime:0.0002s ]
SQL: SELECT * FROM `productimage` WHERE ( productid=6 ) LIMIT 1   [ RunTime:0.0002s ]
SQL: SELECT `productname` FROM `product` WHERE ( productid=6 ) LIMIT 1   [ RunTime:0.0002s ]
SQL: SELECT * FROM `productimage` WHERE ( productid=5 ) LIMIT 1   [ RunTime:0.0002s ]
SQL: SELECT `productname` FROM `product` WHERE ( productid=5 ) LIMIT 1   [ RunTime:0.0002s ]
SQL: SELECT * FROM `product` WHERE ( state=2 )  [ RunTime:0.0003s ]
SQL: SELECT * FROM `productimage` WHERE ( productid=7 ) LIMIT 1   [ RunTime:0.0002s ]
SQL: SELECT * FROM `productimage` WHERE ( productid=9 ) LIMIT 1   [ RunTime:0.0002s ]
SQL: SHOW COLUMNS FROM `product` [ RunTime:0.0036s ]
SQL: SELECT `productid`,`productname` FROM `product` ORDER BY clicknum desc LIMIT 0,3   [ RunTime:0.0002s ]
SQL: SHOW COLUMNS FROM `cart` [ RunTime:0.0030s ]
SQL: SELECT COUNT(*) AS tp_count FROM `cart` WHERE ( userid=1 ) LIMIT 1   [ RunTime:0.0002s ]
INFO: [ view_parse ] --START--
INFO: [ template_filter ] --START--
INFO: Run Behavior\ContentReplaceBehavior [ RunTime:0.000160s ]
INFO: [ template_filter ] --END-- [ RunTime:0.000205s ]
NOTIC: [8] Undefined index: procutname E:\PHP\www\MyJDShop\Application\Runtime\Cache\Home\2a94b8bda04ff446dcedd42276fc99ee.php 第 112 行.
NOTIC: [8] Undefined index: procutname E:\PHP\www\MyJDShop\Application\Runtime\Cache\Home\2a94b8bda04ff446dcedd42276fc99ee.php 第 112 行.
NOTIC: [8] Undefined index: procutname E:\PHP\www\MyJDShop\Application\Runtime\Cache\Home\2a94b8bda04ff446dcedd42276fc99ee.php 第 112 行.
NOTIC: [8] Undefined index: procutname E:\PHP\www\MyJDShop\Application\Runtime\Cache\Home\2a94b8bda04ff446dcedd42276fc99ee.php 第 112 行.
NOTIC: [8] Undefined index: procutname E:\PHP\www\MyJDShop\Application\Runtime\Cache\Home\2a94b8bda04ff446dcedd42276fc99ee.php 第 112 行.
INFO: Run Behavior\ParseTemplateBehavior [ RunTime:0.017820s ]
INFO: [ view_parse ] --END-- [ RunTime:0.017860s ]
INFO: [ view_filter ] --START--
INFO: Run Behavior\WriteHtmlCacheBehavior [ RunTime:0.000368s ]
INFO: [ view_filter ] --END-- [ RunTime:0.000402s ]
INFO: [ app_end ] --START--
INFO: Run Behavior\ShowPageTraceBehavior [ RunTime:0.000638s ]
INFO: [ app_end ] --END-- [ RunTime:0.000675s ]

